Using pre-set license
Built from 'HEAD' branch; Version is '2021.3.16f1c1 (56dbfdd6697f) revision 5692413'; Using compiler version '192829333'; Build Type 'Release'
OS: 'Windows 11  (10.0.22621) 64bit CoreCountrySpecific' Language: 'zh' Physical Memory: 32448 MB
BatchMode: 1, IsHumanControllingUs: 0, StartBugReporterOnCrash: 0, Is64bit: 1, IsPro: 1

COMMAND LINE ARGUMENTS:
D:\UnityEditor\2021.3.16f1c1\Editor\Unity.exe
-adb2
-batchMode
-noUpm
-name
AssetImportWorker0
-projectPath
D:/MSClub
-logFile
Logs/AssetImportWorker0.log
-srvPort
4699
Successfully changed project path to: D:/MSClub
D:/MSClub
[UnityMemory] Configuration Parameters - Can be set up in boot.config
    "memorysetup-bucket-allocator-granularity=16"
    "memorysetup-bucket-allocator-bucket-count=8"
    "memorysetup-bucket-allocator-block-size=33554432"
    "memorysetup-bucket-allocator-block-count=8"
    "memorysetup-main-allocator-block-size=16777216"
    "memorysetup-thread-allocator-block-size=16777216"
    "memorysetup-gfx-main-allocator-block-size=16777216"
    "memorysetup-gfx-thread-allocator-block-size=16777216"
    "memorysetup-cache-allocator-block-size=4194304"
    "memorysetup-typetree-allocator-block-size=2097152"
    "memorysetup-profiler-bucket-allocator-granularity=16"
    "memorysetup-profiler-bucket-allocator-bucket-count=8"
    "memorysetup-profiler-bucket-allocator-block-size=33554432"
    "memorysetup-profiler-bucket-allocator-block-count=8"
    "memorysetup-profiler-allocator-block-size=16777216"
    "memorysetup-profiler-editor-allocator-block-size=1048576"
    "memorysetup-temp-allocator-size-main=16777216"
    "memorysetup-job-temp-allocator-block-size=2097152"
    "memorysetup-job-temp-allocator-block-size-background=1048576"
    "memorysetup-job-temp-allocator-reduction-small-platforms=262144"
    "memorysetup-temp-allocator-size-background-worker=32768"
    "memorysetup-temp-allocator-size-job-worker=262144"
    "memorysetup-temp-allocator-size-preload-manager=33554432"
    "memorysetup-temp-allocator-size-nav-mesh-worker=65536"
    "memorysetup-temp-allocator-size-audio-worker=65536"
    "memorysetup-temp-allocator-size-cloud-worker=32768"
    "memorysetup-temp-allocator-size-gi-baking-worker=262144"
    "memorysetup-temp-allocator-size-gfx=262144"
Player connection [45792] Host "[IP] 192.168.2.30 [Port] 0 [Flags] 2 [Guid] 887852545 [EditorId] 887852545 [Version] 1048832 [Id] WindowsEditor(7,MS02) [Debug] 1 [PackageName] WindowsEditor [ProjectName] Editor" joined multi-casting on [225.0.0.222:54997]...

Player connection [45792] Host "[IP] 192.168.2.30 [Port] 0 [Flags] 2 [Guid] 887852545 [EditorId] 887852545 [Version] 1048832 [Id] WindowsEditor(7,MS02) [Debug] 1 [PackageName] WindowsEditor [ProjectName] Editor" joined alternative multi-casting on [225.0.0.222:34997]...

AS: AutoStreaming module initializing.
Refreshing native plugins compatible for Editor in 199.67 ms, found 3 plugins.
Preloading 0 native plugins for Editor in 0.00 ms.
Initialize engine version: 2021.3.16f1c1 (56dbfdd6697f)
[Subsystems] Discovering subsystems at path D:/UnityEditor/2021.3.16f1c1/Editor/Data/Resources/UnitySubsystems
[Subsystems] Discovering subsystems at path D:/MSClub/Assets
GfxDevice: creating device client; threaded=0; jobified=0
Direct3D:
    Version:  Direct3D 11.0 [level 11.1]
    Renderer: NVIDIA GeForce RTX 4060 Laptop GPU (ID=0x28e0)
    Vendor:   NVIDIA
    VRAM:     7971 MB
    Driver:   31.0.15.3152
Shader 'Custom/CloudShader': fallback shader 'Particles/VertexLit' not found
Initialize mono
Mono path[0] = 'D:/UnityEditor/2021.3.16f1c1/Editor/Data/Managed'
Mono path[1] = 'D:/UnityEditor/2021.3.16f1c1/Editor/Data/MonoBleedingEdge/lib/mono/unityjit-win32'
Mono config path = 'D:/UnityEditor/2021.3.16f1c1/Editor/Data/MonoBleedingEdge/etc'
Using monoOptions --debugger-agent=transport=dt_socket,embedding=1,server=y,suspend=n,address=127.0.0.1:56536
Begin MonoManager ReloadAssembly
Registering precompiled unity dll's ...
Register platform support module: D:/UnityEditor/2021.3.16f1c1/Editor/Data/PlaybackEngines/WindowsStandaloneSupport/UnityEditor.WindowsStandalone.Extensions.dll
Register platform support module: D:/UnityEditor/2021.3.16f1c1/Editor/Data/PlaybackEngines/MetroSupport/UnityEditor.UWP.Extensions.dll
Registered in 0.002873 seconds.
Native extension for UWP target not found
Native extension for WindowsStandalone target not found
Refreshing native plugins compatible for Editor in 184.77 ms, found 3 plugins.
Preloading 0 native plugins for Editor in 0.00 ms.
Mono: successfully reloaded assembly
- Completed reload, in  0.552 seconds
Domain Reload Profiling:
	ReloadAssembly (552ms)
		BeginReloadAssembly (60ms)
			ExecutionOrderSort (0ms)
			DisableScriptedObjects (0ms)
			BackupInstance (0ms)
			ReleaseScriptingObjects (0ms)
			CreateAndSetChildDomain (0ms)
		EndReloadAssembly (414ms)
			LoadAssemblies (56ms)
			RebuildTransferFunctionScriptingTraits (0ms)
			SetupTypeCache (61ms)
			ReleaseScriptCaches (0ms)
			RebuildScriptCaches (16ms)
			SetupLoadedEditorAssemblies (296ms)
				LogAssemblyErrors (0ms)
				InitializePlatformSupportModulesInManaged (5ms)
				SetLoadedEditorAssemblies (0ms)
				RefreshPlugins (185ms)
				BeforeProcessingInitializeOnLoad (1ms)
				ProcessInitializeOnLoadAttributes (75ms)
				ProcessInitializeOnLoadMethodAttributes (30ms)
				AfterProcessingInitializeOnLoad (0ms)
				EditorAssembliesLoaded (0ms)
			ExecutionOrderSort2 (0ms)
			AwakeInstancesAfterBackupRestoration (0ms)
Platform modules already initialized, skipping
Registering precompiled user dll's ...
Registered in 0.013376 seconds.
Begin MonoManager ReloadAssembly
Symbol file LoadedFromMemory doesn't match image D:\MSClub\Library\PackageCache\com.unity.visualscripting@1.7.8\Editor\VisualScripting.Core\Dependencies\YamlDotNet\Unity.VisualScripting.YamlDotNet.dll
Symbol file LoadedFromMemory doesn't match image D:\MSClub\Library\PackageCache\com.unity.visualscripting@1.7.8\Editor\VisualScripting.Core\Dependencies\DotNetZip\Unity.VisualScripting.IonicZip.dll
Native extension for UWP target not found
Native extension for WindowsStandalone target not found
Refreshing native plugins compatible for Editor in 199.59 ms, found 3 plugins.
Preloading 0 native plugins for Editor in 0.00 ms.
Mono: successfully reloaded assembly
- Completed reload, in  1.281 seconds
Domain Reload Profiling:
	ReloadAssembly (1281ms)
		BeginReloadAssembly (92ms)
			ExecutionOrderSort (0ms)
			DisableScriptedObjects (4ms)
			BackupInstance (0ms)
			ReleaseScriptingObjects (0ms)
			CreateAndSetChildDomain (18ms)
		EndReloadAssembly (1107ms)
			LoadAssemblies (85ms)
			RebuildTransferFunctionScriptingTraits (0ms)
			SetupTypeCache (197ms)
			ReleaseScriptCaches (1ms)
			RebuildScriptCaches (39ms)
			SetupLoadedEditorAssemblies (754ms)
				LogAssemblyErrors (0ms)
				InitializePlatformSupportModulesInManaged (3ms)
				SetLoadedEditorAssemblies (0ms)
				RefreshPlugins (200ms)
				BeforeProcessingInitializeOnLoad (80ms)
				ProcessInitializeOnLoadAttributes (410ms)
				ProcessInitializeOnLoadMethodAttributes (51ms)
				AfterProcessingInitializeOnLoad (9ms)
				EditorAssembliesLoaded (0ms)
			ExecutionOrderSort2 (0ms)
			AwakeInstancesAfterBackupRestoration (6ms)
Platform modules already initialized, skipping
========================================================================
Worker process is ready to serve import requests
Shader 'Custom/CloudShader': fallback shader 'Particles/VertexLit' not found
Launched and connected shader compiler UnityShaderCompiler.exe after 0.07 seconds
Refreshing native plugins compatible for Editor in 3.53 ms, found 3 plugins.
Preloading 0 native plugins for Editor in 0.00 ms.
Unloading 5855 Unused Serialized files (Serialized files now loaded: 0)
Unloading 49 unused Assets / (2.2 MB). Loaded Objects now: 6304.
Memory consumption went from 290.9 MB to 288.6 MB.
Total: 3.945600 ms (FindLiveObjects: 0.453000 ms CreateObjectMapping: 0.283700 ms MarkObjects: 2.596700 ms  DeleteObjects: 0.610700 ms)

AssetImportParameters requested are different than current active one (requested -> active):
  custom:video-decoder-ogg-theora: a1e56fd34408186e4bbccfd4996cb3dc -> 
  custom:container-muxer-webm: aa71ff27fc2769a1b78a27578f13a17b -> 
  custom:container-demuxer-webm: 4f35f7cbe854078d1ac9338744f61a02 -> 
  custom:video-encoder-webm-vp8: eb34c28f22e8b96e1ab97ce403110664 -> 
  custom:video-codec-MediaFoundation-h265: 746d11721c4dcdbdad8f713fa42b33f4 -> 
  custom:audio-encoder-webm-vorbis: bf7c407c2cedff20999df2af8eb42d56 -> 
  custom:framework-win-MediaFoundation: 216162199b28c13a410421893ffa2e32 -> 
  custom:container-demuxer-ogg: 62fdf1f143b41e24485cea50d1cbac27 -> 
  custom:video-decoder-webm-vp8: 9c59270c3fd7afecdb556c50c9e8de78 -> 
  custom:audio-decoder-ogg-vorbis: bf7c407c2cedff20999df2af8eb42d56 -> 
========================================================================
Received Import Request.
  Time since last request: 85939.954450 seconds.
  path: Assets/Prefabs/line.prefab
  artifactKey: Guid(43176f7fec32b16408deea1391efd0fa) Importer(815301076,1909f56bfc062723c751e8b465ee728b)
Start importing Assets/Prefabs/line.prefab using Guid(43176f7fec32b16408deea1391efd0fa) Importer(815301076,1909f56bfc062723c751e8b465ee728b)  -> (artifact id: 'b84887f7483e98726c6e243af7c6d12f') in 0.088315 seconds 
========================================================================
Received Prepare
Registering precompiled user dll's ...
Registered in 0.016610 seconds.
Begin MonoManager ReloadAssembly
Symbol file LoadedFromMemory doesn't match image D:\MSClub\Library\PackageCache\com.unity.visualscripting@1.7.8\Editor\VisualScripting.Core\Dependencies\YamlDotNet\Unity.VisualScripting.YamlDotNet.dll
Symbol file LoadedFromMemory doesn't match image D:\MSClub\Library\PackageCache\com.unity.visualscripting@1.7.8\Editor\VisualScripting.Core\Dependencies\DotNetZip\Unity.VisualScripting.IonicZip.dll
Native extension for UWP target not found
Native extension for WindowsStandalone target not found
Refreshing native plugins compatible for Editor in 3.55 ms, found 3 plugins.
Preloading 0 native plugins for Editor in 0.00 ms.
Mono: successfully reloaded assembly
- Completed reload, in  1.072 seconds
Domain Reload Profiling:
	ReloadAssembly (1072ms)
		BeginReloadAssembly (142ms)
			ExecutionOrderSort (0ms)
			DisableScriptedObjects (3ms)
			BackupInstance (0ms)
			ReleaseScriptingObjects (0ms)
			CreateAndSetChildDomain (37ms)
		EndReloadAssembly (853ms)
			LoadAssemblies (106ms)
			RebuildTransferFunctionScriptingTraits (0ms)
			SetupTypeCache (198ms)
			ReleaseScriptCaches (2ms)
			RebuildScriptCaches (33ms)
			SetupLoadedEditorAssemblies (494ms)
				LogAssemblyErrors (0ms)
				InitializePlatformSupportModulesInManaged (9ms)
				SetLoadedEditorAssemblies (0ms)
				RefreshPlugins (4ms)
				BeforeProcessingInitializeOnLoad (59ms)
				ProcessInitializeOnLoadAttributes (354ms)
				ProcessInitializeOnLoadMethodAttributes (57ms)
				AfterProcessingInitializeOnLoad (10ms)
				EditorAssembliesLoaded (0ms)
			ExecutionOrderSort2 (0ms)
			AwakeInstancesAfterBackupRestoration (7ms)
Platform modules already initialized, skipping
Shader 'Custom/CloudShader': fallback shader 'Particles/VertexLit' not found
Refreshing native plugins compatible for Editor in 5.10 ms, found 3 plugins.
Preloading 0 native plugins for Editor in 0.00 ms.
Unloading 5738 Unused Serialized files (Serialized files now loaded: 0)
Unloading 47 unused Assets / (4.2 MB). Loaded Objects now: 6377.
Memory consumption went from 288.8 MB to 284.6 MB.
Total: 4.036600 ms (FindLiveObjects: 0.393900 ms CreateObjectMapping: 0.085000 ms MarkObjects: 2.546100 ms  DeleteObjects: 1.010300 ms)

AssetImportParameters requested are different than current active one (requested -> active):
  custom:video-decoder-ogg-theora: a1e56fd34408186e4bbccfd4996cb3dc -> 
  custom:container-muxer-webm: aa71ff27fc2769a1b78a27578f13a17b -> 
  custom:container-demuxer-webm: 4f35f7cbe854078d1ac9338744f61a02 -> 
  custom:video-encoder-webm-vp8: eb34c28f22e8b96e1ab97ce403110664 -> 
  custom:video-codec-MediaFoundation-h265: 746d11721c4dcdbdad8f713fa42b33f4 -> 
  custom:audio-encoder-webm-vorbis: bf7c407c2cedff20999df2af8eb42d56 -> 
  custom:framework-win-MediaFoundation: 216162199b28c13a410421893ffa2e32 -> 
  custom:container-demuxer-ogg: 62fdf1f143b41e24485cea50d1cbac27 -> 
  custom:video-decoder-webm-vp8: 9c59270c3fd7afecdb556c50c9e8de78 -> 
  custom:audio-decoder-ogg-vorbis: bf7c407c2cedff20999df2af8eb42d56 -> 
========================================================================
Received Prepare
Registering precompiled user dll's ...
Registered in 0.012434 seconds.
Begin MonoManager ReloadAssembly
Symbol file LoadedFromMemory doesn't match image D:\MSClub\Library\PackageCache\com.unity.visualscripting@1.7.8\Editor\VisualScripting.Core\Dependencies\YamlDotNet\Unity.VisualScripting.YamlDotNet.dll
Symbol file LoadedFromMemory doesn't match image D:\MSClub\Library\PackageCache\com.unity.visualscripting@1.7.8\Editor\VisualScripting.Core\Dependencies\DotNetZip\Unity.VisualScripting.IonicZip.dll
Native extension for UWP target not found
Native extension for WindowsStandalone target not found
Refreshing native plugins compatible for Editor in 3.86 ms, found 3 plugins.
Preloading 0 native plugins for Editor in 0.00 ms.
Mono: successfully reloaded assembly
- Completed reload, in  1.055 seconds
Domain Reload Profiling:
	ReloadAssembly (1056ms)
		BeginReloadAssembly (126ms)
			ExecutionOrderSort (0ms)
			DisableScriptedObjects (3ms)
			BackupInstance (0ms)
			ReleaseScriptingObjects (0ms)
			CreateAndSetChildDomain (39ms)
		EndReloadAssembly (853ms)
			LoadAssemblies (94ms)
			RebuildTransferFunctionScriptingTraits (0ms)
			SetupTypeCache (183ms)
			ReleaseScriptCaches (2ms)
			RebuildScriptCaches (30ms)
			SetupLoadedEditorAssemblies (511ms)
				LogAssemblyErrors (0ms)
				InitializePlatformSupportModulesInManaged (9ms)
				SetLoadedEditorAssemblies (0ms)
				RefreshPlugins (4ms)
				BeforeProcessingInitializeOnLoad (64ms)
				ProcessInitializeOnLoadAttributes (362ms)
				ProcessInitializeOnLoadMethodAttributes (59ms)
				AfterProcessingInitializeOnLoad (11ms)
				EditorAssembliesLoaded (0ms)
			ExecutionOrderSort2 (0ms)
			AwakeInstancesAfterBackupRestoration (7ms)
Platform modules already initialized, skipping
Shader 'Custom/CloudShader': fallback shader 'Particles/VertexLit' not found
Refreshing native plugins compatible for Editor in 4.85 ms, found 3 plugins.
Preloading 0 native plugins for Editor in 0.00 ms.
Unloading 5738 Unused Serialized files (Serialized files now loaded: 0)
Unloading 47 unused Assets / (4.3 MB). Loaded Objects now: 6380.
Memory consumption went from 288.8 MB to 284.6 MB.
Total: 4.212100 ms (FindLiveObjects: 0.533800 ms CreateObjectMapping: 0.297400 ms MarkObjects: 2.390000 ms  DeleteObjects: 0.989800 ms)

AssetImportParameters requested are different than current active one (requested -> active):
  custom:video-decoder-ogg-theora: a1e56fd34408186e4bbccfd4996cb3dc -> 
  custom:container-muxer-webm: aa71ff27fc2769a1b78a27578f13a17b -> 
  custom:container-demuxer-webm: 4f35f7cbe854078d1ac9338744f61a02 -> 
  custom:video-encoder-webm-vp8: eb34c28f22e8b96e1ab97ce403110664 -> 
  custom:video-codec-MediaFoundation-h265: 746d11721c4dcdbdad8f713fa42b33f4 -> 
  custom:audio-encoder-webm-vorbis: bf7c407c2cedff20999df2af8eb42d56 -> 
  custom:framework-win-MediaFoundation: 216162199b28c13a410421893ffa2e32 -> 
  custom:container-demuxer-ogg: 62fdf1f143b41e24485cea50d1cbac27 -> 
  custom:video-decoder-webm-vp8: 9c59270c3fd7afecdb556c50c9e8de78 -> 
  custom:audio-decoder-ogg-vorbis: bf7c407c2cedff20999df2af8eb42d56 -> 
========================================================================
Received Import Request.
  Time since last request: 698.417520 seconds.
  path: Assets/Extra/Fabgrid/Prefabs
  artifactKey: Guid(ca68fa8b783ca8649b273bc0690c8b00) Importer(815301076,1909f56bfc062723c751e8b465ee728b)
Start importing Assets/Extra/Fabgrid/Prefabs using Guid(ca68fa8b783ca8649b273bc0690c8b00) Importer(815301076,1909f56bfc062723c751e8b465ee728b)  -> (artifact id: '6259c0cf2eca8dac921109bd724127c8') in 0.009320 seconds 
========================================================================
Received Import Request.
  Time since last request: 0.033079 seconds.
  path: Assets/Extra/Fabgrid/Prefabs/Sphere.prefab
  artifactKey: Guid(888a4b6c25fd97c448ccc3d9e6d1942e) Importer(815301076,1909f56bfc062723c751e8b465ee728b)
Start importing Assets/Extra/Fabgrid/Prefabs/Sphere.prefab using Guid(888a4b6c25fd97c448ccc3d9e6d1942e) Importer(815301076,1909f56bfc062723c751e8b465ee728b)  -> (artifact id: '994c18a59d639f8072b9c5b0add3177d') in 0.045335 seconds 
========================================================================
Received Import Request.
  Time since last request: 3.268311 seconds.
  path: Assets/Extra/Fabgrid/Demo
  artifactKey: Guid(6dccef43f53bf254c84b9a0e8fd99fed) Importer(815301076,1909f56bfc062723c751e8b465ee728b)
Start importing Assets/Extra/Fabgrid/Demo using Guid(6dccef43f53bf254c84b9a0e8fd99fed) Importer(815301076,1909f56bfc062723c751e8b465ee728b)  -> (artifact id: '4377f7c09b44757e2101edcc0e84edaf') in 0.001507 seconds 
========================================================================
Received Import Request.
  Time since last request: 1.446178 seconds.
  path: Assets/Extra/Fabgrid/Demo/3D Game Kit - Props Pack
  artifactKey: Guid(2bfc1661cf324e34a8f36e21108d4362) Importer(815301076,1909f56bfc062723c751e8b465ee728b)
Start importing Assets/Extra/Fabgrid/Demo/3D Game Kit - Props Pack using Guid(2bfc1661cf324e34a8f36e21108d4362) Importer(815301076,1909f56bfc062723c751e8b465ee728b)  -> (artifact id: '78db8da36cc7d335d63120d36ff6b8f6') in 0.001788 seconds 
========================================================================
Received Import Request.
  Time since last request: 3.228749 seconds.
  path: Assets/Extra/Fabgrid/Demo/3D Game Kit - Props Pack/Environment
  artifactKey: Guid(e8fdac2b2c781c04b9550926320d6023) Importer(815301076,1909f56bfc062723c751e8b465ee728b)
Start importing Assets/Extra/Fabgrid/Demo/3D Game Kit - Props Pack/Environment using Guid(e8fdac2b2c781c04b9550926320d6023) Importer(815301076,1909f56bfc062723c751e8b465ee728b)  -> (artifact id: '4ad611409e6de6693b53480b1650be36') in 0.001614 seconds 
========================================================================
Received Import Request.
  Time since last request: 3.581636 seconds.
  path: Assets/Extra/Fabgrid/Demo/Materials
  artifactKey: Guid(d10915fd7a53a9f449ce291d9143c5f1) Importer(815301076,1909f56bfc062723c751e8b465ee728b)
Start importing Assets/Extra/Fabgrid/Demo/Materials using Guid(d10915fd7a53a9f449ce291d9143c5f1) Importer(815301076,1909f56bfc062723c751e8b465ee728b)  -> (artifact id: '447952e5718c799080345f1757a83c4d') in 0.002215 seconds 
========================================================================
Received Import Request.
  Time since last request: 0.023386 seconds.
  path: Assets/Extra/Fabgrid/Demo/Materials/Skybox.mat
  artifactKey: Guid(1c555c2c85a24c249853f3bc579f182d) Importer(815301076,1909f56bfc062723c751e8b465ee728b)
Start importing Assets/Extra/Fabgrid/Demo/Materials/Skybox.mat using Guid(1c555c2c85a24c249853f3bc579f182d) Importer(815301076,1909f56bfc062723c751e8b465ee728b)  -> (artifact id: 'c91b225f08e9e6dcbc8ba4c5ce5a307a') in 0.073103 seconds 
========================================================================
Received Import Request.
  Time since last request: 1.845126 seconds.
  path: Assets/Extra/Fabgrid/Demo/Prefabs
  artifactKey: Guid(aceec2cf2b7e8c14c93b95bffea8047b) Importer(815301076,1909f56bfc062723c751e8b465ee728b)
Start importing Assets/Extra/Fabgrid/Demo/Prefabs using Guid(aceec2cf2b7e8c14c93b95bffea8047b) Importer(815301076,1909f56bfc062723c751e8b465ee728b)  -> (artifact id: '2baf6018acc93056340355bce0915080') in 0.001419 seconds 
========================================================================
Received Import Request.
  Time since last request: 0.046990 seconds.
  path: Assets/Extra/Fabgrid/Demo/Prefabs/Box.prefab
  artifactKey: Guid(3b6bbdd03ae2d9946832d45777453d91) Importer(815301076,1909f56bfc062723c751e8b465ee728b)
Start importing Assets/Extra/Fabgrid/Demo/Prefabs/Box.prefab using Guid(3b6bbdd03ae2d9946832d45777453d91) Importer(815301076,1909f56bfc062723c751e8b465ee728b)  -> (artifact id: '4d2da811b5c83dbf606f04e1d7b7d5ef') in 0.202776 seconds 
========================================================================
Received Import Request.
  Time since last request: 0.176430 seconds.
  path: Assets/Extra/Fabgrid/Demo/Prefabs/PlatformShort.prefab
  artifactKey: Guid(8b64a65c1b03e0a4fa97e8041c167e34) Importer(815301076,1909f56bfc062723c751e8b465ee728b)
Start importing Assets/Extra/Fabgrid/Demo/Prefabs/PlatformShort.prefab using Guid(8b64a65c1b03e0a4fa97e8041c167e34) Importer(815301076,1909f56bfc062723c751e8b465ee728b)  -> (artifact id: '7528bf33facba81fe1c24d3c26d4d166') in 0.030890 seconds 
========================================================================
Received Import Request.
  Time since last request: 0.000049 seconds.
  path: Assets/Extra/Fabgrid/Demo/Prefabs/WeaponPedestal.prefab
  artifactKey: Guid(b6068ba9471625a46a00d460d71a0535) Importer(815301076,1909f56bfc062723c751e8b465ee728b)
Start importing Assets/Extra/Fabgrid/Demo/Prefabs/WeaponPedestal.prefab using Guid(b6068ba9471625a46a00d460d71a0535) Importer(815301076,1909f56bfc062723c751e8b465ee728b)  -> (artifact id: '2156e5205c0cfda0c33038730403685c') in 0.033441 seconds 
========================================================================
Received Import Request.
  Time since last request: 0.000026 seconds.
  path: Assets/Extra/Fabgrid/Demo/Prefabs/WallCorner02.prefab
  artifactKey: Guid(fc511734fb75311448bf4f4e964d21b8) Importer(815301076,1909f56bfc062723c751e8b465ee728b)
Start importing Assets/Extra/Fabgrid/Demo/Prefabs/WallCorner02.prefab using Guid(fc511734fb75311448bf4f4e964d21b8) Importer(815301076,1909f56bfc062723c751e8b465ee728b)  -> (artifact id: '332e8020779e06f18eaadffcf2a03489') in 0.024432 seconds 
========================================================================
Received Import Request.
  Time since last request: 0.000017 seconds.
  path: Assets/Extra/Fabgrid/Demo/Prefabs/WallShort01.prefab
  artifactKey: Guid(598b6cf2d36bee34189eb01306d1a942) Importer(815301076,1909f56bfc062723c751e8b465ee728b)
Start importing Assets/Extra/Fabgrid/Demo/Prefabs/WallShort01.prefab using Guid(598b6cf2d36bee34189eb01306d1a942) Importer(815301076,1909f56bfc062723c751e8b465ee728b)  -> (artifact id: '8ac9193a78ebacaaa925e79a0d191b6c') in 0.019507 seconds 
========================================================================
Received Import Request.
  Time since last request: 0.000021 seconds.
  path: Assets/Extra/Fabgrid/Demo/Prefabs/StairsNarrow01.prefab
  artifactKey: Guid(33ac18db2277db3489502c64af3fab26) Importer(815301076,1909f56bfc062723c751e8b465ee728b)
Start importing Assets/Extra/Fabgrid/Demo/Prefabs/StairsNarrow01.prefab using Guid(33ac18db2277db3489502c64af3fab26) Importer(815301076,1909f56bfc062723c751e8b465ee728b)  -> (artifact id: 'cd4e6741050acadca5e93710fd2c6faf') in 0.018675 seconds 
========================================================================
Received Import Request.
  Time since last request: 0.000019 seconds.
  path: Assets/Extra/Fabgrid/Demo/Prefabs/HealthBox.prefab
  artifactKey: Guid(1b7df19f208a3ee488df53ce116a3e63) Importer(815301076,1909f56bfc062723c751e8b465ee728b)
Start importing Assets/Extra/Fabgrid/Demo/Prefabs/HealthBox.prefab using Guid(1b7df19f208a3ee488df53ce116a3e63) Importer(815301076,1909f56bfc062723c751e8b465ee728b)  -> (artifact id: 'd4da52b8657b85bb3d2d15c86871a033') in 0.018347 seconds 
========================================================================
Received Import Request.
  Time since last request: 4.650131 seconds.
  path: Assets/Extra/Fabgrid/Demo/Scenes
  artifactKey: Guid(2ccfba678f78914498bb572eed2b45b7) Importer(815301076,1909f56bfc062723c751e8b465ee728b)
Start importing Assets/Extra/Fabgrid/Demo/Scenes using Guid(2ccfba678f78914498bb572eed2b45b7) Importer(815301076,1909f56bfc062723c751e8b465ee728b)  -> (artifact id: '7c62d972b279bf174f435c6977addde4') in 0.001526 seconds 
========================================================================
Received Import Request.
  Time since last request: 1.443711 seconds.
  path: Assets/Extra/Fabgrid/Demo/Scenes/SmallDungeon.unity
  artifactKey: Guid(852f2ca8bc25d3341b051ee7a78097a3) Importer(815301076,1909f56bfc062723c751e8b465ee728b)
Start importing Assets/Extra/Fabgrid/Demo/Scenes/SmallDungeon.unity using Guid(852f2ca8bc25d3341b051ee7a78097a3) Importer(815301076,1909f56bfc062723c751e8b465ee728b)  -> (artifact id: '17ab09a51bbb7e9d558bd9b64d0b2698') in 0.001866 seconds 
Editor requested this worker to shutdown with reason: Scaling down because of idle timeout
AssetImportWorker is now disconnected from the server
Process exiting
Exiting without the bug reporter. Application will terminate with return code 0