Using pre-set license
Built from 'HEAD' branch; Version is '2021.3.16f1c1 (56dbfdd6697f) revision 5692413'; Using compiler version '192829333'; Build Type 'Release'
OS: 'Windows 11  (10.0.22621) 64bit CoreCountrySpecific' Language: 'zh' Physical Memory: 32448 MB
BatchMode: 1, IsHumanControllingUs: 0, StartBugReporterOnCrash: 0, Is64bit: 1, IsPro: 1

COMMAND LINE ARGUMENTS:
D:\UnityEditor\2021.3.16f1c1\Editor\Unity.exe
-adb2
-batchMode
-noUpm
-name
AssetImportWorker1
-projectPath
D:/MSClub
-logFile
Logs/AssetImportWorker1.log
-srvPort
9005
Successfully changed project path to: D:/MSClub
D:/MSClub
[UnityMemory] Configuration Parameters - Can be set up in boot.config
    "memorysetup-bucket-allocator-granularity=16"
    "memorysetup-bucket-allocator-bucket-count=8"
    "memorysetup-bucket-allocator-block-size=33554432"
    "memorysetup-bucket-allocator-block-count=8"
    "memorysetup-main-allocator-block-size=16777216"
    "memorysetup-thread-allocator-block-size=16777216"
    "memorysetup-gfx-main-allocator-block-size=16777216"
    "memorysetup-gfx-thread-allocator-block-size=16777216"
    "memorysetup-cache-allocator-block-size=4194304"
    "memorysetup-typetree-allocator-block-size=2097152"
    "memorysetup-profiler-bucket-allocator-granularity=16"
    "memorysetup-profiler-bucket-allocator-bucket-count=8"
    "memorysetup-profiler-bucket-allocator-block-size=33554432"
    "memorysetup-profiler-bucket-allocator-block-count=8"
    "memorysetup-profiler-allocator-block-size=16777216"
    "memorysetup-profiler-editor-allocator-block-size=1048576"
    "memorysetup-temp-allocator-size-main=16777216"
    "memorysetup-job-temp-allocator-block-size=2097152"
    "memorysetup-job-temp-allocator-block-size-background=1048576"
    "memorysetup-job-temp-allocator-reduction-small-platforms=262144"
    "memorysetup-temp-allocator-size-background-worker=32768"
    "memorysetup-temp-allocator-size-job-worker=262144"
    "memorysetup-temp-allocator-size-preload-manager=33554432"
    "memorysetup-temp-allocator-size-nav-mesh-worker=65536"
    "memorysetup-temp-allocator-size-audio-worker=65536"
    "memorysetup-temp-allocator-size-cloud-worker=32768"
    "memorysetup-temp-allocator-size-gi-baking-worker=262144"
    "memorysetup-temp-allocator-size-gfx=262144"
Player connection [17344] Host "[IP] 192.168.2.30 [Port] 0 [Flags] 2 [Guid] 692126736 [EditorId] 692126736 [Version] 1048832 [Id] WindowsEditor(7,MS02) [Debug] 1 [PackageName] WindowsEditor [ProjectName] Editor" joined multi-casting on [225.0.0.222:54997]...

Player connection [17344] Host "[IP] 192.168.2.30 [Port] 0 [Flags] 2 [Guid] 692126736 [EditorId] 692126736 [Version] 1048832 [Id] WindowsEditor(7,MS02) [Debug] 1 [PackageName] WindowsEditor [ProjectName] Editor" joined alternative multi-casting on [225.0.0.222:34997]...

AS: AutoStreaming module initializing.
Refreshing native plugins compatible for Editor in 215.74 ms, found 3 plugins.
Preloading 0 native plugins for Editor in 0.00 ms.
Initialize engine version: 2021.3.16f1c1 (56dbfdd6697f)
[Subsystems] Discovering subsystems at path D:/UnityEditor/2021.3.16f1c1/Editor/Data/Resources/UnitySubsystems
[Subsystems] Discovering subsystems at path D:/MSClub/Assets
GfxDevice: creating device client; threaded=0; jobified=0
Direct3D:
    Version:  Direct3D 11.0 [level 11.1]
    Renderer: NVIDIA GeForce RTX 4060 Laptop GPU (ID=0x28e0)
    Vendor:   NVIDIA
    VRAM:     7971 MB
    Driver:   31.0.15.3152
Shader 'Custom/CloudShader': fallback shader 'Particles/VertexLit' not found
Initialize mono
Mono path[0] = 'D:/UnityEditor/2021.3.16f1c1/Editor/Data/Managed'
Mono path[1] = 'D:/UnityEditor/2021.3.16f1c1/Editor/Data/MonoBleedingEdge/lib/mono/unityjit-win32'
Mono config path = 'D:/UnityEditor/2021.3.16f1c1/Editor/Data/MonoBleedingEdge/etc'
Using monoOptions --debugger-agent=transport=dt_socket,embedding=1,server=y,suspend=n,address=127.0.0.1:56544
Begin MonoManager ReloadAssembly
Registering precompiled unity dll's ...
Register platform support module: D:/UnityEditor/2021.3.16f1c1/Editor/Data/PlaybackEngines/WindowsStandaloneSupport/UnityEditor.WindowsStandalone.Extensions.dll
Register platform support module: D:/UnityEditor/2021.3.16f1c1/Editor/Data/PlaybackEngines/MetroSupport/UnityEditor.UWP.Extensions.dll
Registered in 0.002735 seconds.
Native extension for UWP target not found
Native extension for WindowsStandalone target not found
Refreshing native plugins compatible for Editor in 176.46 ms, found 3 plugins.
Preloading 0 native plugins for Editor in 0.00 ms.
Mono: successfully reloaded assembly
- Completed reload, in  0.574 seconds
Domain Reload Profiling:
	ReloadAssembly (574ms)
		BeginReloadAssembly (65ms)
			ExecutionOrderSort (0ms)
			DisableScriptedObjects (0ms)
			BackupInstance (0ms)
			ReleaseScriptingObjects (0ms)
			CreateAndSetChildDomain (0ms)
		EndReloadAssembly (432ms)
			LoadAssemblies (63ms)
			RebuildTransferFunctionScriptingTraits (0ms)
			SetupTypeCache (80ms)
			ReleaseScriptCaches (0ms)
			RebuildScriptCaches (15ms)
			SetupLoadedEditorAssemblies (294ms)
				LogAssemblyErrors (0ms)
				InitializePlatformSupportModulesInManaged (5ms)
				SetLoadedEditorAssemblies (0ms)
				RefreshPlugins (177ms)
				BeforeProcessingInitializeOnLoad (1ms)
				ProcessInitializeOnLoadAttributes (77ms)
				ProcessInitializeOnLoadMethodAttributes (34ms)
				AfterProcessingInitializeOnLoad (0ms)
				EditorAssembliesLoaded (0ms)
			ExecutionOrderSort2 (0ms)
			AwakeInstancesAfterBackupRestoration (0ms)
Platform modules already initialized, skipping
Registering precompiled user dll's ...
Registered in 0.012835 seconds.
Begin MonoManager ReloadAssembly
Symbol file LoadedFromMemory doesn't match image D:\MSClub\Library\PackageCache\com.unity.visualscripting@1.7.8\Editor\VisualScripting.Core\Dependencies\YamlDotNet\Unity.VisualScripting.YamlDotNet.dll
Symbol file LoadedFromMemory doesn't match image D:\MSClub\Library\PackageCache\com.unity.visualscripting@1.7.8\Editor\VisualScripting.Core\Dependencies\DotNetZip\Unity.VisualScripting.IonicZip.dll
Native extension for UWP target not found
Native extension for WindowsStandalone target not found
Refreshing native plugins compatible for Editor in 199.16 ms, found 3 plugins.
Preloading 0 native plugins for Editor in 0.00 ms.
Mono: successfully reloaded assembly
- Completed reload, in  1.414 seconds
Domain Reload Profiling:
	ReloadAssembly (1414ms)
		BeginReloadAssembly (81ms)
			ExecutionOrderSort (0ms)
			DisableScriptedObjects (3ms)
			BackupInstance (0ms)
			ReleaseScriptingObjects (0ms)
			CreateAndSetChildDomain (16ms)
		EndReloadAssembly (1253ms)
			LoadAssemblies (96ms)
			RebuildTransferFunctionScriptingTraits (0ms)
			SetupTypeCache (278ms)
			ReleaseScriptCaches (1ms)
			RebuildScriptCaches (41ms)
			SetupLoadedEditorAssemblies (798ms)
				LogAssemblyErrors (0ms)
				InitializePlatformSupportModulesInManaged (3ms)
				SetLoadedEditorAssemblies (0ms)
				RefreshPlugins (199ms)
				BeforeProcessingInitializeOnLoad (75ms)
				ProcessInitializeOnLoadAttributes (460ms)
				ProcessInitializeOnLoadMethodAttributes (50ms)
				AfterProcessingInitializeOnLoad (10ms)
				EditorAssembliesLoaded (0ms)
			ExecutionOrderSort2 (0ms)
			AwakeInstancesAfterBackupRestoration (6ms)
Platform modules already initialized, skipping
========================================================================
Worker process is ready to serve import requests
Shader 'Custom/CloudShader': fallback shader 'Particles/VertexLit' not found
Launched and connected shader compiler UnityShaderCompiler.exe after 0.07 seconds
Refreshing native plugins compatible for Editor in 3.69 ms, found 3 plugins.
Preloading 0 native plugins for Editor in 0.00 ms.
Unloading 5922 Unused Serialized files (Serialized files now loaded: 0)
Unloading 49 unused Assets / (2.3 MB). Loaded Objects now: 6371.
Memory consumption went from 294.8 MB to 292.6 MB.
Total: 3.841900 ms (FindLiveObjects: 0.484700 ms CreateObjectMapping: 0.169300 ms MarkObjects: 2.670500 ms  DeleteObjects: 0.516700 ms)

AssetImportParameters requested are different than current active one (requested -> active):
  custom:video-decoder-ogg-theora: a1e56fd34408186e4bbccfd4996cb3dc -> 
  custom:container-muxer-webm: aa71ff27fc2769a1b78a27578f13a17b -> 
  custom:container-demuxer-webm: 4f35f7cbe854078d1ac9338744f61a02 -> 
  custom:video-encoder-webm-vp8: eb34c28f22e8b96e1ab97ce403110664 -> 
  custom:video-codec-MediaFoundation-h265: 746d11721c4dcdbdad8f713fa42b33f4 -> 
  custom:audio-encoder-webm-vorbis: bf7c407c2cedff20999df2af8eb42d56 -> 
  custom:framework-win-MediaFoundation: 216162199b28c13a410421893ffa2e32 -> 
  custom:container-demuxer-ogg: 62fdf1f143b41e24485cea50d1cbac27 -> 
  custom:video-decoder-webm-vp8: 9c59270c3fd7afecdb556c50c9e8de78 -> 
  custom:audio-decoder-ogg-vorbis: bf7c407c2cedff20999df2af8eb42d56 -> 
========================================================================
Received Prepare
Registering precompiled user dll's ...
Registered in 0.015265 seconds.
Begin MonoManager ReloadAssembly
Symbol file LoadedFromMemory doesn't match image D:\MSClub\Library\PackageCache\com.unity.visualscripting@1.7.8\Editor\VisualScripting.Core\Dependencies\YamlDotNet\Unity.VisualScripting.YamlDotNet.dll
Symbol file LoadedFromMemory doesn't match image D:\MSClub\Library\PackageCache\com.unity.visualscripting@1.7.8\Editor\VisualScripting.Core\Dependencies\DotNetZip\Unity.VisualScripting.IonicZip.dll
Native extension for UWP target not found
Native extension for WindowsStandalone target not found
Refreshing native plugins compatible for Editor in 5.50 ms, found 3 plugins.
Preloading 0 native plugins for Editor in 0.00 ms.
Mono: successfully reloaded assembly
- Completed reload, in  1.312 seconds
Domain Reload Profiling:
	ReloadAssembly (1313ms)
		BeginReloadAssembly (131ms)
			ExecutionOrderSort (0ms)
			DisableScriptedObjects (4ms)
			BackupInstance (0ms)
			ReleaseScriptingObjects (0ms)
			CreateAndSetChildDomain (37ms)
		EndReloadAssembly (1087ms)
			LoadAssemblies (97ms)
			RebuildTransferFunctionScriptingTraits (0ms)
			SetupTypeCache (283ms)
			ReleaseScriptCaches (2ms)
			RebuildScriptCaches (52ms)
			SetupLoadedEditorAssemblies (605ms)
				LogAssemblyErrors (0ms)
				InitializePlatformSupportModulesInManaged (13ms)
				SetLoadedEditorAssemblies (1ms)
				RefreshPlugins (6ms)
				BeforeProcessingInitializeOnLoad (87ms)
				ProcessInitializeOnLoadAttributes (418ms)
				ProcessInitializeOnLoadMethodAttributes (70ms)
				AfterProcessingInitializeOnLoad (11ms)
				EditorAssembliesLoaded (0ms)
			ExecutionOrderSort2 (0ms)
			AwakeInstancesAfterBackupRestoration (7ms)
Platform modules already initialized, skipping
Shader 'Custom/CloudShader': fallback shader 'Particles/VertexLit' not found
Refreshing native plugins compatible for Editor in 6.44 ms, found 3 plugins.
Preloading 0 native plugins for Editor in 0.00 ms.
Unloading 5733 Unused Serialized files (Serialized files now loaded: 0)
Unloading 42 unused Assets / (2.2 MB). Loaded Objects now: 6374.
Memory consumption went from 284.1 MB to 281.9 MB.
Total: 3.916400 ms (FindLiveObjects: 0.496700 ms CreateObjectMapping: 0.094900 ms MarkObjects: 2.569700 ms  DeleteObjects: 0.753800 ms)

AssetImportParameters requested are different than current active one (requested -> active):
  custom:video-decoder-ogg-theora: a1e56fd34408186e4bbccfd4996cb3dc -> 
  custom:container-muxer-webm: aa71ff27fc2769a1b78a27578f13a17b -> 
  custom:container-demuxer-webm: 4f35f7cbe854078d1ac9338744f61a02 -> 
  custom:video-encoder-webm-vp8: eb34c28f22e8b96e1ab97ce403110664 -> 
  custom:video-codec-MediaFoundation-h265: 746d11721c4dcdbdad8f713fa42b33f4 -> 
  custom:audio-encoder-webm-vorbis: bf7c407c2cedff20999df2af8eb42d56 -> 
  custom:framework-win-MediaFoundation: 216162199b28c13a410421893ffa2e32 -> 
  custom:container-demuxer-ogg: 62fdf1f143b41e24485cea50d1cbac27 -> 
  custom:video-decoder-webm-vp8: 9c59270c3fd7afecdb556c50c9e8de78 -> 
  custom:audio-decoder-ogg-vorbis: bf7c407c2cedff20999df2af8eb42d56 -> 
========================================================================
Received Prepare
Registering precompiled user dll's ...
Registered in 0.013659 seconds.
Begin MonoManager ReloadAssembly
Symbol file LoadedFromMemory doesn't match image D:\MSClub\Library\PackageCache\com.unity.visualscripting@1.7.8\Editor\VisualScripting.Core\Dependencies\YamlDotNet\Unity.VisualScripting.YamlDotNet.dll
Symbol file LoadedFromMemory doesn't match image D:\MSClub\Library\PackageCache\com.unity.visualscripting@1.7.8\Editor\VisualScripting.Core\Dependencies\DotNetZip\Unity.VisualScripting.IonicZip.dll
Native extension for UWP target not found
Native extension for WindowsStandalone target not found
Refreshing native plugins compatible for Editor in 3.07 ms, found 3 plugins.
Preloading 0 native plugins for Editor in 0.00 ms.
Mono: successfully reloaded assembly
- Completed reload, in  1.266 seconds
Domain Reload Profiling:
	ReloadAssembly (1266ms)
		BeginReloadAssembly (145ms)
			ExecutionOrderSort (0ms)
			DisableScriptedObjects (4ms)
			BackupInstance (0ms)
			ReleaseScriptingObjects (0ms)
			CreateAndSetChildDomain (42ms)
		EndReloadAssembly (1018ms)
			LoadAssemblies (105ms)
			RebuildTransferFunctionScriptingTraits (0ms)
			SetupTypeCache (209ms)
			ReleaseScriptCaches (2ms)
			RebuildScriptCaches (42ms)
			SetupLoadedEditorAssemblies (628ms)
				LogAssemblyErrors (0ms)
				InitializePlatformSupportModulesInManaged (10ms)
				SetLoadedEditorAssemblies (0ms)
				RefreshPlugins (3ms)
				BeforeProcessingInitializeOnLoad (88ms)
				ProcessInitializeOnLoadAttributes (451ms)
				ProcessInitializeOnLoadMethodAttributes (60ms)
				AfterProcessingInitializeOnLoad (16ms)
				EditorAssembliesLoaded (0ms)
			ExecutionOrderSort2 (0ms)
			AwakeInstancesAfterBackupRestoration (7ms)
Platform modules already initialized, skipping
Shader 'Custom/CloudShader': fallback shader 'Particles/VertexLit' not found
Refreshing native plugins compatible for Editor in 7.23 ms, found 3 plugins.
Preloading 0 native plugins for Editor in 0.00 ms.
Unloading 5733 Unused Serialized files (Serialized files now loaded: 0)
Unloading 42 unused Assets / (2.2 MB). Loaded Objects now: 6377.
Memory consumption went from 284.1 MB to 281.9 MB.
Total: 4.081500 ms (FindLiveObjects: 0.609600 ms CreateObjectMapping: 0.124700 ms MarkObjects: 2.764900 ms  DeleteObjects: 0.581200 ms)

AssetImportParameters requested are different than current active one (requested -> active):
  custom:video-decoder-ogg-theora: a1e56fd34408186e4bbccfd4996cb3dc -> 
  custom:container-muxer-webm: aa71ff27fc2769a1b78a27578f13a17b -> 
  custom:container-demuxer-webm: 4f35f7cbe854078d1ac9338744f61a02 -> 
  custom:video-encoder-webm-vp8: eb34c28f22e8b96e1ab97ce403110664 -> 
  custom:video-codec-MediaFoundation-h265: 746d11721c4dcdbdad8f713fa42b33f4 -> 
  custom:audio-encoder-webm-vorbis: bf7c407c2cedff20999df2af8eb42d56 -> 
  custom:framework-win-MediaFoundation: 216162199b28c13a410421893ffa2e32 -> 
  custom:container-demuxer-ogg: 62fdf1f143b41e24485cea50d1cbac27 -> 
  custom:video-decoder-webm-vp8: 9c59270c3fd7afecdb556c50c9e8de78 -> 
  custom:audio-decoder-ogg-vorbis: bf7c407c2cedff20999df2af8eb42d56 -> 
========================================================================
Received Prepare
Registering precompiled user dll's ...
Registered in 0.016058 seconds.
Begin MonoManager ReloadAssembly
Symbol file LoadedFromMemory doesn't match image D:\MSClub\Library\PackageCache\com.unity.visualscripting@1.7.8\Editor\VisualScripting.Core\Dependencies\YamlDotNet\Unity.VisualScripting.YamlDotNet.dll
Symbol file LoadedFromMemory doesn't match image D:\MSClub\Library\PackageCache\com.unity.visualscripting@1.7.8\Editor\VisualScripting.Core\Dependencies\DotNetZip\Unity.VisualScripting.IonicZip.dll
Native extension for UWP target not found
Native extension for WindowsStandalone target not found
Refreshing native plugins compatible for Editor in 4.83 ms, found 3 plugins.
Preloading 0 native plugins for Editor in 0.00 ms.
Mono: successfully reloaded assembly
- Completed reload, in  1.274 seconds
Domain Reload Profiling:
	ReloadAssembly (1275ms)
		BeginReloadAssembly (135ms)
			ExecutionOrderSort (0ms)
			DisableScriptedObjects (3ms)
			BackupInstance (0ms)
			ReleaseScriptingObjects (0ms)
			CreateAndSetChildDomain (34ms)
		EndReloadAssembly (1049ms)
			LoadAssemblies (108ms)
			RebuildTransferFunctionScriptingTraits (0ms)
			SetupTypeCache (213ms)
			ReleaseScriptCaches (2ms)
			RebuildScriptCaches (39ms)
			SetupLoadedEditorAssemblies (652ms)
				LogAssemblyErrors (0ms)
				InitializePlatformSupportModulesInManaged (11ms)
				SetLoadedEditorAssemblies (0ms)
				RefreshPlugins (5ms)
				BeforeProcessingInitializeOnLoad (85ms)
				ProcessInitializeOnLoadAttributes (456ms)
				ProcessInitializeOnLoadMethodAttributes (82ms)
				AfterProcessingInitializeOnLoad (13ms)
				EditorAssembliesLoaded (0ms)
			ExecutionOrderSort2 (0ms)
			AwakeInstancesAfterBackupRestoration (8ms)
Platform modules already initialized, skipping
Shader 'Custom/CloudShader': fallback shader 'Particles/VertexLit' not found
Refreshing native plugins compatible for Editor in 6.55 ms, found 3 plugins.
Preloading 0 native plugins for Editor in 0.00 ms.
Unloading 5733 Unused Serialized files (Serialized files now loaded: 0)
Unloading 42 unused Assets / (2.2 MB). Loaded Objects now: 6380.
Memory consumption went from 284.1 MB to 281.9 MB.
Total: 3.946100 ms (FindLiveObjects: 0.407200 ms CreateObjectMapping: 0.198600 ms MarkObjects: 2.742500 ms  DeleteObjects: 0.596800 ms)

AssetImportParameters requested are different than current active one (requested -> active):
  custom:video-decoder-ogg-theora: a1e56fd34408186e4bbccfd4996cb3dc -> 
  custom:container-muxer-webm: aa71ff27fc2769a1b78a27578f13a17b -> 
  custom:container-demuxer-webm: 4f35f7cbe854078d1ac9338744f61a02 -> 
  custom:video-encoder-webm-vp8: eb34c28f22e8b96e1ab97ce403110664 -> 
  custom:video-codec-MediaFoundation-h265: 746d11721c4dcdbdad8f713fa42b33f4 -> 
  custom:audio-encoder-webm-vorbis: bf7c407c2cedff20999df2af8eb42d56 -> 
  custom:framework-win-MediaFoundation: 216162199b28c13a410421893ffa2e32 -> 
  custom:container-demuxer-ogg: 62fdf1f143b41e24485cea50d1cbac27 -> 
  custom:video-decoder-webm-vp8: 9c59270c3fd7afecdb556c50c9e8de78 -> 
  custom:audio-decoder-ogg-vorbis: bf7c407c2cedff20999df2af8eb42d56 -> 
========================================================================
Received Prepare
Registering precompiled user dll's ...
Registered in 0.015438 seconds.
Begin MonoManager ReloadAssembly
Symbol file LoadedFromMemory doesn't match image D:\MSClub\Library\PackageCache\com.unity.visualscripting@1.7.8\Editor\VisualScripting.Core\Dependencies\YamlDotNet\Unity.VisualScripting.YamlDotNet.dll
Symbol file LoadedFromMemory doesn't match image D:\MSClub\Library\PackageCache\com.unity.visualscripting@1.7.8\Editor\VisualScripting.Core\Dependencies\DotNetZip\Unity.VisualScripting.IonicZip.dll
Native extension for UWP target not found
Native extension for WindowsStandalone target not found
Refreshing native plugins compatible for Editor in 4.72 ms, found 3 plugins.
Preloading 0 native plugins for Editor in 0.00 ms.
Mono: successfully reloaded assembly
- Completed reload, in  1.375 seconds
Domain Reload Profiling:
	ReloadAssembly (1376ms)
		BeginReloadAssembly (146ms)
			ExecutionOrderSort (0ms)
			DisableScriptedObjects (4ms)
			BackupInstance (0ms)
			ReleaseScriptingObjects (0ms)
			CreateAndSetChildDomain (34ms)
		EndReloadAssembly (1129ms)
			LoadAssemblies (113ms)
			RebuildTransferFunctionScriptingTraits (0ms)
			SetupTypeCache (259ms)
			ReleaseScriptCaches (2ms)
			RebuildScriptCaches (43ms)
			SetupLoadedEditorAssemblies (673ms)
				LogAssemblyErrors (0ms)
				InitializePlatformSupportModulesInManaged (11ms)
				SetLoadedEditorAssemblies (0ms)
				RefreshPlugins (5ms)
				BeforeProcessingInitializeOnLoad (90ms)
				ProcessInitializeOnLoadAttributes (485ms)
				ProcessInitializeOnLoadMethodAttributes (70ms)
				AfterProcessingInitializeOnLoad (12ms)
				EditorAssembliesLoaded (0ms)
			ExecutionOrderSort2 (0ms)
			AwakeInstancesAfterBackupRestoration (9ms)
Platform modules already initialized, skipping
Shader 'Custom/CloudShader': fallback shader 'Particles/VertexLit' not found
Refreshing native plugins compatible for Editor in 5.89 ms, found 3 plugins.
Preloading 0 native plugins for Editor in 0.00 ms.
Unloading 5733 Unused Serialized files (Serialized files now loaded: 0)
Unloading 42 unused Assets / (2.3 MB). Loaded Objects now: 6383.
Memory consumption went from 284.2 MB to 281.9 MB.
Total: 4.357900 ms (FindLiveObjects: 0.432800 ms CreateObjectMapping: 0.091800 ms MarkObjects: 2.981200 ms  DeleteObjects: 0.850000 ms)

AssetImportParameters requested are different than current active one (requested -> active):
  custom:video-decoder-ogg-theora: a1e56fd34408186e4bbccfd4996cb3dc -> 
  custom:container-muxer-webm: aa71ff27fc2769a1b78a27578f13a17b -> 
  custom:container-demuxer-webm: 4f35f7cbe854078d1ac9338744f61a02 -> 
  custom:video-encoder-webm-vp8: eb34c28f22e8b96e1ab97ce403110664 -> 
  custom:video-codec-MediaFoundation-h265: 746d11721c4dcdbdad8f713fa42b33f4 -> 
  custom:audio-encoder-webm-vorbis: bf7c407c2cedff20999df2af8eb42d56 -> 
  custom:framework-win-MediaFoundation: 216162199b28c13a410421893ffa2e32 -> 
  custom:container-demuxer-ogg: 62fdf1f143b41e24485cea50d1cbac27 -> 
  custom:video-decoder-webm-vp8: 9c59270c3fd7afecdb556c50c9e8de78 -> 
  custom:audio-decoder-ogg-vorbis: bf7c407c2cedff20999df2af8eb42d56 -> 
========================================================================
Received Import Request.
  Time since last request: 102192.097294 seconds.
  path: Assets/Extra/A/PolygonMini_Fantasy/Materials/Background_01.mat
  artifactKey: Guid(c1addfde6bc90934bbbbd882e53130a5) Importer(815301076,1909f56bfc062723c751e8b465ee728b)
Start importing Assets/Extra/A/PolygonMini_Fantasy/Materials/Background_01.mat using Guid(c1addfde6bc90934bbbbd882e53130a5) Importer(815301076,1909f56bfc062723c751e8b465ee728b)  -> (artifact id: 'ef0ef08b5bf0dcf4454c2e2ff732b2ce') in 0.144992 seconds 
========================================================================
Received Import Request.
  Time since last request: 0.086457 seconds.
  path: Assets/Extra/A/PolygonNightclubs/Materials/Misc/Background_Building_01.mat
  artifactKey: Guid(b8cb736b38df9c04fb073cf247b43256) Importer(815301076,1909f56bfc062723c751e8b465ee728b)
Start importing Assets/Extra/A/PolygonNightclubs/Materials/Misc/Background_Building_01.mat using Guid(b8cb736b38df9c04fb073cf247b43256) Importer(815301076,1909f56bfc062723c751e8b465ee728b)  -> (artifact id: '9d114550f7328a2709ea12792d71ab34') in 0.194049 seconds 
========================================================================
Received Import Request.
  Time since last request: 0.000024 seconds.
  path: Assets/Extra/A/PolygonSciFiCity/Models/FixedScaleCharacters/Characters.fbx
  artifactKey: Guid(4cf8e35218228c74e87ae151b5dc4516) Importer(815301076,1909f56bfc062723c751e8b465ee728b)
Start importing Assets/Extra/A/PolygonSciFiCity/Models/FixedScaleCharacters/Characters.fbx using Guid(4cf8e35218228c74e87ae151b5dc4516) Importer(815301076,1909f56bfc062723c751e8b465ee728b)  -> (artifact id: '9cbb53c96e7821d76b6667f6a9f52b18') in 0.191710 seconds 
========================================================================
Received Import Request.
  Time since last request: 0.000031 seconds.
  path: Assets/Extra/A/PolygonSciFiCity/Prefabs/Characters/FixedScaleCharacters/Character_Alien_Male_01.prefab
  artifactKey: Guid(9d6944272ca1ef448a6c08e77fec10f0) Importer(815301076,1909f56bfc062723c751e8b465ee728b)
Start importing Assets/Extra/A/PolygonSciFiCity/Prefabs/Characters/FixedScaleCharacters/Character_Alien_Male_01.prefab using Guid(9d6944272ca1ef448a6c08e77fec10f0) Importer(815301076,1909f56bfc062723c751e8b465ee728b)  -> (artifact id: 'b3899dab7f112a879affe899a7c4771a') in 0.228422 seconds 
========================================================================
Received Import Request.
  Time since last request: 0.000026 seconds.
  path: Assets/Extra/A/PolygonNightclubs/Materials/Misc/Background_Mat_01.mat
  artifactKey: Guid(abaea660660e5d048b4355f3222b8b32) Importer(815301076,1909f56bfc062723c751e8b465ee728b)
Start importing Assets/Extra/A/PolygonNightclubs/Materials/Misc/Background_Mat_01.mat using Guid(abaea660660e5d048b4355f3222b8b32) Importer(815301076,1909f56bfc062723c751e8b465ee728b)  -> (artifact id: 'a9959f4aa58b5bf0fb8993d7b8dde356') in 0.016665 seconds 
========================================================================
Received Import Request.
  Time since last request: 0.000039 seconds.
  path: Assets/Extra/A/PolygonNightclubs/Materials/Misc/Background_Mat_06.mat
  artifactKey: Guid(fe797ae347f00e84b819dfd7f339eab3) Importer(815301076,1909f56bfc062723c751e8b465ee728b)
Start importing Assets/Extra/A/PolygonNightclubs/Materials/Misc/Background_Mat_06.mat using Guid(fe797ae347f00e84b819dfd7f339eab3) Importer(815301076,1909f56bfc062723c751e8b465ee728b)  -> (artifact id: 'a07d4317c8fd2d1f09b69ab6ff89582c') in 0.014037 seconds 
========================================================================
Received Import Request.
  Time since last request: 0.000018 seconds.
  path: Assets/Extra/A/PolygonSciFiCity/Prefabs/Characters/Character_Android_Female_01.prefab
  artifactKey: Guid(c071869dabd01174ba88c8f43a9cc9be) Importer(815301076,1909f56bfc062723c751e8b465ee728b)
Start importing Assets/Extra/A/PolygonSciFiCity/Prefabs/Characters/Character_Android_Female_01.prefab using Guid(c071869dabd01174ba88c8f43a9cc9be) Importer(815301076,1909f56bfc062723c751e8b465ee728b)  -> (artifact id: '75fece5f4fed915710a1fb42d0814686') in 0.034770 seconds 
========================================================================
Received Import Request.
  Time since last request: 0.000024 seconds.
  path: Assets/Extra/A/PolygonNightclubs/Materials/FX_Materials/Background_Lights.mat
  artifactKey: Guid(4ddc26f6b2229774fac94aabff4b64e0) Importer(815301076,1909f56bfc062723c751e8b465ee728b)
Start importing Assets/Extra/A/PolygonNightclubs/Materials/FX_Materials/Background_Lights.mat using Guid(4ddc26f6b2229774fac94aabff4b64e0) Importer(815301076,1909f56bfc062723c751e8b465ee728b)  -> (artifact id: '8f5d77b7911f47d769bbe131d05a05f0') in 0.191608 seconds 
========================================================================
Received Import Request.
  Time since last request: 0.000026 seconds.
  path: Assets/Extra/A/PolygonNightclubs/Textures/Buildings/Buildings_Diffuse_05.png
  artifactKey: Guid(84f47b8e48bf8364d835fc29733ed8ff) Importer(815301076,1909f56bfc062723c751e8b465ee728b)
Start importing Assets/Extra/A/PolygonNightclubs/Textures/Buildings/Buildings_Diffuse_05.png using Guid(84f47b8e48bf8364d835fc29733ed8ff) Importer(815301076,1909f56bfc062723c751e8b465ee728b)  -> (artifact id: '6a8698e3398eefd1eff685846da40abf') in 0.022360 seconds 
========================================================================
Received Import Request.
  Time since last request: 0.000029 seconds.
  path: Assets/Extra/A/PolygonNightclubs/Materials/Misc/Background_Mat_02.mat
  artifactKey: Guid(d299f4a86ffc0be4f985d23116d9b9de) Importer(815301076,1909f56bfc062723c751e8b465ee728b)
Start importing Assets/Extra/A/PolygonNightclubs/Materials/Misc/Background_Mat_02.mat using Guid(d299f4a86ffc0be4f985d23116d9b9de) Importer(815301076,1909f56bfc062723c751e8b465ee728b)  -> (artifact id: '9a8f6f8bd8dc6d243220930c98f369bf') in 0.014409 seconds 
========================================================================
Received Import Request.
  Time since last request: 0.000019 seconds.
  path: Assets/Extra/A/PolygonNightclubs/Materials/Misc/Background_Mat_05.mat
  artifactKey: Guid(a4119d6a8e6dce4448950a3e35b2bab0) Importer(815301076,1909f56bfc062723c751e8b465ee728b)
Start importing Assets/Extra/A/PolygonNightclubs/Materials/Misc/Background_Mat_05.mat using Guid(a4119d6a8e6dce4448950a3e35b2bab0) Importer(815301076,1909f56bfc062723c751e8b465ee728b)  -> (artifact id: 'f310d49b81126a9e6d2b7e63bc946e97') in 0.013783 seconds 
========================================================================
Received Import Request.
  Time since last request: 0.000017 seconds.
  path: Assets/Extra/A/PolygonNightclubs/Materials/FX_Materials/Background_Lights 1.mat
  artifactKey: Guid(e3b6e739ab3a76445906f05c83d62fd4) Importer(815301076,1909f56bfc062723c751e8b465ee728b)
Start importing Assets/Extra/A/PolygonNightclubs/Materials/FX_Materials/Background_Lights 1.mat using Guid(e3b6e739ab3a76445906f05c83d62fd4) Importer(815301076,1909f56bfc062723c751e8b465ee728b)  -> (artifact id: '0db24e6f9ff0c23e24acf65a3383d8a8') in 0.009704 seconds 
========================================================================
Received Import Request.
  Time since last request: 0.000019 seconds.
  path: Assets/Extra/A/PolygonNightclubs/Materials/Misc/Background_Mat_08.mat
  artifactKey: Guid(fbc6a0884385966448fa8ec1864db823) Importer(815301076,1909f56bfc062723c751e8b465ee728b)
Start importing Assets/Extra/A/PolygonNightclubs/Materials/Misc/Background_Mat_08.mat using Guid(fbc6a0884385966448fa8ec1864db823) Importer(815301076,1909f56bfc062723c751e8b465ee728b)  -> (artifact id: '43a43d32f9c5c74cf7e6f0acc24765f6') in 0.016397 seconds 
========================================================================
Received Import Request.
  Time since last request: 0.000021 seconds.
  path: Assets/Extra/A/PolygonNightclubs/Materials/Misc/Background_Mat_03.mat
  artifactKey: Guid(ae5e0a7d135632b4c92b5077a1513af6) Importer(815301076,1909f56bfc062723c751e8b465ee728b)
Start importing Assets/Extra/A/PolygonNightclubs/Materials/Misc/Background_Mat_03.mat using Guid(ae5e0a7d135632b4c92b5077a1513af6) Importer(815301076,1909f56bfc062723c751e8b465ee728b)  -> (artifact id: '2d90e3af9ecee49ed6f4575238aac753') in 0.015702 seconds 
========================================================================
Received Import Request.
  Time since last request: 0.000022 seconds.
  path: Assets/Extra/A/PolygonNightclubs/Materials/Misc/Background_Mat_04.mat
  artifactKey: Guid(e4a49e624364f034982e59888759664d) Importer(815301076,1909f56bfc062723c751e8b465ee728b)
Start importing Assets/Extra/A/PolygonNightclubs/Materials/Misc/Background_Mat_04.mat using Guid(e4a49e624364f034982e59888759664d) Importer(815301076,1909f56bfc062723c751e8b465ee728b)  -> (artifact id: 'd3228663f15263857b4e395eb3b912f7') in 0.016657 seconds 
========================================================================
Received Import Request.
  Time since last request: 0.000021 seconds.
  path: Assets/Extra/A/PolygonNightclubs/Textures/Buildings/Buildings_Emissive_01.png
  artifactKey: Guid(6f440ff87739f9142b8ba7ca4e302e31) Importer(815301076,1909f56bfc062723c751e8b465ee728b)
Start importing Assets/Extra/A/PolygonNightclubs/Textures/Buildings/Buildings_Emissive_01.png using Guid(6f440ff87739f9142b8ba7ca4e302e31) Importer(815301076,1909f56bfc062723c751e8b465ee728b)  -> (artifact id: '2ae6d297fccd356b083ad1ce0aa1e49f') in 0.008630 seconds 
========================================================================
Received Import Request.
  Time since last request: 0.000021 seconds.
  path: Assets/Extra/A/PolygonNightclubs/Textures/Buildings/Buildings_Diffuse_04.png
  artifactKey: Guid(0689cd1416057934e8aff94eb2b34eab) Importer(815301076,1909f56bfc062723c751e8b465ee728b)
Start importing Assets/Extra/A/PolygonNightclubs/Textures/Buildings/Buildings_Diffuse_04.png using Guid(0689cd1416057934e8aff94eb2b34eab) Importer(815301076,1909f56bfc062723c751e8b465ee728b)  -> (artifact id: 'b0c36afb5851c14e41fea4c217808c9f') in 0.011597 seconds 
========================================================================
Received Import Request.
  Time since last request: 0.000026 seconds.
  path: Assets/Extra/A/PolygonSciFiSpace/Textures/FX_Textures/Black_Transparent.png
  artifactKey: Guid(5398f17d136679c4f8833e244db883bc) Importer(815301076,1909f56bfc062723c751e8b465ee728b)
Start importing Assets/Extra/A/PolygonSciFiSpace/Textures/FX_Textures/Black_Transparent.png using Guid(5398f17d136679c4f8833e244db883bc) Importer(815301076,1909f56bfc062723c751e8b465ee728b)  -> (artifact id: 'b60c94a6ddc10bc66abc8bc370b899ad') in 0.009401 seconds 
========================================================================
Received Import Request.
  Time since last request: 0.000019 seconds.
  path: Assets/Extra/A/PolygonNightclubs/Materials/Walls_Floors/Brick_Brown_NEON_01.mat
  artifactKey: Guid(3110154ed71458546bb29eccc9f2c3d1) Importer(815301076,1909f56bfc062723c751e8b465ee728b)
Start importing Assets/Extra/A/PolygonNightclubs/Materials/Walls_Floors/Brick_Brown_NEON_01.mat using Guid(3110154ed71458546bb29eccc9f2c3d1) Importer(815301076,1909f56bfc062723c751e8b465ee728b)  -> (artifact id: '1f42801480fd5ad24ce3127583b052fa') in 0.012059 seconds 
========================================================================
Received Import Request.
  Time since last request: 0.000025 seconds.
  path: Assets/Extra/A/PolygonNightclubs/Textures/Buildings/Buildings_Emissive_Mask_01.png
  artifactKey: Guid(7c238865282a2d14fadd596afbe715f4) Importer(815301076,1909f56bfc062723c751e8b465ee728b)
Start importing Assets/Extra/A/PolygonNightclubs/Textures/Buildings/Buildings_Emissive_Mask_01.png using Guid(7c238865282a2d14fadd596afbe715f4) Importer(815301076,1909f56bfc062723c751e8b465ee728b)  -> (artifact id: '1eced96b894fbf5c8ea12735e04271c9') in 0.008676 seconds 
========================================================================
Received Import Request.
  Time since last request: 0.000031 seconds.
  path: Assets/Extra/A/PolygonNightclubs/Materials/Misc/Background_Mat_Glow_01.mat
  artifactKey: Guid(2b2e1913c8d6dff41b7627cdf703b78e) Importer(815301076,1909f56bfc062723c751e8b465ee728b)
Start importing Assets/Extra/A/PolygonNightclubs/Materials/Misc/Background_Mat_Glow_01.mat using Guid(2b2e1913c8d6dff41b7627cdf703b78e) Importer(815301076,1909f56bfc062723c751e8b465ee728b)  -> (artifact id: '9326a74db48c11520fee53bfeef53805') in 0.009681 seconds 
========================================================================
Received Import Request.
  Time since last request: 0.000022 seconds.
  path: Assets/Extra/A/PolygonNightclubs/Materials/Base_Materials/Brick_Brown_NEON_02.mat
  artifactKey: Guid(39cd86b2496b9104c907d7516e219afe) Importer(815301076,1909f56bfc062723c751e8b465ee728b)
Start importing Assets/Extra/A/PolygonNightclubs/Materials/Base_Materials/Brick_Brown_NEON_02.mat using Guid(39cd86b2496b9104c907d7516e219afe) Importer(815301076,1909f56bfc062723c751e8b465ee728b)  -> (artifact id: 'b551fdfc28ba19f817cbbd035008a614') in 0.013754 seconds 
========================================================================
Received Import Request.
  Time since last request: 0.000025 seconds.
  path: Assets/Extra/A/PolygonNightclubs/Materials/Misc/BuildingTest.mat
  artifactKey: Guid(445fc30a125a1ec428d5db3e2a53104e) Importer(815301076,1909f56bfc062723c751e8b465ee728b)
Start importing Assets/Extra/A/PolygonNightclubs/Materials/Misc/BuildingTest.mat using Guid(445fc30a125a1ec428d5db3e2a53104e) Importer(815301076,1909f56bfc062723c751e8b465ee728b)  -> (artifact id: '0e861ec10905b9c321f5af19748c98b7') in 0.169436 seconds 
Editor requested this worker to shutdown with reason: Scaling down because of idle timeout
AssetImportWorker is now disconnected from the server
Process exiting
Exiting without the bug reporter. Application will terminate with return code 0