Using pre-set license
Built from 'HEAD' branch; Version is '2021.3.16f1c1 (56dbfdd6697f) revision 5692413'; Using compiler version '192829333'; Build Type 'Release'
OS: 'Windows 11  (10.0.22621) 64bit CoreCountrySpecific' Language: 'zh' Physical Memory: 32448 MB
BatchMode: 1, IsHumanControllingUs: 0, StartBugReporterOnCrash: 0, Is64bit: 1, IsPro: 1

COMMAND LINE ARGUMENTS:
D:\UnityEditor\2021.3.16f1c1\Editor\Unity.exe
-adb2
-batchMode
-noUpm
-name
AssetImportWorker2
-projectPath
D:/MSClub
-logFile
Logs/AssetImportWorker2.log
-srvPort
4699
Successfully changed project path to: D:/MSClub
D:/MSClub
[UnityMemory] Configuration Parameters - Can be set up in boot.config
    "memorysetup-bucket-allocator-granularity=16"
    "memorysetup-bucket-allocator-bucket-count=8"
    "memorysetup-bucket-allocator-block-size=33554432"
    "memorysetup-bucket-allocator-block-count=8"
    "memorysetup-main-allocator-block-size=16777216"
    "memorysetup-thread-allocator-block-size=16777216"
    "memorysetup-gfx-main-allocator-block-size=16777216"
    "memorysetup-gfx-thread-allocator-block-size=16777216"
    "memorysetup-cache-allocator-block-size=4194304"
    "memorysetup-typetree-allocator-block-size=2097152"
    "memorysetup-profiler-bucket-allocator-granularity=16"
    "memorysetup-profiler-bucket-allocator-bucket-count=8"
    "memorysetup-profiler-bucket-allocator-block-size=33554432"
    "memorysetup-profiler-bucket-allocator-block-count=8"
    "memorysetup-profiler-allocator-block-size=16777216"
    "memorysetup-profiler-editor-allocator-block-size=1048576"
    "memorysetup-temp-allocator-size-main=16777216"
    "memorysetup-job-temp-allocator-block-size=2097152"
    "memorysetup-job-temp-allocator-block-size-background=1048576"
    "memorysetup-job-temp-allocator-reduction-small-platforms=262144"
    "memorysetup-temp-allocator-size-background-worker=32768"
    "memorysetup-temp-allocator-size-job-worker=262144"
    "memorysetup-temp-allocator-size-preload-manager=33554432"
    "memorysetup-temp-allocator-size-nav-mesh-worker=65536"
    "memorysetup-temp-allocator-size-audio-worker=65536"
    "memorysetup-temp-allocator-size-cloud-worker=32768"
    "memorysetup-temp-allocator-size-gi-baking-worker=262144"
    "memorysetup-temp-allocator-size-gfx=262144"
Player connection [33948] Host "[IP] 192.168.2.30 [Port] 0 [Flags] 2 [Guid] 1350524289 [EditorId] 1350524289 [Version] 1048832 [Id] WindowsEditor(7,MS02) [Debug] 1 [PackageName] WindowsEditor [ProjectName] Editor" joined multi-casting on [225.0.0.222:54997]...

Player connection [33948] Host "[IP] 192.168.2.30 [Port] 0 [Flags] 2 [Guid] 1350524289 [EditorId] 1350524289 [Version] 1048832 [Id] WindowsEditor(7,MS02) [Debug] 1 [PackageName] WindowsEditor [ProjectName] Editor" joined alternative multi-casting on [225.0.0.222:34997]...

AS: AutoStreaming module initializing.
Refreshing native plugins compatible for Editor in 206.31 ms, found 3 plugins.
Preloading 0 native plugins for Editor in 0.00 ms.
Initialize engine version: 2021.3.16f1c1 (56dbfdd6697f)
[Subsystems] Discovering subsystems at path D:/UnityEditor/2021.3.16f1c1/Editor/Data/Resources/UnitySubsystems
[Subsystems] Discovering subsystems at path D:/MSClub/Assets
GfxDevice: creating device client; threaded=0; jobified=0
Direct3D:
    Version:  Direct3D 11.0 [level 11.1]
    Renderer: NVIDIA GeForce RTX 4060 Laptop GPU (ID=0x28e0)
    Vendor:   NVIDIA
    VRAM:     7971 MB
    Driver:   31.0.15.3152
Shader 'Custom/CloudShader': fallback shader 'Particles/VertexLit' not found
Initialize mono
Mono path[0] = 'D:/UnityEditor/2021.3.16f1c1/Editor/Data/Managed'
Mono path[1] = 'D:/UnityEditor/2021.3.16f1c1/Editor/Data/MonoBleedingEdge/lib/mono/unityjit-win32'
Mono config path = 'D:/UnityEditor/2021.3.16f1c1/Editor/Data/MonoBleedingEdge/etc'
Using monoOptions --debugger-agent=transport=dt_socket,embedding=1,server=y,suspend=n,address=127.0.0.1:56572
Begin MonoManager ReloadAssembly
Registering precompiled unity dll's ...
Register platform support module: D:/UnityEditor/2021.3.16f1c1/Editor/Data/PlaybackEngines/WindowsStandaloneSupport/UnityEditor.WindowsStandalone.Extensions.dll
Register platform support module: D:/UnityEditor/2021.3.16f1c1/Editor/Data/PlaybackEngines/MetroSupport/UnityEditor.UWP.Extensions.dll
Registered in 0.002946 seconds.
Native extension for UWP target not found
Native extension for WindowsStandalone target not found
Refreshing native plugins compatible for Editor in 178.05 ms, found 3 plugins.
Preloading 0 native plugins for Editor in 0.00 ms.
Mono: successfully reloaded assembly
- Completed reload, in  0.548 seconds
Domain Reload Profiling:
	ReloadAssembly (549ms)
		BeginReloadAssembly (64ms)
			ExecutionOrderSort (0ms)
			DisableScriptedObjects (0ms)
			BackupInstance (0ms)
			ReleaseScriptingObjects (0ms)
			CreateAndSetChildDomain (0ms)
		EndReloadAssembly (408ms)
			LoadAssemblies (60ms)
			RebuildTransferFunctionScriptingTraits (0ms)
			SetupTypeCache (62ms)
			ReleaseScriptCaches (0ms)
			RebuildScriptCaches (16ms)
			SetupLoadedEditorAssemblies (289ms)
				LogAssemblyErrors (0ms)
				InitializePlatformSupportModulesInManaged (5ms)
				SetLoadedEditorAssemblies (0ms)
				RefreshPlugins (178ms)
				BeforeProcessingInitializeOnLoad (1ms)
				ProcessInitializeOnLoadAttributes (72ms)
				ProcessInitializeOnLoadMethodAttributes (33ms)
				AfterProcessingInitializeOnLoad (0ms)
				EditorAssembliesLoaded (0ms)
			ExecutionOrderSort2 (0ms)
			AwakeInstancesAfterBackupRestoration (0ms)
Platform modules already initialized, skipping
Registering precompiled user dll's ...
Registered in 0.014091 seconds.
Begin MonoManager ReloadAssembly
Symbol file LoadedFromMemory doesn't match image D:\MSClub\Library\PackageCache\com.unity.visualscripting@1.7.8\Editor\VisualScripting.Core\Dependencies\YamlDotNet\Unity.VisualScripting.YamlDotNet.dll
Symbol file LoadedFromMemory doesn't match image D:\MSClub\Library\PackageCache\com.unity.visualscripting@1.7.8\Editor\VisualScripting.Core\Dependencies\DotNetZip\Unity.VisualScripting.IonicZip.dll
Native extension for UWP target not found
Native extension for WindowsStandalone target not found
Refreshing native plugins compatible for Editor in 207.97 ms, found 3 plugins.
Preloading 0 native plugins for Editor in 0.00 ms.
Mono: successfully reloaded assembly
- Completed reload, in  1.336 seconds
Domain Reload Profiling:
	ReloadAssembly (1336ms)
		BeginReloadAssembly (98ms)
			ExecutionOrderSort (0ms)
			DisableScriptedObjects (3ms)
			BackupInstance (0ms)
			ReleaseScriptingObjects (0ms)
			CreateAndSetChildDomain (17ms)
		EndReloadAssembly (1148ms)
			LoadAssemblies (102ms)
			RebuildTransferFunctionScriptingTraits (0ms)
			SetupTypeCache (201ms)
			ReleaseScriptCaches (1ms)
			RebuildScriptCaches (49ms)
			SetupLoadedEditorAssemblies (770ms)
				LogAssemblyErrors (0ms)
				InitializePlatformSupportModulesInManaged (3ms)
				SetLoadedEditorAssemblies (0ms)
				RefreshPlugins (208ms)
				BeforeProcessingInitializeOnLoad (80ms)
				ProcessInitializeOnLoadAttributes (421ms)
				ProcessInitializeOnLoadMethodAttributes (49ms)
				AfterProcessingInitializeOnLoad (9ms)
				EditorAssembliesLoaded (0ms)
			ExecutionOrderSort2 (0ms)
			AwakeInstancesAfterBackupRestoration (6ms)
Platform modules already initialized, skipping
========================================================================
Worker process is ready to serve import requests
Shader 'Custom/CloudShader': fallback shader 'Particles/VertexLit' not found
Launched and connected shader compiler UnityShaderCompiler.exe after 0.08 seconds
Refreshing native plugins compatible for Editor in 4.79 ms, found 3 plugins.
Preloading 0 native plugins for Editor in 0.00 ms.
Unloading 5922 Unused Serialized files (Serialized files now loaded: 0)
Unloading 49 unused Assets / (2.3 MB). Loaded Objects now: 6371.
Memory consumption went from 295.0 MB to 292.7 MB.
Total: 4.046200 ms (FindLiveObjects: 0.473000 ms CreateObjectMapping: 0.111400 ms MarkObjects: 2.757100 ms  DeleteObjects: 0.703400 ms)

AssetImportParameters requested are different than current active one (requested -> active):
  custom:video-decoder-ogg-theora: a1e56fd34408186e4bbccfd4996cb3dc -> 
  custom:container-muxer-webm: aa71ff27fc2769a1b78a27578f13a17b -> 
  custom:container-demuxer-webm: 4f35f7cbe854078d1ac9338744f61a02 -> 
  custom:video-encoder-webm-vp8: eb34c28f22e8b96e1ab97ce403110664 -> 
  custom:video-codec-MediaFoundation-h265: 746d11721c4dcdbdad8f713fa42b33f4 -> 
  custom:audio-encoder-webm-vorbis: bf7c407c2cedff20999df2af8eb42d56 -> 
  custom:framework-win-MediaFoundation: 216162199b28c13a410421893ffa2e32 -> 
  custom:container-demuxer-ogg: 62fdf1f143b41e24485cea50d1cbac27 -> 
  custom:video-decoder-webm-vp8: 9c59270c3fd7afecdb556c50c9e8de78 -> 
  custom:audio-decoder-ogg-vorbis: bf7c407c2cedff20999df2af8eb42d56 -> 
========================================================================
Received Import Request.
  Time since last request: 86729.750722 seconds.
  path: Assets/Extra/Fabgrid/Demo/3D Game Kit - Props Pack/Environment/Ground
  artifactKey: Guid(8890fb4f68e4a3c4ea96b81e212a14a5) Importer(815301076,1909f56bfc062723c751e8b465ee728b)
Start importing Assets/Extra/Fabgrid/Demo/3D Game Kit - Props Pack/Environment/Ground using Guid(8890fb4f68e4a3c4ea96b81e212a14a5) Importer(815301076,1909f56bfc062723c751e8b465ee728b)  -> (artifact id: '5740e8576d65eaf548f5f771587d088f') in 0.011040 seconds 
========================================================================
Received Import Request.
  Time since last request: 0.713245 seconds.
  path: Assets/Extra/Fabgrid/Demo/3D Game Kit - Props Pack/Environment/Ground/Textures
  artifactKey: Guid(9a69d1719c4be144f9a77e117e297ce1) Importer(815301076,1909f56bfc062723c751e8b465ee728b)
Start importing Assets/Extra/Fabgrid/Demo/3D Game Kit - Props Pack/Environment/Ground/Textures using Guid(9a69d1719c4be144f9a77e117e297ce1) Importer(815301076,1909f56bfc062723c751e8b465ee728b)  -> (artifact id: '9bb0a68cf00c940bb9695c79d108f878') in 0.002281 seconds 
========================================================================
Received Import Request.
  Time since last request: 0.039252 seconds.
  path: Assets/Extra/Fabgrid/Demo/3D Game Kit - Props Pack/Environment/Ground/Textures/Moss_Albedo.tif
  artifactKey: Guid(fd467bbf94d53bb499d3c3075cb021c9) Importer(815301076,1909f56bfc062723c751e8b465ee728b)
Start importing Assets/Extra/Fabgrid/Demo/3D Game Kit - Props Pack/Environment/Ground/Textures/Moss_Albedo.tif using Guid(fd467bbf94d53bb499d3c3075cb021c9) Importer(815301076,1909f56bfc062723c751e8b465ee728b)  -> (artifact id: '5ba8994a6d969c5d6dcc508029932466') in 0.058158 seconds 
========================================================================
Received Import Request.
  Time since last request: 0.000021 seconds.
  path: Assets/Extra/Fabgrid/Demo/3D Game Kit - Props Pack/Environment/Ground/Textures/Moss_Normal.tif
  artifactKey: Guid(ba636111ccf91df469cf93c2e9c9bb42) Importer(815301076,1909f56bfc062723c751e8b465ee728b)
Start importing Assets/Extra/Fabgrid/Demo/3D Game Kit - Props Pack/Environment/Ground/Textures/Moss_Normal.tif using Guid(ba636111ccf91df469cf93c2e9c9bb42) Importer(815301076,1909f56bfc062723c751e8b465ee728b)  -> (artifact id: 'fabc286aefdf68d29be8d81848550f04') in 0.028308 seconds 
========================================================================
Received Import Request.
  Time since last request: 5.670173 seconds.
  path: Assets/Extra/Fabgrid/Documentation
  artifactKey: Guid(badb10a46138ad7479a41be2c238f540) Importer(815301076,1909f56bfc062723c751e8b465ee728b)
Start importing Assets/Extra/Fabgrid/Documentation using Guid(badb10a46138ad7479a41be2c238f540) Importer(815301076,1909f56bfc062723c751e8b465ee728b)  -> (artifact id: '347030b95a581bd44aca758d19a45810') in 0.001700 seconds 
========================================================================
Received Import Request.
  Time since last request: 1.716474 seconds.
  path: Assets/Extra/Fabgrid/Materials
  artifactKey: Guid(fd68337afff70fe4b9903383bced44dc) Importer(815301076,1909f56bfc062723c751e8b465ee728b)
Start importing Assets/Extra/Fabgrid/Materials using Guid(fd68337afff70fe4b9903383bced44dc) Importer(815301076,1909f56bfc062723c751e8b465ee728b)  -> (artifact id: 'ad357437b0d6e4a8b9bbea459741f8d5') in 0.001708 seconds 
========================================================================
Received Import Request.
  Time since last request: 0.026359 seconds.
  path: Assets/Extra/Fabgrid/Materials/FabgridEraserMaterial.mat
  artifactKey: Guid(f789dba3864d3e34cb7c87c66823b80b) Importer(815301076,1909f56bfc062723c751e8b465ee728b)
Start importing Assets/Extra/Fabgrid/Materials/FabgridEraserMaterial.mat using Guid(f789dba3864d3e34cb7c87c66823b80b) Importer(815301076,1909f56bfc062723c751e8b465ee728b)  -> (artifact id: '6851c65901d90f023b2d0d3c0374d360') in 0.029951 seconds 
========================================================================
Received Import Request.
  Time since last request: 0.000021 seconds.
  path: Assets/Extra/Fabgrid/Materials/FabgridSelectMaterial.mat
  artifactKey: Guid(d8db2d396feb7f846bad33fd7b1bdc58) Importer(815301076,1909f56bfc062723c751e8b465ee728b)
Start importing Assets/Extra/Fabgrid/Materials/FabgridSelectMaterial.mat using Guid(d8db2d396feb7f846bad33fd7b1bdc58) Importer(815301076,1909f56bfc062723c751e8b465ee728b)  -> (artifact id: '555b8979be45b6cc528bc76635b4969b') in 0.010949 seconds 
========================================================================
Received Import Request.
  Time since last request: 2.087200 seconds.
  path: Assets/Extra/Fabgrid/Documentation/README.pdf
  artifactKey: Guid(acfd4049fa35917408f50e1bd8bb19be) Importer(815301076,1909f56bfc062723c751e8b465ee728b)
Start importing Assets/Extra/Fabgrid/Documentation/README.pdf using Guid(acfd4049fa35917408f50e1bd8bb19be) Importer(815301076,1909f56bfc062723c751e8b465ee728b)  -> (artifact id: '33a0ee7c2d0a068981b113860dfc182e') in 0.006622 seconds 
========================================================================
Received Import Request.
  Time since last request: 95.277076 seconds.
  path: Assets/Extra/Fabgrid/Demo/Scenes/New Scene.unity
  artifactKey: Guid(192797f820343ae42897ff96649feadc) Importer(815301076,1909f56bfc062723c751e8b465ee728b)
Start importing Assets/Extra/Fabgrid/Demo/Scenes/New Scene.unity using Guid(192797f820343ae42897ff96649feadc) Importer(815301076,1909f56bfc062723c751e8b465ee728b)  -> (artifact id: 'fb043ae5bc6167e6145e16f75449d595') in 0.001778 seconds 
========================================================================
Received Import Request.
  Time since last request: 54.479727 seconds.
  path: Assets/Extra/Fabgrid/Scripts
  artifactKey: Guid(a6087f7dc3a874c429acdcdb5ac0f584) Importer(815301076,1909f56bfc062723c751e8b465ee728b)
Start importing Assets/Extra/Fabgrid/Scripts using Guid(a6087f7dc3a874c429acdcdb5ac0f584) Importer(815301076,1909f56bfc062723c751e8b465ee728b)  -> (artifact id: '6ce075513c5cb064a9344a04cbc4d12d') in 0.001676 seconds 
========================================================================
Received Import Request.
  Time since last request: 0.056832 seconds.
  path: Assets/Extra/Fabgrid/Scripts/Fabgrid.asmdef
  artifactKey: Guid(b7ba567aa1eda9941b5092651b8fd147) Importer(815301076,1909f56bfc062723c751e8b465ee728b)
Start importing Assets/Extra/Fabgrid/Scripts/Fabgrid.asmdef using Guid(b7ba567aa1eda9941b5092651b8fd147) Importer(815301076,1909f56bfc062723c751e8b465ee728b)  -> (artifact id: '72f0b1fe2ddd247574fc31fe90834ef5') in 0.005424 seconds 
========================================================================
Received Import Request.
  Time since last request: 2.432322 seconds.
  path: Assets/Extra/Fabgrid/Scripts/Tilemap3D.cs
  artifactKey: Guid(9a6ecf9861c932d4aaaaa7d01dfd9470) Importer(815301076,1909f56bfc062723c751e8b465ee728b)
Start importing Assets/Extra/Fabgrid/Scripts/Tilemap3D.cs using Guid(9a6ecf9861c932d4aaaaa7d01dfd9470) Importer(815301076,1909f56bfc062723c751e8b465ee728b)  -> (artifact id: '8ce473916998ac8ca64c2a6eab3d2572') in 0.006386 seconds 
========================================================================
Received Import Request.
  Time since last request: 27.491837 seconds.
  path: Assets/Extra/Fabgrid/Scripts/Editor
  artifactKey: Guid(79f53b71020167f43b9eccd27e11b9f6) Importer(815301076,1909f56bfc062723c751e8b465ee728b)
Start importing Assets/Extra/Fabgrid/Scripts/Editor using Guid(79f53b71020167f43b9eccd27e11b9f6) Importer(815301076,1909f56bfc062723c751e8b465ee728b)  -> (artifact id: '4d3b1a02ed33d6382e365ca94a22e96b') in 0.001780 seconds 
========================================================================
Received Import Request.
  Time since last request: 0.063455 seconds.
  path: Assets/Extra/Fabgrid/Scripts/Editor/TileMap3DEditor.uss
  artifactKey: Guid(e7372a3ea96cd0947adcbf6c0eecb21d) Importer(815301076,1909f56bfc062723c751e8b465ee728b)
Start importing Assets/Extra/Fabgrid/Scripts/Editor/TileMap3DEditor.uss using Guid(e7372a3ea96cd0947adcbf6c0eecb21d) Importer(815301076,1909f56bfc062723c751e8b465ee728b)  -> (artifact id: '52de98da8d40b7686f6b5c464d29b08b') in 0.007716 seconds 
========================================================================
Received Import Request.
  Time since last request: 3.162279 seconds.
  path: Assets/Extra/Fabgrid/Scripts/Editor/Tilemap3DEditor.cs
  artifactKey: Guid(417a1b60fea3c5742bb15709da1c56a6) Importer(815301076,1909f56bfc062723c751e8b465ee728b)
Start importing Assets/Extra/Fabgrid/Scripts/Editor/Tilemap3DEditor.cs using Guid(417a1b60fea3c5742bb15709da1c56a6) Importer(815301076,1909f56bfc062723c751e8b465ee728b)  -> (artifact id: '8f70c0fcac43a1fb4c380fe17ed488b5') in 0.001686 seconds 
========================================================================
Received Prepare
Registering precompiled user dll's ...
Registered in 0.012931 seconds.
Begin MonoManager ReloadAssembly
Symbol file LoadedFromMemory doesn't match image D:\MSClub\Library\PackageCache\com.unity.visualscripting@1.7.8\Editor\VisualScripting.Core\Dependencies\YamlDotNet\Unity.VisualScripting.YamlDotNet.dll
Symbol file LoadedFromMemory doesn't match image D:\MSClub\Library\PackageCache\com.unity.visualscripting@1.7.8\Editor\VisualScripting.Core\Dependencies\DotNetZip\Unity.VisualScripting.IonicZip.dll
Native extension for UWP target not found
Native extension for WindowsStandalone target not found
Refreshing native plugins compatible for Editor in 2.74 ms, found 3 plugins.
Preloading 0 native plugins for Editor in 0.00 ms.
Mono: successfully reloaded assembly
- Completed reload, in  0.955 seconds
Domain Reload Profiling:
	ReloadAssembly (956ms)
		BeginReloadAssembly (137ms)
			ExecutionOrderSort (0ms)
			DisableScriptedObjects (2ms)
			BackupInstance (0ms)
			ReleaseScriptingObjects (0ms)
			CreateAndSetChildDomain (54ms)
		EndReloadAssembly (752ms)
			LoadAssemblies (80ms)
			RebuildTransferFunctionScriptingTraits (0ms)
			SetupTypeCache (172ms)
			ReleaseScriptCaches (2ms)
			RebuildScriptCaches (26ms)
			SetupLoadedEditorAssemblies (447ms)
				LogAssemblyErrors (0ms)
				InitializePlatformSupportModulesInManaged (8ms)
				SetLoadedEditorAssemblies (0ms)
				RefreshPlugins (3ms)
				BeforeProcessingInitializeOnLoad (53ms)
				ProcessInitializeOnLoadAttributes (326ms)
				ProcessInitializeOnLoadMethodAttributes (47ms)
				AfterProcessingInitializeOnLoad (11ms)
				EditorAssembliesLoaded (0ms)
			ExecutionOrderSort2 (0ms)
			AwakeInstancesAfterBackupRestoration (7ms)
Platform modules already initialized, skipping
Shader 'Custom/CloudShader': fallback shader 'Particles/VertexLit' not found
Refreshing native plugins compatible for Editor in 5.30 ms, found 3 plugins.
Preloading 0 native plugins for Editor in 0.00 ms.
Unloading 5733 Unused Serialized files (Serialized files now loaded: 0)
Unloading 42 unused Assets / (2.2 MB). Loaded Objects now: 6419.
Memory consumption went from 288.6 MB to 286.4 MB.
Total: 3.548700 ms (FindLiveObjects: 0.454400 ms CreateObjectMapping: 0.119400 ms MarkObjects: 2.443600 ms  DeleteObjects: 0.530300 ms)

AssetImportParameters requested are different than current active one (requested -> active):
  custom:video-decoder-ogg-theora: a1e56fd34408186e4bbccfd4996cb3dc -> 
  custom:container-muxer-webm: aa71ff27fc2769a1b78a27578f13a17b -> 
  custom:container-demuxer-webm: 4f35f7cbe854078d1ac9338744f61a02 -> 
  custom:video-encoder-webm-vp8: eb34c28f22e8b96e1ab97ce403110664 -> 
  custom:video-codec-MediaFoundation-h265: 746d11721c4dcdbdad8f713fa42b33f4 -> 
  custom:audio-encoder-webm-vorbis: bf7c407c2cedff20999df2af8eb42d56 -> 
  custom:framework-win-MediaFoundation: 216162199b28c13a410421893ffa2e32 -> 
  custom:container-demuxer-ogg: 62fdf1f143b41e24485cea50d1cbac27 -> 
  custom:video-decoder-webm-vp8: 9c59270c3fd7afecdb556c50c9e8de78 -> 
  custom:audio-decoder-ogg-vorbis: bf7c407c2cedff20999df2af8eb42d56 -> 
========================================================================
Received Import Request.
  Time since last request: 154.668035 seconds.
  path: Assets/Model
  artifactKey: Guid(23b932fdb9ece48459cf4c888e8f7907) Importer(815301076,1909f56bfc062723c751e8b465ee728b)
Start importing Assets/Model using Guid(23b932fdb9ece48459cf4c888e8f7907) Importer(815301076,1909f56bfc062723c751e8b465ee728b)  -> (artifact id: '38e7c175b1ad7ab2e3049f1392bec783') in 0.009597 seconds 
========================================================================
Received Import Request.
  Time since last request: 0.003178 seconds.
  path: Assets/Model/Factory.prefab
  artifactKey: Guid(72be4bb8658e2214aa476c170f766bf0) Importer(815301076,1909f56bfc062723c751e8b465ee728b)
Start importing Assets/Model/Factory.prefab using Guid(72be4bb8658e2214aa476c170f766bf0) Importer(815301076,1909f56bfc062723c751e8b465ee728b)  -> (artifact id: 'df0f9a0f9e01f2b64a37ab5f6fbd4c1f') in 0.074251 seconds 
========================================================================
Received Import Request.
  Time since last request: 0.000025 seconds.
  path: Assets/Model/Leaf1.prefab
  artifactKey: Guid(4f71948fda1e0bd488e8ca298258f541) Importer(815301076,1909f56bfc062723c751e8b465ee728b)
Start importing Assets/Model/Leaf1.prefab using Guid(4f71948fda1e0bd488e8ca298258f541) Importer(815301076,1909f56bfc062723c751e8b465ee728b)  -> (artifact id: '1cb5165698682b214415f68c545c0c8e') in 0.016573 seconds 
========================================================================
Received Import Request.
  Time since last request: 0.000028 seconds.
  path: Assets/Model/Model_Air.prefab
  artifactKey: Guid(baa2ce0bc7cfc4440871501386435b9c) Importer(815301076,1909f56bfc062723c751e8b465ee728b)
Start importing Assets/Model/Model_Air.prefab using Guid(baa2ce0bc7cfc4440871501386435b9c) Importer(815301076,1909f56bfc062723c751e8b465ee728b)  -> (artifact id: 'cb5e28181ccbbaf20080b174d202cb10') in 0.017533 seconds 
========================================================================
Received Import Request.
  Time since last request: 0.000019 seconds.
  path: Assets/Model/gold.prefab
  artifactKey: Guid(a1c2009a1a560d24f9aef89a2d3ded6f) Importer(815301076,1909f56bfc062723c751e8b465ee728b)
Start importing Assets/Model/gold.prefab using Guid(a1c2009a1a560d24f9aef89a2d3ded6f) Importer(815301076,1909f56bfc062723c751e8b465ee728b)  -> (artifact id: 'e72b1db27f72ba29081081db1183b0ec') in 0.018201 seconds 
========================================================================
Received Import Request.
  Time since last request: 0.000023 seconds.
  path: Assets/Model/moon1.prefab
  artifactKey: Guid(b788ba8c41ffbda449779f4bb067156f) Importer(815301076,1909f56bfc062723c751e8b465ee728b)
Start importing Assets/Model/moon1.prefab using Guid(b788ba8c41ffbda449779f4bb067156f) Importer(815301076,1909f56bfc062723c751e8b465ee728b)  -> (artifact id: '4c109c3fa1407171ea0a1d49c1d93add') in 0.016354 seconds 
========================================================================
Received Import Request.
  Time since last request: 0.000019 seconds.
  path: Assets/Model/Light.prefab
  artifactKey: Guid(1f9f5d9ba51e23c47b24646a9369957d) Importer(815301076,1909f56bfc062723c751e8b465ee728b)
Start importing Assets/Model/Light.prefab using Guid(1f9f5d9ba51e23c47b24646a9369957d) Importer(815301076,1909f56bfc062723c751e8b465ee728b)  -> (artifact id: '9dbd6a803affd165115ecfcdca27720e') in 0.016848 seconds 
========================================================================
Received Import Request.
  Time since last request: 0.000021 seconds.
  path: Assets/Model/Leaf3.prefab
  artifactKey: Guid(a26f15662f21f6a45a3f50d49c174e19) Importer(815301076,1909f56bfc062723c751e8b465ee728b)
Start importing Assets/Model/Leaf3.prefab using Guid(a26f15662f21f6a45a3f50d49c174e19) Importer(815301076,1909f56bfc062723c751e8b465ee728b)  -> (artifact id: 'ff3cda187dde23b2d517748d83a1aac9') in 0.016645 seconds 
========================================================================
Received Import Request.
  Time since last request: 0.000024 seconds.
  path: Assets/Model/Model 0.prefab
  artifactKey: Guid(a1d749bcd661c0b40898543612b0f934) Importer(815301076,1909f56bfc062723c751e8b465ee728b)
Start importing Assets/Model/Model 0.prefab using Guid(a1d749bcd661c0b40898543612b0f934) Importer(815301076,1909f56bfc062723c751e8b465ee728b)  -> (artifact id: 'af461a1e0fd9584053bded82d8f96b07') in 0.008344 seconds 
========================================================================
Received Import Request.
  Time since last request: 0.000026 seconds.
  path: Assets/Model/tower.prefab
  artifactKey: Guid(f32e7535792339647bd416d8a78269de) Importer(815301076,1909f56bfc062723c751e8b465ee728b)
Start importing Assets/Model/tower.prefab using Guid(f32e7535792339647bd416d8a78269de) Importer(815301076,1909f56bfc062723c751e8b465ee728b)  -> (artifact id: 'ed4b45a2f8a7e7dd4a4c39c37aefdbf7') in 0.016489 seconds 
========================================================================
Received Import Request.
  Time since last request: 0.000021 seconds.
  path: Assets/Model/Model 0 1.prefab
  artifactKey: Guid(ef40b9603f6e7fd41b911d4844b4db92) Importer(815301076,1909f56bfc062723c751e8b465ee728b)
Start importing Assets/Model/Model 0 1.prefab using Guid(ef40b9603f6e7fd41b911d4844b4db92) Importer(815301076,1909f56bfc062723c751e8b465ee728b)  -> (artifact id: '5b5ede143028b0506c7aff7688fa66e6') in 0.008400 seconds 
========================================================================
Received Import Request.
  Time since last request: 0.000019 seconds.
  path: Assets/Model/游侠.prefab
  artifactKey: Guid(0d7e28dadd8f37f4484f9085f74c4a6f) Importer(815301076,1909f56bfc062723c751e8b465ee728b)
Start importing Assets/Model/游侠.prefab using Guid(0d7e28dadd8f37f4484f9085f74c4a6f) Importer(815301076,1909f56bfc062723c751e8b465ee728b)  -> (artifact id: '5c7a6deaa42ec1fb4bee85463b223892') in 0.016802 seconds 
========================================================================
Received Import Request.
  Time since last request: 2.356177 seconds.
  path: Assets/Model/pureModel
  artifactKey: Guid(f097594cbf0b71747b4108816b6fbf02) Importer(815301076,1909f56bfc062723c751e8b465ee728b)
Start importing Assets/Model/pureModel using Guid(f097594cbf0b71747b4108816b6fbf02) Importer(815301076,1909f56bfc062723c751e8b465ee728b)  -> (artifact id: 'd4f2ec60e9deee3abb7807a162f2a3c2') in 0.001870 seconds 
========================================================================
Received Import Request.
  Time since last request: 0.042427 seconds.
  path: Assets/Model/pureModel/Model 0.prefab
  artifactKey: Guid(2425b8f0d181aac4fa694d390122222f) Importer(815301076,1909f56bfc062723c751e8b465ee728b)
Start importing Assets/Model/pureModel/Model 0.prefab using Guid(2425b8f0d181aac4fa694d390122222f) Importer(815301076,1909f56bfc062723c751e8b465ee728b)  -> (artifact id: '1ce4239f62746175b1dd9024be9f3e2a') in 0.008008 seconds 
========================================================================
Received Import Request.
  Time since last request: 0.000023 seconds.
  path: Assets/Model/pureModel/Model_Leaf3.prefab
  artifactKey: Guid(0db1fb4e739ec304089eaab3026a993e) Importer(815301076,1909f56bfc062723c751e8b465ee728b)
Start importing Assets/Model/pureModel/Model_Leaf3.prefab using Guid(0db1fb4e739ec304089eaab3026a993e) Importer(815301076,1909f56bfc062723c751e8b465ee728b)  -> (artifact id: '70983e7d9acd0d57a511adcc530ce3ee') in 0.007868 seconds 
========================================================================
Received Import Request.
  Time since last request: 0.000029 seconds.
  path: Assets/Model/pureModel/Model_Tower.prefab
  artifactKey: Guid(1d5cd1ceb177a604ca7fae9177d2592d) Importer(815301076,1909f56bfc062723c751e8b465ee728b)
Start importing Assets/Model/pureModel/Model_Tower.prefab using Guid(1d5cd1ceb177a604ca7fae9177d2592d) Importer(815301076,1909f56bfc062723c751e8b465ee728b)  -> (artifact id: '9fcd9dcc931c0c3143c567b7340b29e1') in 0.007830 seconds 
========================================================================
Received Import Request.
  Time since last request: 0.000019 seconds.
  path: Assets/Model/pureModel/Model_Mini.prefab
  artifactKey: Guid(9843068591bbeb6479a3e52f13f3e683) Importer(815301076,1909f56bfc062723c751e8b465ee728b)
Start importing Assets/Model/pureModel/Model_Mini.prefab using Guid(9843068591bbeb6479a3e52f13f3e683) Importer(815301076,1909f56bfc062723c751e8b465ee728b)  -> (artifact id: '73aa5c274e5b9ca1697ab4767c96f0ce') in 0.007425 seconds 
========================================================================
Received Import Request.
  Time since last request: 0.000019 seconds.
  path: Assets/Model/pureModel/Model_Leaf2.prefab
  artifactKey: Guid(c659d5fa6baea7a4b84eb24b7f9dce74) Importer(815301076,1909f56bfc062723c751e8b465ee728b)
Start importing Assets/Model/pureModel/Model_Leaf2.prefab using Guid(c659d5fa6baea7a4b84eb24b7f9dce74) Importer(815301076,1909f56bfc062723c751e8b465ee728b)  -> (artifact id: '3c64d1d57941bf125c6edd065fa47b62') in 0.008479 seconds 
========================================================================
Received Import Request.
  Time since last request: 0.000019 seconds.
  path: Assets/Model/pureModel/Model_Roof.prefab
  artifactKey: Guid(9c46d778443fa6e4da0add59cb50a0ab) Importer(815301076,1909f56bfc062723c751e8b465ee728b)
Start importing Assets/Model/pureModel/Model_Roof.prefab using Guid(9c46d778443fa6e4da0add59cb50a0ab) Importer(815301076,1909f56bfc062723c751e8b465ee728b)  -> (artifact id: '3e047662080e2d272870309fc0051474') in 0.007002 seconds 
========================================================================
Received Import Request.
  Time since last request: 0.000016 seconds.
  path: Assets/Model/pureModel/Model_MageTower.prefab
  artifactKey: Guid(acaa2d8281647054dae4ede139bdf161) Importer(815301076,1909f56bfc062723c751e8b465ee728b)
Start importing Assets/Model/pureModel/Model_MageTower.prefab using Guid(acaa2d8281647054dae4ede139bdf161) Importer(815301076,1909f56bfc062723c751e8b465ee728b)  -> (artifact id: 'ea709a4abc0895b9875381af36ac26d1') in 0.007612 seconds 
========================================================================
Received Import Request.
  Time since last request: 0.000017 seconds.
  path: Assets/Model/pureModel/Model_Supporter.prefab
  artifactKey: Guid(751833e84be42e14793940694a8c76e0) Importer(815301076,1909f56bfc062723c751e8b465ee728b)
Start importing Assets/Model/pureModel/Model_Supporter.prefab using Guid(751833e84be42e14793940694a8c76e0) Importer(815301076,1909f56bfc062723c751e8b465ee728b)  -> (artifact id: '56b8bc68cb7f6d423d77a080dd7fac17') in 0.008378 seconds 
========================================================================
Received Import Request.
  Time since last request: 0.000015 seconds.
  path: Assets/Model/pureModel/Model_Sentry.prefab
  artifactKey: Guid(b259bba28b73d86458d2848d56ad518d) Importer(815301076,1909f56bfc062723c751e8b465ee728b)
Start importing Assets/Model/pureModel/Model_Sentry.prefab using Guid(b259bba28b73d86458d2848d56ad518d) Importer(815301076,1909f56bfc062723c751e8b465ee728b)  -> (artifact id: '0c13bb7ecbf7d06c71a98f81806a3be2') in 0.007827 seconds 
Editor requested this worker to shutdown with reason: Scaling down because of idle timeout
AssetImportWorker is now disconnected from the server
Process exiting
Exiting without the bug reporter. Application will terminate with return code 0