Using pre-set license
Built from 'HEAD' branch; Version is '2021.3.16f1c1 (56dbfdd6697f) revision 5692413'; Using compiler version '192829333'; Build Type 'Release'
OS: 'Windows 11  (10.0.22621) 64bit CoreCountrySpecific' Language: 'zh' Physical Memory: 32448 MB
BatchMode: 1, IsHumanControllingUs: 0, StartBugReporterOnCrash: 0, Is64bit: 1, IsPro: 1

COMMAND LINE ARGUMENTS:
D:\UnityEditor\2021.3.16f1c1\Editor\Unity.exe
-adb2
-batchMode
-noUpm
-name
AssetImportWorker4
-projectPath
D:/MSClub
-logFile
Logs/AssetImportWorker4.log
-srvPort
4699
Successfully changed project path to: D:/MSClub
D:/MSClub
[UnityMemory] Configuration Parameters - Can be set up in boot.config
    "memorysetup-bucket-allocator-granularity=16"
    "memorysetup-bucket-allocator-bucket-count=8"
    "memorysetup-bucket-allocator-block-size=33554432"
    "memorysetup-bucket-allocator-block-count=8"
    "memorysetup-main-allocator-block-size=16777216"
    "memorysetup-thread-allocator-block-size=16777216"
    "memorysetup-gfx-main-allocator-block-size=16777216"
    "memorysetup-gfx-thread-allocator-block-size=16777216"
    "memorysetup-cache-allocator-block-size=4194304"
    "memorysetup-typetree-allocator-block-size=2097152"
    "memorysetup-profiler-bucket-allocator-granularity=16"
    "memorysetup-profiler-bucket-allocator-bucket-count=8"
    "memorysetup-profiler-bucket-allocator-block-size=33554432"
    "memorysetup-profiler-bucket-allocator-block-count=8"
    "memorysetup-profiler-allocator-block-size=16777216"
    "memorysetup-profiler-editor-allocator-block-size=1048576"
    "memorysetup-temp-allocator-size-main=16777216"
    "memorysetup-job-temp-allocator-block-size=2097152"
    "memorysetup-job-temp-allocator-block-size-background=1048576"
    "memorysetup-job-temp-allocator-reduction-small-platforms=262144"
    "memorysetup-temp-allocator-size-background-worker=32768"
    "memorysetup-temp-allocator-size-job-worker=262144"
    "memorysetup-temp-allocator-size-preload-manager=33554432"
    "memorysetup-temp-allocator-size-nav-mesh-worker=65536"
    "memorysetup-temp-allocator-size-audio-worker=65536"
    "memorysetup-temp-allocator-size-cloud-worker=32768"
    "memorysetup-temp-allocator-size-gi-baking-worker=262144"
    "memorysetup-temp-allocator-size-gfx=262144"
Player connection [40404] Host "[IP] 192.168.2.30 [Port] 0 [Flags] 2 [Guid] 3537198840 [EditorId] 3537198840 [Version] 1048832 [Id] WindowsEditor(7,MS02) [Debug] 1 [PackageName] WindowsEditor [ProjectName] Editor" joined multi-casting on [225.0.0.222:54997]...

Player connection [40404] Host "[IP] 192.168.2.30 [Port] 0 [Flags] 2 [Guid] 3537198840 [EditorId] 3537198840 [Version] 1048832 [Id] WindowsEditor(7,MS02) [Debug] 1 [PackageName] WindowsEditor [ProjectName] Editor" joined alternative multi-casting on [225.0.0.222:34997]...

AS: AutoStreaming module initializing.
Refreshing native plugins compatible for Editor in 181.77 ms, found 3 plugins.
Preloading 0 native plugins for Editor in 0.00 ms.
Initialize engine version: 2021.3.16f1c1 (56dbfdd6697f)
[Subsystems] Discovering subsystems at path D:/UnityEditor/2021.3.16f1c1/Editor/Data/Resources/UnitySubsystems
[Subsystems] Discovering subsystems at path D:/MSClub/Assets
GfxDevice: creating device client; threaded=0; jobified=0
Direct3D:
    Version:  Direct3D 11.0 [level 11.1]
    Renderer: NVIDIA GeForce RTX 4060 Laptop GPU (ID=0x28e0)
    Vendor:   NVIDIA
    VRAM:     7971 MB
    Driver:   31.0.15.3152
Shader 'Custom/CloudShader': fallback shader 'Particles/VertexLit' not found
Initialize mono
Mono path[0] = 'D:/UnityEditor/2021.3.16f1c1/Editor/Data/Managed'
Mono path[1] = 'D:/UnityEditor/2021.3.16f1c1/Editor/Data/MonoBleedingEdge/lib/mono/unityjit-win32'
Mono config path = 'D:/UnityEditor/2021.3.16f1c1/Editor/Data/MonoBleedingEdge/etc'
Using monoOptions --debugger-agent=transport=dt_socket,embedding=1,server=y,suspend=n,address=127.0.0.1:56356
Begin MonoManager ReloadAssembly
Registering precompiled unity dll's ...
Register platform support module: D:/UnityEditor/2021.3.16f1c1/Editor/Data/PlaybackEngines/WindowsStandaloneSupport/UnityEditor.WindowsStandalone.Extensions.dll
Register platform support module: D:/UnityEditor/2021.3.16f1c1/Editor/Data/PlaybackEngines/MetroSupport/UnityEditor.UWP.Extensions.dll
Registered in 0.003316 seconds.
Native extension for UWP target not found
Native extension for WindowsStandalone target not found
Refreshing native plugins compatible for Editor in 185.28 ms, found 3 plugins.
Preloading 0 native plugins for Editor in 0.00 ms.
Mono: successfully reloaded assembly
- Completed reload, in  0.543 seconds
Domain Reload Profiling:
	ReloadAssembly (543ms)
		BeginReloadAssembly (58ms)
			ExecutionOrderSort (0ms)
			DisableScriptedObjects (0ms)
			BackupInstance (0ms)
			ReleaseScriptingObjects (0ms)
			CreateAndSetChildDomain (0ms)
		EndReloadAssembly (413ms)
			LoadAssemblies (54ms)
			RebuildTransferFunctionScriptingTraits (0ms)
			SetupTypeCache (62ms)
			ReleaseScriptCaches (0ms)
			RebuildScriptCaches (17ms)
			SetupLoadedEditorAssemblies (294ms)
				LogAssemblyErrors (0ms)
				InitializePlatformSupportModulesInManaged (5ms)
				SetLoadedEditorAssemblies (0ms)
				RefreshPlugins (185ms)
				BeforeProcessingInitializeOnLoad (1ms)
				ProcessInitializeOnLoadAttributes (73ms)
				ProcessInitializeOnLoadMethodAttributes (30ms)
				AfterProcessingInitializeOnLoad (0ms)
				EditorAssembliesLoaded (0ms)
			ExecutionOrderSort2 (0ms)
			AwakeInstancesAfterBackupRestoration (0ms)
Platform modules already initialized, skipping
Registering precompiled user dll's ...
Registered in 0.013496 seconds.
Begin MonoManager ReloadAssembly
Symbol file LoadedFromMemory doesn't match image D:\MSClub\Library\PackageCache\com.unity.visualscripting@1.7.8\Editor\VisualScripting.Core\Dependencies\YamlDotNet\Unity.VisualScripting.YamlDotNet.dll
Symbol file LoadedFromMemory doesn't match image D:\MSClub\Library\PackageCache\com.unity.visualscripting@1.7.8\Editor\VisualScripting.Core\Dependencies\DotNetZip\Unity.VisualScripting.IonicZip.dll
Native extension for UWP target not found
Native extension for WindowsStandalone target not found
Refreshing native plugins compatible for Editor in 209.03 ms, found 3 plugins.
Preloading 0 native plugins for Editor in 0.00 ms.
Mono: successfully reloaded assembly
- Completed reload, in  1.290 seconds
Domain Reload Profiling:
	ReloadAssembly (1291ms)
		BeginReloadAssembly (86ms)
			ExecutionOrderSort (0ms)
			DisableScriptedObjects (3ms)
			BackupInstance (0ms)
			ReleaseScriptingObjects (0ms)
			CreateAndSetChildDomain (15ms)
		EndReloadAssembly (1122ms)
			LoadAssemblies (85ms)
			RebuildTransferFunctionScriptingTraits (0ms)
			SetupTypeCache (188ms)
			ReleaseScriptCaches (1ms)
			RebuildScriptCaches (40ms)
			SetupLoadedEditorAssemblies (777ms)
				LogAssemblyErrors (0ms)
				InitializePlatformSupportModulesInManaged (3ms)
				SetLoadedEditorAssemblies (0ms)
				RefreshPlugins (209ms)
				BeforeProcessingInitializeOnLoad (80ms)
				ProcessInitializeOnLoadAttributes (417ms)
				ProcessInitializeOnLoadMethodAttributes (56ms)
				AfterProcessingInitializeOnLoad (11ms)
				EditorAssembliesLoaded (0ms)
			ExecutionOrderSort2 (0ms)
			AwakeInstancesAfterBackupRestoration (7ms)
Platform modules already initialized, skipping
========================================================================
Worker process is ready to serve import requests
Shader 'Custom/CloudShader': fallback shader 'Particles/VertexLit' not found
Launched and connected shader compiler UnityShaderCompiler.exe after 0.06 seconds
Refreshing native plugins compatible for Editor in 3.67 ms, found 3 plugins.
Preloading 0 native plugins for Editor in 0.00 ms.
Unloading 5922 Unused Serialized files (Serialized files now loaded: 0)
Unloading 49 unused Assets / (2.3 MB). Loaded Objects now: 6371.
Memory consumption went from 294.8 MB to 292.5 MB.
Total: 3.632000 ms (FindLiveObjects: 0.441900 ms CreateObjectMapping: 0.109600 ms MarkObjects: 2.547800 ms  DeleteObjects: 0.532000 ms)

AssetImportParameters requested are different than current active one (requested -> active):
  custom:video-decoder-ogg-theora: a1e56fd34408186e4bbccfd4996cb3dc -> 
  custom:container-muxer-webm: aa71ff27fc2769a1b78a27578f13a17b -> 
  custom:container-demuxer-webm: 4f35f7cbe854078d1ac9338744f61a02 -> 
  custom:video-encoder-webm-vp8: eb34c28f22e8b96e1ab97ce403110664 -> 
  custom:video-codec-MediaFoundation-h265: 746d11721c4dcdbdad8f713fa42b33f4 -> 
  custom:audio-encoder-webm-vorbis: bf7c407c2cedff20999df2af8eb42d56 -> 
  custom:framework-win-MediaFoundation: 216162199b28c13a410421893ffa2e32 -> 
  custom:container-demuxer-ogg: 62fdf1f143b41e24485cea50d1cbac27 -> 
  custom:video-decoder-webm-vp8: 9c59270c3fd7afecdb556c50c9e8de78 -> 
  custom:audio-decoder-ogg-vorbis: bf7c407c2cedff20999df2af8eb42d56 -> 
========================================================================
Received Import Request.
  Time since last request: 88046.574477 seconds.
  path: Assets/Model/tile_grass.vox
  artifactKey: Guid(853477b1c43d1b94599426bc0f6036f4) Importer(815301076,1909f56bfc062723c751e8b465ee728b)
Start importing Assets/Model/tile_grass.vox using Guid(853477b1c43d1b94599426bc0f6036f4) Importer(815301076,1909f56bfc062723c751e8b465ee728b)  -> (artifact id: 'dcfda8220da4f52764596ae4657bc7f6') in 0.045059 seconds 
========================================================================
Received Import Request.
  Time since last request: 13.766585 seconds.
  path: Assets/Model/tile_block.prefab
  artifactKey: Guid(f5f3a1edc2552c8448be4b47e5b41fbc) Importer(815301076,1909f56bfc062723c751e8b465ee728b)
Start importing Assets/Model/tile_block.prefab using Guid(f5f3a1edc2552c8448be4b47e5b41fbc) Importer(815301076,1909f56bfc062723c751e8b465ee728b)  -> (artifact id: '88b2c616196715ba2d83e6ef39bc17d2') in 0.077521 seconds 
========================================================================
Received Import Request.
  Time since last request: 4.777001 seconds.
  path: Assets/Model/pureModel/Model 0 1.prefab
  artifactKey: Guid(fd1208df7d43bf44c882b2c0b7da8db9) Importer(815301076,1909f56bfc062723c751e8b465ee728b)
Start importing Assets/Model/pureModel/Model 0 1.prefab using Guid(fd1208df7d43bf44c882b2c0b7da8db9) Importer(815301076,1909f56bfc062723c751e8b465ee728b)  -> (artifact id: '4f6cfb9fc39de91706cd66d8e1a037d5') in 0.006489 seconds 
========================================================================
Received Import Request.
  Time since last request: 0.113534 seconds.
  path: Assets/Model/pureModel/Model 0 1.prefab
  artifactKey: Guid(fd1208df7d43bf44c882b2c0b7da8db9) Importer(815301076,1909f56bfc062723c751e8b465ee728b)
Start importing Assets/Model/pureModel/Model 0 1.prefab using Guid(fd1208df7d43bf44c882b2c0b7da8db9) Importer(815301076,1909f56bfc062723c751e8b465ee728b)  -> (artifact id: '973591c9564baacf16cc5dfd3780e145') in 0.005753 seconds 
========================================================================
Received Import Request.
  Time since last request: 16.902914 seconds.
  path: Assets/Model/pureModel/tile_block.prefab
  artifactKey: Guid(fd1208df7d43bf44c882b2c0b7da8db9) Importer(815301076,1909f56bfc062723c751e8b465ee728b)
Start importing Assets/Model/pureModel/tile_block.prefab using Guid(fd1208df7d43bf44c882b2c0b7da8db9) Importer(815301076,1909f56bfc062723c751e8b465ee728b)  -> (artifact id: '701b3b43ccca4c7d94254475f86cfd18') in 0.007995 seconds 
========================================================================
Received Import Request.
  Time since last request: 0.863458 seconds.
  path: Assets/Model/tile_block.prefab
  artifactKey: Guid(f5f3a1edc2552c8448be4b47e5b41fbc) Importer(815301076,1909f56bfc062723c751e8b465ee728b)
Start importing Assets/Model/tile_block.prefab using Guid(f5f3a1edc2552c8448be4b47e5b41fbc) Importer(815301076,1909f56bfc062723c751e8b465ee728b)  -> (artifact id: 'aa3270ef4a216e2ed2fd713e21117ac4') in 0.013258 seconds 
========================================================================
Received Import Request.
  Time since last request: 5.582640 seconds.
  path: Assets/Model/pureModel/Model 0 1.prefab
  artifactKey: Guid(407b7784c70473b48b9c6b51f826f97a) Importer(815301076,1909f56bfc062723c751e8b465ee728b)
Start importing Assets/Model/pureModel/Model 0 1.prefab using Guid(407b7784c70473b48b9c6b51f826f97a) Importer(815301076,1909f56bfc062723c751e8b465ee728b)  -> (artifact id: '8dc298b5bb1c029536e0fd074557aecd') in 0.005957 seconds 
========================================================================
Received Import Request.
  Time since last request: 14.124710 seconds.
  path: Assets/Model/pureModel/model_grass.prefab
  artifactKey: Guid(407b7784c70473b48b9c6b51f826f97a) Importer(815301076,1909f56bfc062723c751e8b465ee728b)
Start importing Assets/Model/pureModel/model_grass.prefab using Guid(407b7784c70473b48b9c6b51f826f97a) Importer(815301076,1909f56bfc062723c751e8b465ee728b)  -> (artifact id: 'effb34a1dba1abeb282c845267902211') in 0.012240 seconds 
========================================================================
Received Import Request.
  Time since last request: 110.831404 seconds.
  path: Assets/Model/pureModel/model_grass.prefab
  artifactKey: Guid(407b7784c70473b48b9c6b51f826f97a) Importer(815301076,1909f56bfc062723c751e8b465ee728b)
Start importing Assets/Model/pureModel/model_grass.prefab using Guid(407b7784c70473b48b9c6b51f826f97a) Importer(815301076,1909f56bfc062723c751e8b465ee728b)  -> (artifact id: '2cb18cc510df79c92fc12606c9b1d78f') in 0.006625 seconds 
========================================================================
Received Import Request.
  Time since last request: 16.359171 seconds.
  path: Assets/Model/pureModel/model_grass.prefab
  artifactKey: Guid(407b7784c70473b48b9c6b51f826f97a) Importer(815301076,1909f56bfc062723c751e8b465ee728b)
Start importing Assets/Model/pureModel/model_grass.prefab using Guid(407b7784c70473b48b9c6b51f826f97a) Importer(815301076,1909f56bfc062723c751e8b465ee728b)  -> (artifact id: '756bc61e9e719952f3058f2b20c64e6b') in 0.005841 seconds 
========================================================================
Received Import Request.
  Time since last request: 5.592511 seconds.
  path: Assets/Model/pureModel/tile_block.prefab
  artifactKey: Guid(fd1208df7d43bf44c882b2c0b7da8db9) Importer(815301076,1909f56bfc062723c751e8b465ee728b)
Start importing Assets/Model/pureModel/tile_block.prefab using Guid(fd1208df7d43bf44c882b2c0b7da8db9) Importer(815301076,1909f56bfc062723c751e8b465ee728b)  -> (artifact id: '3cb27a7c21ff416a870ecb775938f150') in 0.007541 seconds 
========================================================================
Received Import Request.
  Time since last request: 2.829078 seconds.
  path: Assets/Model/pureModel/tile_block.prefab
  artifactKey: Guid(fd1208df7d43bf44c882b2c0b7da8db9) Importer(815301076,1909f56bfc062723c751e8b465ee728b)
Start importing Assets/Model/pureModel/tile_block.prefab using Guid(fd1208df7d43bf44c882b2c0b7da8db9) Importer(815301076,1909f56bfc062723c751e8b465ee728b)  -> (artifact id: 'bc558df659befb5fb478edfc89f94348') in 0.005857 seconds 
========================================================================
Received Import Request.
  Time since last request: 90.402783 seconds.
  path: Assets/Model/pureModel/tile_block 1.prefab
  artifactKey: Guid(54734385bc3781c4f8eb16086387fd8e) Importer(815301076,1909f56bfc062723c751e8b465ee728b)
Start importing Assets/Model/pureModel/tile_block 1.prefab using Guid(54734385bc3781c4f8eb16086387fd8e) Importer(815301076,1909f56bfc062723c751e8b465ee728b)  -> (artifact id: 'a340f9e84b1898591a5fb5e033f9e60e') in 0.006194 seconds 
========================================================================
Received Import Request.
  Time since last request: 24.588192 seconds.
  path: Assets/Model/pureModel/tile_block 1.prefab
  artifactKey: Guid(54734385bc3781c4f8eb16086387fd8e) Importer(815301076,1909f56bfc062723c751e8b465ee728b)
Start importing Assets/Model/pureModel/tile_block 1.prefab using Guid(54734385bc3781c4f8eb16086387fd8e) Importer(815301076,1909f56bfc062723c751e8b465ee728b)  -> (artifact id: '0528c7a9257bbdeb511b7c0b1dc93caf') in 0.006462 seconds 
========================================================================
Received Import Request.
  Time since last request: 1.756640 seconds.
  path: Assets/Model/pureModel/tile_block 1.prefab
  artifactKey: Guid(54734385bc3781c4f8eb16086387fd8e) Importer(815301076,1909f56bfc062723c751e8b465ee728b)
Start importing Assets/Model/pureModel/tile_block 1.prefab using Guid(54734385bc3781c4f8eb16086387fd8e) Importer(815301076,1909f56bfc062723c751e8b465ee728b)  -> (artifact id: 'c864b5277443b39edcb864655dec9663') in 0.006290 seconds 
========================================================================
Received Import Request.
  Time since last request: 1.461179 seconds.
  path: Assets/Model/pureModel/tile_block 1.prefab
  artifactKey: Guid(54734385bc3781c4f8eb16086387fd8e) Importer(815301076,1909f56bfc062723c751e8b465ee728b)
Start importing Assets/Model/pureModel/tile_block 1.prefab using Guid(54734385bc3781c4f8eb16086387fd8e) Importer(815301076,1909f56bfc062723c751e8b465ee728b)  -> (artifact id: '64d75ce4cf638953f7096bce4d868f1e') in 0.005934 seconds 
========================================================================
Received Import Request.
  Time since last request: 19.517273 seconds.
  path: Assets/Model/pureModel/tile_block 1.prefab
  artifactKey: Guid(54734385bc3781c4f8eb16086387fd8e) Importer(815301076,1909f56bfc062723c751e8b465ee728b)
Start importing Assets/Model/pureModel/tile_block 1.prefab using Guid(54734385bc3781c4f8eb16086387fd8e) Importer(815301076,1909f56bfc062723c751e8b465ee728b)  -> (artifact id: 'd5b441bdcd816f82c19d9e9e6801bba3') in 0.016387 seconds 
========================================================================
Received Import Request.
  Time since last request: 8.445264 seconds.
  path: Assets/Model/pureModel/tile_block 1.prefab
  artifactKey: Guid(54734385bc3781c4f8eb16086387fd8e) Importer(815301076,1909f56bfc062723c751e8b465ee728b)
Start importing Assets/Model/pureModel/tile_block 1.prefab using Guid(54734385bc3781c4f8eb16086387fd8e) Importer(815301076,1909f56bfc062723c751e8b465ee728b)  -> (artifact id: '831b57889820bd7fd06fd266a0791c63') in 0.007329 seconds 
========================================================================
Received Import Request.
  Time since last request: 3.567315 seconds.
  path: Assets/Model/pureModel/tile_block 1.prefab
  artifactKey: Guid(54734385bc3781c4f8eb16086387fd8e) Importer(815301076,1909f56bfc062723c751e8b465ee728b)
Start importing Assets/Model/pureModel/tile_block 1.prefab using Guid(54734385bc3781c4f8eb16086387fd8e) Importer(815301076,1909f56bfc062723c751e8b465ee728b)  -> (artifact id: 'a03f26f70dc3cedfcafc2d80c3731e90') in 0.008720 seconds 
========================================================================
Received Import Request.
  Time since last request: 6.068658 seconds.
  path: Assets/Model/pureModel/tile_block 1.prefab
  artifactKey: Guid(54734385bc3781c4f8eb16086387fd8e) Importer(815301076,1909f56bfc062723c751e8b465ee728b)
Start importing Assets/Model/pureModel/tile_block 1.prefab using Guid(54734385bc3781c4f8eb16086387fd8e) Importer(815301076,1909f56bfc062723c751e8b465ee728b)  -> (artifact id: '7aaea2f9482a804ba0fc3f560720dd08') in 0.008174 seconds 
========================================================================
Received Import Request.
  Time since last request: 0.761323 seconds.
  path: Assets/Model/pureModel/tile_block 1.prefab
  artifactKey: Guid(54734385bc3781c4f8eb16086387fd8e) Importer(815301076,1909f56bfc062723c751e8b465ee728b)
Start importing Assets/Model/pureModel/tile_block 1.prefab using Guid(54734385bc3781c4f8eb16086387fd8e) Importer(815301076,1909f56bfc062723c751e8b465ee728b)  -> (artifact id: '2d92aa024102c5ea6d5157d5c5e83cf7') in 0.007599 seconds 
========================================================================
Received Import Request.
  Time since last request: 2.202673 seconds.
  path: Assets/Model/pureModel/tile_block 1.prefab
  artifactKey: Guid(54734385bc3781c4f8eb16086387fd8e) Importer(815301076,1909f56bfc062723c751e8b465ee728b)
Start importing Assets/Model/pureModel/tile_block 1.prefab using Guid(54734385bc3781c4f8eb16086387fd8e) Importer(815301076,1909f56bfc062723c751e8b465ee728b)  -> (artifact id: 'b53fe6d7b47174fe5cafd83d0c0248f5') in 0.010891 seconds 
========================================================================
Received Import Request.
  Time since last request: 9.923343 seconds.
  path: Assets/Model/pureModel/tile_glass.prefab
  artifactKey: Guid(f105b0bccfd999747b7a6e8423ab1172) Importer(815301076,1909f56bfc062723c751e8b465ee728b)
Start importing Assets/Model/pureModel/tile_glass.prefab using Guid(f105b0bccfd999747b7a6e8423ab1172) Importer(815301076,1909f56bfc062723c751e8b465ee728b)  -> (artifact id: '78fdf5322a411c0984c59d0e9f027a2e') in 0.007271 seconds 
========================================================================
Received Import Request.
  Time since last request: 8.298049 seconds.
  path: Assets/Model/pureModel/tile_glass.prefab
  artifactKey: Guid(f105b0bccfd999747b7a6e8423ab1172) Importer(815301076,1909f56bfc062723c751e8b465ee728b)
Start importing Assets/Model/pureModel/tile_glass.prefab using Guid(f105b0bccfd999747b7a6e8423ab1172) Importer(815301076,1909f56bfc062723c751e8b465ee728b)  -> (artifact id: '2bc7c403b4c0082a1449bd98808519c9') in 0.007314 seconds 
========================================================================
Received Import Request.
  Time since last request: 10.463446 seconds.
  path: Assets/Model/pureModel/tile_glass.prefab
  artifactKey: Guid(f105b0bccfd999747b7a6e8423ab1172) Importer(815301076,1909f56bfc062723c751e8b465ee728b)
Start importing Assets/Model/pureModel/tile_glass.prefab using Guid(f105b0bccfd999747b7a6e8423ab1172) Importer(815301076,1909f56bfc062723c751e8b465ee728b)  -> (artifact id: '8ff6e3522229465845387b3c4f23477d') in 0.008931 seconds 
========================================================================
Received Import Request.
  Time since last request: 9.633573 seconds.
  path: Assets/Model/pureModel/tile_glass.prefab
  artifactKey: Guid(f105b0bccfd999747b7a6e8423ab1172) Importer(815301076,1909f56bfc062723c751e8b465ee728b)
Start importing Assets/Model/pureModel/tile_glass.prefab using Guid(f105b0bccfd999747b7a6e8423ab1172) Importer(815301076,1909f56bfc062723c751e8b465ee728b)  -> (artifact id: '2f25442b4d8acc41c4cfcbb6351df54b') in 0.006872 seconds 
========================================================================
Received Import Request.
  Time since last request: 11.663855 seconds.
  path: Assets/Model/pureModel/tile_glass.prefab
  artifactKey: Guid(f105b0bccfd999747b7a6e8423ab1172) Importer(815301076,1909f56bfc062723c751e8b465ee728b)
Start importing Assets/Model/pureModel/tile_glass.prefab using Guid(f105b0bccfd999747b7a6e8423ab1172) Importer(815301076,1909f56bfc062723c751e8b465ee728b)  -> (artifact id: 'cd3c46b451e0edb792aaed016cf774d2') in 0.007233 seconds 
========================================================================
Received Import Request.
  Time since last request: 18.796351 seconds.
  path: Assets/Extra/A/polyperfect/Low Poly Ultimate Pack/- Materials/Colors/64 GLASS-LPUP.mat
  artifactKey: Guid(ffce2a7e1519d465684f3f97da456fa9) Importer(815301076,1909f56bfc062723c751e8b465ee728b)
Start importing Assets/Extra/A/polyperfect/Low Poly Ultimate Pack/- Materials/Colors/64 GLASS-LPUP.mat using Guid(ffce2a7e1519d465684f3f97da456fa9) Importer(815301076,1909f56bfc062723c751e8b465ee728b)  -> (artifact id: 'f27832d19d60457fff18e4b5f05866e8') in 0.031300 seconds 
========================================================================
Received Import Request.
  Time since last request: 0.640617 seconds.
  path: Assets/Extra/A/PolygonNightclubs/Materials/Misc/_Glass.mat
  artifactKey: Guid(7e701b8f4d3caaa4185a411f87dc2786) Importer(815301076,1909f56bfc062723c751e8b465ee728b)
Start importing Assets/Extra/A/PolygonNightclubs/Materials/Misc/_Glass.mat using Guid(7e701b8f4d3caaa4185a411f87dc2786) Importer(815301076,1909f56bfc062723c751e8b465ee728b)  -> (artifact id: 'b0f013c951912068f82d8da1bbbac5b4') in 0.114613 seconds 
========================================================================
Received Import Request.
  Time since last request: 0.000018 seconds.
  path: Assets/Extra/A/polyperfect/Low Poly Ultimate Pack/T/- Prefabs_T/Drinks_T/glass-drink.prefab
  artifactKey: Guid(b700626d5f0c1498ca91e3743a6f4edd) Importer(815301076,1909f56bfc062723c751e8b465ee728b)
Start importing Assets/Extra/A/polyperfect/Low Poly Ultimate Pack/T/- Prefabs_T/Drinks_T/glass-drink.prefab using Guid(b700626d5f0c1498ca91e3743a6f4edd) Importer(815301076,1909f56bfc062723c751e8b465ee728b)  -> (artifact id: 'cd1eaa572ff6d5356bc8dfa41d7eeb11') in 0.014159 seconds 
========================================================================
Received Import Request.
  Time since last request: 0.000019 seconds.
  path: Assets/Extra/A/PolygonNightclubs/Prefabs/Base_Buildings/SM_Bld_Base_Wall_Glass_Door_01.prefab
  artifactKey: Guid(3d1768bf53192e64f8e3ca84163eaeb6) Importer(815301076,1909f56bfc062723c751e8b465ee728b)
Start importing Assets/Extra/A/PolygonNightclubs/Prefabs/Base_Buildings/SM_Bld_Base_Wall_Glass_Door_01.prefab using Guid(3d1768bf53192e64f8e3ca84163eaeb6) Importer(815301076,1909f56bfc062723c751e8b465ee728b)  -> (artifact id: '00b89cbf0ae989fc2b4b7edb7c5b4e1e') in 0.023459 seconds 
========================================================================
Received Import Request.
  Time since last request: 0.000025 seconds.
  path: Assets/Extra/A/polyperfect/Low Poly Ultimate Pack/T/- Prefabs_T/Drinks_T/glass-irish-coffee.prefab
  artifactKey: Guid(edf62d6443bfc284e9a7018210bb72db) Importer(815301076,1909f56bfc062723c751e8b465ee728b)
Start importing Assets/Extra/A/polyperfect/Low Poly Ultimate Pack/T/- Prefabs_T/Drinks_T/glass-irish-coffee.prefab using Guid(edf62d6443bfc284e9a7018210bb72db) Importer(815301076,1909f56bfc062723c751e8b465ee728b)  -> (artifact id: 'e976f7921ca72c21b2cbd281b0f259b4') in 0.168569 seconds 
========================================================================
Received Import Request.
  Time since last request: 0.000024 seconds.
  path: Assets/Extra/A/polyperfect/Low Poly Ultimate Pack/T/- Prefabs_T/Resources_T/fiberglass.prefab
  artifactKey: Guid(0528a7f092fa0d545893aaa52b83547e) Importer(815301076,1909f56bfc062723c751e8b465ee728b)
Start importing Assets/Extra/A/polyperfect/Low Poly Ultimate Pack/T/- Prefabs_T/Resources_T/fiberglass.prefab using Guid(0528a7f092fa0d545893aaa52b83547e) Importer(815301076,1909f56bfc062723c751e8b465ee728b)  -> (artifact id: 'bef7bdf4f3a66aa64d7226b1757db0d1') in 0.012589 seconds 
========================================================================
Received Import Request.
  Time since last request: 0.000027 seconds.
  path: Assets/Extra/A/PolygonSciFiCity/Models/SM_Bld_Bank_01.fbx
  artifactKey: Guid(b868092dcc1d8c54daf867db4c9e5065) Importer(815301076,1909f56bfc062723c751e8b465ee728b)
Start importing Assets/Extra/A/PolygonSciFiCity/Models/SM_Bld_Bank_01.fbx using Guid(b868092dcc1d8c54daf867db4c9e5065) Importer(815301076,1909f56bfc062723c751e8b465ee728b)  -> (artifact id: '25bdf6bb36b1d19906593b70b32244c2') in 0.050027 seconds 
========================================================================
Received Import Request.
  Time since last request: 0.000023 seconds.
  path: Assets/Extra/A/polyperfect/Low Poly Ultimate Pack/M/- Meshes_M/Props_M/hourglass.fbx
  artifactKey: Guid(e3c64e9ec2f8d52468dff241ad1ba475) Importer(815301076,1909f56bfc062723c751e8b465ee728b)
Start importing Assets/Extra/A/polyperfect/Low Poly Ultimate Pack/M/- Meshes_M/Props_M/hourglass.fbx using Guid(e3c64e9ec2f8d52468dff241ad1ba475) Importer(815301076,1909f56bfc062723c751e8b465ee728b)  -> (artifact id: 'ae5de95b25aa97e0412d5e37bd50660d') in 0.011107 seconds 
========================================================================
Received Import Request.
  Time since last request: 0.000018 seconds.
  path: Assets/Extra/A/polyperfect/Low Poly Ultimate Pack/M/- Prefabs_M/Drinks_M/glass-latte-coffee.prefab
  artifactKey: Guid(9a857be54b2c67046ad8d8de9108a8ac) Importer(815301076,1909f56bfc062723c751e8b465ee728b)
Start importing Assets/Extra/A/polyperfect/Low Poly Ultimate Pack/M/- Prefabs_M/Drinks_M/glass-latte-coffee.prefab using Guid(9a857be54b2c67046ad8d8de9108a8ac) Importer(815301076,1909f56bfc062723c751e8b465ee728b)  -> (artifact id: 'e74cdf97a85ce03f33aa4a4622b58db7') in 0.012310 seconds 
========================================================================
Received Import Request.
  Time since last request: 0.000015 seconds.
  path: Assets/Extra/A/PolygonSciFiWorlds/Materials/Misc/Glass_02.mat
  artifactKey: Guid(ae87c245450dab64d8d5f5c7181a4961) Importer(815301076,1909f56bfc062723c751e8b465ee728b)
Start importing Assets/Extra/A/PolygonSciFiWorlds/Materials/Misc/Glass_02.mat using Guid(ae87c245450dab64d8d5f5c7181a4961) Importer(815301076,1909f56bfc062723c751e8b465ee728b)  -> (artifact id: '6421a2fff2e8f2bf9b9d8046498152e7') in 0.113037 seconds 
========================================================================
Received Import Request.
  Time since last request: 0.000029 seconds.
  path: Assets/Extra/A/polyperfect/Low Poly Ultimate Pack/M/- Meshes_M/Drinks_M/glass-black-coffee.fbx
  artifactKey: Guid(24ea6234e40d93041ae4c15d3e3089b8) Importer(815301076,1909f56bfc062723c751e8b465ee728b)
Start importing Assets/Extra/A/polyperfect/Low Poly Ultimate Pack/M/- Meshes_M/Drinks_M/glass-black-coffee.fbx using Guid(24ea6234e40d93041ae4c15d3e3089b8) Importer(815301076,1909f56bfc062723c751e8b465ee728b)  -> (artifact id: 'b763b0ddb308cdf6110644dd0022cf71') in 0.012934 seconds 
========================================================================
Received Import Request.
  Time since last request: 0.000035 seconds.
  path: Assets/Extra/A/polyperfect/Low Poly Ultimate Pack/M/- Prefabs_M/Drinks_M/glass-black-coffee.prefab
  artifactKey: Guid(9a81b2ee9c94f7e4196f771d202771ce) Importer(815301076,1909f56bfc062723c751e8b465ee728b)
Start importing Assets/Extra/A/polyperfect/Low Poly Ultimate Pack/M/- Prefabs_M/Drinks_M/glass-black-coffee.prefab using Guid(9a81b2ee9c94f7e4196f771d202771ce) Importer(815301076,1909f56bfc062723c751e8b465ee728b)  -> (artifact id: '456b75258bea507e9b7ac4975349b300') in 0.009218 seconds 
========================================================================
Received Import Request.
  Time since last request: 0.000016 seconds.
  path: Assets/Extra/A/PolygonSciFiSpace/Materials/Misc/PolygonScifiSpace_Material_Glass_Cockpit_Interior.mat
  artifactKey: Guid(78b3ade627c494d4f8b3b6c9f156628b) Importer(815301076,1909f56bfc062723c751e8b465ee728b)
Start importing Assets/Extra/A/PolygonSciFiSpace/Materials/Misc/PolygonScifiSpace_Material_Glass_Cockpit_Interior.mat using Guid(78b3ade627c494d4f8b3b6c9f156628b) Importer(815301076,1909f56bfc062723c751e8b465ee728b)  -> (artifact id: '86d7d2945c27aa1c66e08d2451dc1bfd') in 0.010478 seconds 
========================================================================
Received Import Request.
  Time since last request: 0.000017 seconds.
  path: Assets/Extra/A/polyperfect/Low Poly Ultimate Pack/M/- Meshes_M/Tools_M/magnifying-glass.fbx
  artifactKey: Guid(373c3ffd98638cd4f9a1f158d5faad48) Importer(815301076,1909f56bfc062723c751e8b465ee728b)
Start importing Assets/Extra/A/polyperfect/Low Poly Ultimate Pack/M/- Meshes_M/Tools_M/magnifying-glass.fbx using Guid(373c3ffd98638cd4f9a1f158d5faad48) Importer(815301076,1909f56bfc062723c751e8b465ee728b)  -> (artifact id: '7200042de849d33d84c1428e3e9e6e66') in 0.009603 seconds 
========================================================================
Received Import Request.
  Time since last request: 0.000038 seconds.
  path: Assets/Extra/A/polyperfect/Low Poly Ultimate Pack/T/- Meshes_T/Drinks_T/glass-black-coffee.fbx
  artifactKey: Guid(f7f05a8189c31b6439f614ec9210d0dd) Importer(815301076,1909f56bfc062723c751e8b465ee728b)
Start importing Assets/Extra/A/polyperfect/Low Poly Ultimate Pack/T/- Meshes_T/Drinks_T/glass-black-coffee.fbx using Guid(f7f05a8189c31b6439f614ec9210d0dd) Importer(815301076,1909f56bfc062723c751e8b465ee728b)  -> (artifact id: '5a96c90c08c7c4b863cb6fa16e3827ed') in 0.008976 seconds 
========================================================================
Received Import Request.
  Time since last request: 0.000022 seconds.
  path: Assets/Extra/A/polyperfect/Low Poly Ultimate Pack/T/- Prefabs_T/Drinks_T/glass-irish-coffee-empty.prefab
  artifactKey: Guid(c14cf4f62650fd9499c41616c076ee3c) Importer(815301076,1909f56bfc062723c751e8b465ee728b)
Start importing Assets/Extra/A/polyperfect/Low Poly Ultimate Pack/T/- Prefabs_T/Drinks_T/glass-irish-coffee-empty.prefab using Guid(c14cf4f62650fd9499c41616c076ee3c) Importer(815301076,1909f56bfc062723c751e8b465ee728b)  -> (artifact id: 'bf6dedb371fe4f7f40ead1f9bd665ea4') in 0.010375 seconds 
========================================================================
Received Import Request.
  Time since last request: 0.000018 seconds.
  path: Assets/Extra/A/polyperfect/Low Poly Ultimate Pack/M/- Meshes_M/Drinks_M/glass-latte-coffee.fbx
  artifactKey: Guid(8041310132f3aff47aad8f372c712e45) Importer(815301076,1909f56bfc062723c751e8b465ee728b)
Start importing Assets/Extra/A/polyperfect/Low Poly Ultimate Pack/M/- Meshes_M/Drinks_M/glass-latte-coffee.fbx using Guid(8041310132f3aff47aad8f372c712e45) Importer(815301076,1909f56bfc062723c751e8b465ee728b)  -> (artifact id: 'e1b2d4a4bbd283a2f77f19db6a260597') in 0.010110 seconds 
========================================================================
Received Import Request.
  Time since last request: 0.000016 seconds.
  path: Assets/Extra/A/polyperfect/Low Poly Ultimate Pack/M/- Prefabs_M/Drinks_M/glass-latte-empty.prefab
  artifactKey: Guid(6da23d4cf0f0ae7409304ee9f4835198) Importer(815301076,1909f56bfc062723c751e8b465ee728b)
Start importing Assets/Extra/A/polyperfect/Low Poly Ultimate Pack/M/- Prefabs_M/Drinks_M/glass-latte-empty.prefab using Guid(6da23d4cf0f0ae7409304ee9f4835198) Importer(815301076,1909f56bfc062723c751e8b465ee728b)  -> (artifact id: 'd8565410c15095917b580fd509985709') in 0.008408 seconds 
========================================================================
Received Import Request.
  Time since last request: 0.000018 seconds.
  path: Assets/Extra/A/polyperfect/Low Poly Ultimate Pack/M/- Prefabs_M/Drinks_M/glass-irish-coffee-empty.prefab
  artifactKey: Guid(01bc7576ef0148348beb063c2cfb3be8) Importer(815301076,1909f56bfc062723c751e8b465ee728b)
Start importing Assets/Extra/A/polyperfect/Low Poly Ultimate Pack/M/- Prefabs_M/Drinks_M/glass-irish-coffee-empty.prefab using Guid(01bc7576ef0148348beb063c2cfb3be8) Importer(815301076,1909f56bfc062723c751e8b465ee728b)  -> (artifact id: 'd206cef146aa63263b0ffacc0494d033') in 0.008783 seconds 
========================================================================
Received Import Request.
  Time since last request: 0.000024 seconds.
  path: Assets/Extra/A/polyperfect/Low Poly Ultimate Pack/T/- Meshes_T/Drinks_T/glass-latte-empty.fbx
  artifactKey: Guid(6231011629ded6b4ebb2a9a34dc850fe) Importer(815301076,1909f56bfc062723c751e8b465ee728b)
Start importing Assets/Extra/A/polyperfect/Low Poly Ultimate Pack/T/- Meshes_T/Drinks_T/glass-latte-empty.fbx using Guid(6231011629ded6b4ebb2a9a34dc850fe) Importer(815301076,1909f56bfc062723c751e8b465ee728b)  -> (artifact id: 'fa7af3fd527fe1d7ecde253fa2c896b4') in 0.011348 seconds 
========================================================================
Received Import Request.
  Time since last request: 0.000025 seconds.
  path: Assets/Extra/A/polyperfect/Low Poly Ultimate Pack/M/- Meshes_M/Drinks_M/glass-irish-coffee.fbx
  artifactKey: Guid(52f5aab9a88ad6e419fa20783eab2f5a) Importer(815301076,1909f56bfc062723c751e8b465ee728b)
Start importing Assets/Extra/A/polyperfect/Low Poly Ultimate Pack/M/- Meshes_M/Drinks_M/glass-irish-coffee.fbx using Guid(52f5aab9a88ad6e419fa20783eab2f5a) Importer(815301076,1909f56bfc062723c751e8b465ee728b)  -> (artifact id: '094c66039c0c08a88c19263e2ece3197') in 0.011537 seconds 
========================================================================
Received Import Request.
  Time since last request: 0.000019 seconds.
  path: Assets/Extra/A/polyperfect/Low Poly Ultimate Pack/T/- Meshes_T/Drinks_T/glass-drink.fbx
  artifactKey: Guid(0f1702c4e076b486c863285cb0c0975e) Importer(815301076,1909f56bfc062723c751e8b465ee728b)
Start importing Assets/Extra/A/polyperfect/Low Poly Ultimate Pack/T/- Meshes_T/Drinks_T/glass-drink.fbx using Guid(0f1702c4e076b486c863285cb0c0975e) Importer(815301076,1909f56bfc062723c751e8b465ee728b)  -> (artifact id: '1633d9bc455118d36505f26b0c6897a1') in 0.010472 seconds 
========================================================================
Received Import Request.
  Time since last request: 0.000023 seconds.
  path: Assets/Extra/A/polyperfect/Low Poly Ultimate Pack/M/- Meshes_M/Drinks_M/glass-latte-empty.fbx
  artifactKey: Guid(c2d0f74bfd4abd6468ef08add5e07d01) Importer(815301076,1909f56bfc062723c751e8b465ee728b)
Start importing Assets/Extra/A/polyperfect/Low Poly Ultimate Pack/M/- Meshes_M/Drinks_M/glass-latte-empty.fbx using Guid(c2d0f74bfd4abd6468ef08add5e07d01) Importer(815301076,1909f56bfc062723c751e8b465ee728b)  -> (artifact id: '93bdc8a90abf2c7e4f6b0539b96e43cd') in 0.010391 seconds 
========================================================================
Received Import Request.
  Time since last request: 0.000026 seconds.
  path: Assets/Extra/A/polyperfect/Low Poly Ultimate Pack/T/- Prefabs_T/Racing_T/barrier-concrete-glass.prefab
  artifactKey: Guid(62bad25fa911c464e8d9a019fb275c18) Importer(815301076,1909f56bfc062723c751e8b465ee728b)
Start importing Assets/Extra/A/polyperfect/Low Poly Ultimate Pack/T/- Prefabs_T/Racing_T/barrier-concrete-glass.prefab using Guid(62bad25fa911c464e8d9a019fb275c18) Importer(815301076,1909f56bfc062723c751e8b465ee728b)  -> (artifact id: 'd155ab39ae6cb00b2eefb16e1ac01218') in 0.010779 seconds 
========================================================================
Received Import Request.
  Time since last request: 0.000021 seconds.
  path: Assets/Extra/A/polyperfect/Low Poly Ultimate Pack/M/- Prefabs_M/Racing_M/barrier-concrete-glass.prefab
  artifactKey: Guid(f2374897a36e43345bfa0fc14cce28be) Importer(815301076,1909f56bfc062723c751e8b465ee728b)
Start importing Assets/Extra/A/polyperfect/Low Poly Ultimate Pack/M/- Prefabs_M/Racing_M/barrier-concrete-glass.prefab using Guid(f2374897a36e43345bfa0fc14cce28be) Importer(815301076,1909f56bfc062723c751e8b465ee728b)  -> (artifact id: '3082255bcea44aa521564339dc74df09') in 0.011386 seconds 
========================================================================
Received Import Request.
  Time since last request: 0.000022 seconds.
  path: Assets/Extra/A/polyperfect/Low Poly Ultimate Pack/M/- Prefabs_M/Resources_M/fiberglass.prefab
  artifactKey: Guid(a0d815d10df994e49b645fa62c486769) Importer(815301076,1909f56bfc062723c751e8b465ee728b)
Start importing Assets/Extra/A/polyperfect/Low Poly Ultimate Pack/M/- Prefabs_M/Resources_M/fiberglass.prefab using Guid(a0d815d10df994e49b645fa62c486769) Importer(815301076,1909f56bfc062723c751e8b465ee728b)  -> (artifact id: '8f1667dcd9e5821acf0bb58c0d4a6f53') in 0.009225 seconds 
========================================================================
Received Import Request.
  Time since last request: 0.000021 seconds.
  path: Assets/Extra/A/polyperfect/Low Poly Ultimate Pack/T/- Prefabs_T/Drinks_T/glass-latte-coffee.prefab
  artifactKey: Guid(022508a142761be46b9092a5df96d0c1) Importer(815301076,1909f56bfc062723c751e8b465ee728b)
Start importing Assets/Extra/A/polyperfect/Low Poly Ultimate Pack/T/- Prefabs_T/Drinks_T/glass-latte-coffee.prefab using Guid(022508a142761be46b9092a5df96d0c1) Importer(815301076,1909f56bfc062723c751e8b465ee728b)  -> (artifact id: '38183db48b7774d756b885ce295a2d43') in 0.010515 seconds 
========================================================================
Received Import Request.
  Time since last request: 0.000020 seconds.
  path: Assets/Extra/A/polyperfect/Low Poly Ultimate Pack/T/- Meshes_T/Tools_T/magnifying-glass.fbx
  artifactKey: Guid(b56cc955c0b7099479774fe6320ccf2f) Importer(815301076,1909f56bfc062723c751e8b465ee728b)
Start importing Assets/Extra/A/polyperfect/Low Poly Ultimate Pack/T/- Meshes_T/Tools_T/magnifying-glass.fbx using Guid(b56cc955c0b7099479774fe6320ccf2f) Importer(815301076,1909f56bfc062723c751e8b465ee728b)  -> (artifact id: '4b0f18b39b70f692c8035a07bebce1b4') in 0.009566 seconds 
========================================================================
Received Import Request.
  Time since last request: 0.000019 seconds.
  path: Assets/Extra/A/PolygonNightclubs/Models/SM_Prop_Light_String_01.fbx
  artifactKey: Guid(3ae6071279a8edd4493bea50ea15ae92) Importer(815301076,1909f56bfc062723c751e8b465ee728b)
Start importing Assets/Extra/A/PolygonNightclubs/Models/SM_Prop_Light_String_01.fbx using Guid(3ae6071279a8edd4493bea50ea15ae92) Importer(815301076,1909f56bfc062723c751e8b465ee728b)  -> (artifact id: '12393d2e6df13a83bf13a1c9f5431d7e') in 0.024383 seconds 
========================================================================
Received Import Request.
  Time since last request: 0.000020 seconds.
  path: Assets/Extra/A/polyperfect/Low Poly Ultimate Pack/T/- Prefabs_T/Props_T/hourglass.prefab
  artifactKey: Guid(f547d9a25859ec748adde398903a9c17) Importer(815301076,1909f56bfc062723c751e8b465ee728b)
Start importing Assets/Extra/A/polyperfect/Low Poly Ultimate Pack/T/- Prefabs_T/Props_T/hourglass.prefab using Guid(f547d9a25859ec748adde398903a9c17) Importer(815301076,1909f56bfc062723c751e8b465ee728b)  -> (artifact id: '6a53e49f6c9ebbdda992ee4e87cbf72a') in 0.010651 seconds 
========================================================================
Received Import Request.
  Time since last request: 0.000015 seconds.
  path: Assets/Extra/A/polyperfect/Low Poly Ultimate Pack/T/- Prefabs_T/Drinks_T/glass-latte-empty.prefab
  artifactKey: Guid(12b50d73f938afa44a06a32af5b4774b) Importer(815301076,1909f56bfc062723c751e8b465ee728b)
Start importing Assets/Extra/A/polyperfect/Low Poly Ultimate Pack/T/- Prefabs_T/Drinks_T/glass-latte-empty.prefab using Guid(12b50d73f938afa44a06a32af5b4774b) Importer(815301076,1909f56bfc062723c751e8b465ee728b)  -> (artifact id: '303df6fca13acfa46814a9200085e26b') in 0.009164 seconds 
========================================================================
Received Import Request.
  Time since last request: 0.000020 seconds.
  path: Assets/Extra/A/PolygonNightclubs/Prefabs/Base_Buildings/SM_Bld_Base_Wall_Glass_01.prefab
  artifactKey: Guid(053ee36cd2a8b724b8a4fcb8a47ed8a1) Importer(815301076,1909f56bfc062723c751e8b465ee728b)
Start importing Assets/Extra/A/PolygonNightclubs/Prefabs/Base_Buildings/SM_Bld_Base_Wall_Glass_01.prefab using Guid(053ee36cd2a8b724b8a4fcb8a47ed8a1) Importer(815301076,1909f56bfc062723c751e8b465ee728b)  -> (artifact id: '2288500bb4d39c21fd4771930af71f0b') in 0.010371 seconds 
========================================================================
Received Import Request.
  Time since last request: 0.000017 seconds.
  path: Assets/Extra/A/PolygonNightclubs/Models/SM_Bld_Base_Wall_Glass_01.fbx
  artifactKey: Guid(eee74fb50a52a7d4cac5e8be813cc525) Importer(815301076,1909f56bfc062723c751e8b465ee728b)
Start importing Assets/Extra/A/PolygonNightclubs/Models/SM_Bld_Base_Wall_Glass_01.fbx using Guid(eee74fb50a52a7d4cac5e8be813cc525) Importer(815301076,1909f56bfc062723c751e8b465ee728b)  -> (artifact id: 'e676488c332679d392166f4e3b61042d') in 0.014226 seconds 
========================================================================
Received Import Request.
  Time since last request: 0.000023 seconds.
  path: Assets/Extra/A/polyperfect/Low Poly Ultimate Pack/T/- Meshes_T/Drinks_T/glass-irish-coffee-empty.fbx
  artifactKey: Guid(625361abcf66a4147a6d8b96a70a816e) Importer(815301076,1909f56bfc062723c751e8b465ee728b)
Start importing Assets/Extra/A/polyperfect/Low Poly Ultimate Pack/T/- Meshes_T/Drinks_T/glass-irish-coffee-empty.fbx using Guid(625361abcf66a4147a6d8b96a70a816e) Importer(815301076,1909f56bfc062723c751e8b465ee728b)  -> (artifact id: '2698340bf5e206a9122c67ddee2ee6c0') in 0.009617 seconds 
========================================================================
Received Import Request.
  Time since last request: 0.000033 seconds.
  path: Assets/Extra/A/polyperfect/Low Poly Ultimate Pack/M/- Prefabs_M/Tools_M/magnifying-glass.prefab
  artifactKey: Guid(6ba98fa88cebd8f4dba5e79549449e08) Importer(815301076,1909f56bfc062723c751e8b465ee728b)
Start importing Assets/Extra/A/polyperfect/Low Poly Ultimate Pack/M/- Prefabs_M/Tools_M/magnifying-glass.prefab using Guid(6ba98fa88cebd8f4dba5e79549449e08) Importer(815301076,1909f56bfc062723c751e8b465ee728b)  -> (artifact id: 'fe40cc8cd1d65308213785b1dd7bfb37') in 0.066329 seconds 
========================================================================
Received Import Request.
  Time since last request: 2.717387 seconds.
  path: Assets/Model/tile_block.prefab
  artifactKey: Guid(f5f3a1edc2552c8448be4b47e5b41fbc) Importer(815301076,1909f56bfc062723c751e8b465ee728b)
Start importing Assets/Model/tile_block.prefab using Guid(f5f3a1edc2552c8448be4b47e5b41fbc) Importer(815301076,1909f56bfc062723c751e8b465ee728b)  -> (artifact id: '730c8ba272363783009e4ecae7de6c9e') in 0.014296 seconds 
========================================================================
Received Import Request.
  Time since last request: 13.246707 seconds.
  path: Assets/Material
  artifactKey: Guid(d66e2f7e9c3595b478d2e60acd479bb7) Importer(815301076,1909f56bfc062723c751e8b465ee728b)
Start importing Assets/Material using Guid(d66e2f7e9c3595b478d2e60acd479bb7) Importer(815301076,1909f56bfc062723c751e8b465ee728b)  -> (artifact id: 'a198a46130f39e4451440c13ba231b37') in 0.002493 seconds 
========================================================================
Received Import Request.
  Time since last request: 0.025507 seconds.
  path: Assets/Material/laser.mat
  artifactKey: Guid(f68dbfdeb0aabd842a43d914e8745f6e) Importer(815301076,1909f56bfc062723c751e8b465ee728b)
Start importing Assets/Material/laser.mat using Guid(f68dbfdeb0aabd842a43d914e8745f6e) Importer(815301076,1909f56bfc062723c751e8b465ee728b)  -> (artifact id: 'b13531c866280dbcaf7c756ebe06388c') in 0.010544 seconds 
========================================================================
Received Import Request.
  Time since last request: 21.664761 seconds.
  path: Assets/Model/tile_grass.prefab
  artifactKey: Guid(85077bca7420e55489c64cf988f0ee26) Importer(815301076,1909f56bfc062723c751e8b465ee728b)
Start importing Assets/Model/tile_grass.prefab using Guid(85077bca7420e55489c64cf988f0ee26) Importer(815301076,1909f56bfc062723c751e8b465ee728b)  -> (artifact id: 'bc8c0fd5e8bc1de730ff4d4fbd19d6a0') in 0.024326 seconds 
========================================================================
Received Import Request.
  Time since last request: 15.986657 seconds.
  path: Assets/Model/pureModel/tile_glass.prefab
  artifactKey: Guid(f105b0bccfd999747b7a6e8423ab1172) Importer(815301076,1909f56bfc062723c751e8b465ee728b)
Start importing Assets/Model/pureModel/tile_glass.prefab using Guid(f105b0bccfd999747b7a6e8423ab1172) Importer(815301076,1909f56bfc062723c751e8b465ee728b)  -> (artifact id: '3f237f0e983acd7d6e23e24592b9186d') in 0.008530 seconds 
========================================================================
Received Import Request.
  Time since last request: 465.309484 seconds.
  path: Assets/Model/tile_block 1.vox
  artifactKey: Guid(edd3912b7bd289d40a1ce261f9ee3acf) Importer(815301076,1909f56bfc062723c751e8b465ee728b)
Start importing Assets/Model/tile_block 1.vox using Guid(edd3912b7bd289d40a1ce261f9ee3acf) Importer(815301076,1909f56bfc062723c751e8b465ee728b)  -> (artifact id: '0f4e112c3046ae40d8a1e7cdbc329631') in 0.002228 seconds 
========================================================================
Received Import Request.
  Time since last request: 4.713208 seconds.
  path: Assets/Model/tile_block 1.prefab
  artifactKey: Guid(069efa75afa13a64f90044be07ca71da) Importer(815301076,1909f56bfc062723c751e8b465ee728b)
Start importing Assets/Model/tile_block 1.prefab using Guid(069efa75afa13a64f90044be07ca71da) Importer(815301076,1909f56bfc062723c751e8b465ee728b)  -> (artifact id: '878fa82385e3685d80c8bc89684b8998') in 0.014798 seconds 
========================================================================
Received Import Request.
  Time since last request: 19.973593 seconds.
  path: Assets/Model/pureModel/Model 0 1.prefab
  artifactKey: Guid(cb3a7d5a471b29f43952b71e70b532a4) Importer(815301076,1909f56bfc062723c751e8b465ee728b)
Start importing Assets/Model/pureModel/Model 0 1.prefab using Guid(cb3a7d5a471b29f43952b71e70b532a4) Importer(815301076,1909f56bfc062723c751e8b465ee728b)  -> (artifact id: '715032552c908413d381bbbbe12fcf09') in 0.007089 seconds 
========================================================================
Received Import Request.
  Time since last request: 13.444960 seconds.
  path: Assets/Model/pureModel/model_block2.prefab
  artifactKey: Guid(cb3a7d5a471b29f43952b71e70b532a4) Importer(815301076,1909f56bfc062723c751e8b465ee728b)
Start importing Assets/Model/pureModel/model_block2.prefab using Guid(cb3a7d5a471b29f43952b71e70b532a4) Importer(815301076,1909f56bfc062723c751e8b465ee728b)  -> (artifact id: '2a262fb2c8fa972f184726dc8e613c22') in 0.009970 seconds 
========================================================================
Received Import Request.
  Time since last request: 266.947534 seconds.
  path: Assets/Model/tile_block 1.prefab
  artifactKey: Guid(069efa75afa13a64f90044be07ca71da) Importer(815301076,1909f56bfc062723c751e8b465ee728b)
Start importing Assets/Model/tile_block 1.prefab using Guid(069efa75afa13a64f90044be07ca71da) Importer(815301076,1909f56bfc062723c751e8b465ee728b)  -> (artifact id: 'ee43d7f759fa5686593d91f743865cfb') in 0.015419 seconds 
========================================================================
Received Import Request.
  Time since last request: 7.555013 seconds.
  path: Assets/Model/tile_block 2.vox
  artifactKey: Guid(90b3bfe4a1bc28040a163c70bbfac577) Importer(815301076,1909f56bfc062723c751e8b465ee728b)
Start importing Assets/Model/tile_block 2.vox using Guid(90b3bfe4a1bc28040a163c70bbfac577) Importer(815301076,1909f56bfc062723c751e8b465ee728b)  -> (artifact id: '4e9ae1f4265676c40e8a90df9350e49a') in 0.002253 seconds 
========================================================================
Received Import Request.
  Time since last request: 6.150168 seconds.
  path: Assets/Model/tile_block 2.prefab
  artifactKey: Guid(9a49863c44d279e44aa9670a54c36807) Importer(815301076,1909f56bfc062723c751e8b465ee728b)
Start importing Assets/Model/tile_block 2.prefab using Guid(9a49863c44d279e44aa9670a54c36807) Importer(815301076,1909f56bfc062723c751e8b465ee728b)  -> (artifact id: '08f5712bab5f6f9ec908e46ef335fab5') in 0.016316 seconds 
========================================================================
Received Import Request.
  Time since last request: 4.199190 seconds.
  path: Assets/Model/pureModel/Model 0 1.prefab
  artifactKey: Guid(6f13b5d5d8132b546a6b8dd3f1f8dad6) Importer(815301076,1909f56bfc062723c751e8b465ee728b)
Start importing Assets/Model/pureModel/Model 0 1.prefab using Guid(6f13b5d5d8132b546a6b8dd3f1f8dad6) Importer(815301076,1909f56bfc062723c751e8b465ee728b)  -> (artifact id: '3f86ff2f21c54719df30c2b2c0ae07dd') in 0.006889 seconds 
========================================================================
Received Import Request.
  Time since last request: 22.199461 seconds.
  path: Assets/Model/pureModel/model_tileblock.prefab
  artifactKey: Guid(6f13b5d5d8132b546a6b8dd3f1f8dad6) Importer(815301076,1909f56bfc062723c751e8b465ee728b)
Start importing Assets/Model/pureModel/model_tileblock.prefab using Guid(6f13b5d5d8132b546a6b8dd3f1f8dad6) Importer(815301076,1909f56bfc062723c751e8b465ee728b)  -> (artifact id: 'b667a5375334d6bf8cb147b2ed388ced') in 0.006867 seconds 
========================================================================
Received Import Request.
  Time since last request: 3.374262 seconds.
  path: Assets/Model/pureModel/model_tileblock.prefab
  artifactKey: Guid(6f13b5d5d8132b546a6b8dd3f1f8dad6) Importer(815301076,1909f56bfc062723c751e8b465ee728b)
Start importing Assets/Model/pureModel/model_tileblock.prefab using Guid(6f13b5d5d8132b546a6b8dd3f1f8dad6) Importer(815301076,1909f56bfc062723c751e8b465ee728b)  -> (artifact id: '61e90bd0029e1fba7058a995a1c3b011') in 0.007213 seconds 
========================================================================
Received Import Request.
  Time since last request: 137.939508 seconds.
  path: Assets/Model/tile_block 2.prefab
  artifactKey: Guid(9a49863c44d279e44aa9670a54c36807) Importer(815301076,1909f56bfc062723c751e8b465ee728b)
Start importing Assets/Model/tile_block 2.prefab using Guid(9a49863c44d279e44aa9670a54c36807) Importer(815301076,1909f56bfc062723c751e8b465ee728b)  -> (artifact id: '2e3a997570af2e1eadacf18ae24be675') in 0.014858 seconds 
========================================================================
Received Import Request.
  Time since last request: 11.350709 seconds.
  path: Assets/Model/breakBlock.vox
  artifactKey: Guid(2d6db1fb2e91292438c4935dc4e98e0c) Importer(815301076,1909f56bfc062723c751e8b465ee728b)
Start importing Assets/Model/breakBlock.vox using Guid(2d6db1fb2e91292438c4935dc4e98e0c) Importer(815301076,1909f56bfc062723c751e8b465ee728b)  -> (artifact id: 'a82025a59e4785b0f5ee2726afe8f689') in 0.002102 seconds 
========================================================================
Received Import Request.
  Time since last request: 5.138882 seconds.
  path: Assets/Model/breakBlock.prefab
  artifactKey: Guid(617efdf454965c047915de3d4d31967e) Importer(815301076,1909f56bfc062723c751e8b465ee728b)
Start importing Assets/Model/breakBlock.prefab using Guid(617efdf454965c047915de3d4d31967e) Importer(815301076,1909f56bfc062723c751e8b465ee728b)  -> (artifact id: 'c50eb01de0ca550533cea2fe40bf13ed') in 0.013690 seconds 
========================================================================
Received Import Request.
  Time since last request: 6.866378 seconds.
  path: Assets/Model/pureModel/Model 0 1.prefab
  artifactKey: Guid(6a2eb858bb774dd458237183da15dc6d) Importer(815301076,1909f56bfc062723c751e8b465ee728b)
Start importing Assets/Model/pureModel/Model 0 1.prefab using Guid(6a2eb858bb774dd458237183da15dc6d) Importer(815301076,1909f56bfc062723c751e8b465ee728b)  -> (artifact id: 'b076599a1478643401a5b29fa1d4050c') in 0.006931 seconds 
========================================================================
Received Import Request.
  Time since last request: 0.124099 seconds.
  path: Assets/Model/pureModel/Model 0 1.prefab
  artifactKey: Guid(6a2eb858bb774dd458237183da15dc6d) Importer(815301076,1909f56bfc062723c751e8b465ee728b)
Start importing Assets/Model/pureModel/Model 0 1.prefab using Guid(6a2eb858bb774dd458237183da15dc6d) Importer(815301076,1909f56bfc062723c751e8b465ee728b)  -> (artifact id: '4c626b1924f304fbd1f391573d9dfe71') in 0.005831 seconds 
========================================================================
Received Import Request.
  Time since last request: 10.480938 seconds.
  path: Assets/Model/pureModel/Model 0 1.prefab
  artifactKey: Guid(6a2eb858bb774dd458237183da15dc6d) Importer(815301076,1909f56bfc062723c751e8b465ee728b)
Start importing Assets/Model/pureModel/Model 0 1.prefab using Guid(6a2eb858bb774dd458237183da15dc6d) Importer(815301076,1909f56bfc062723c751e8b465ee728b)  -> (artifact id: 'cedde17e4630a1e54c11c09cd5f6d5f3') in 0.007750 seconds 
========================================================================
Received Import Request.
  Time since last request: 19.874112 seconds.
  path: Assets/Model/pureModel/break1.prefab
  artifactKey: Guid(e24c6420ded11614a8e9e1e13cf64e6e) Importer(815301076,1909f56bfc062723c751e8b465ee728b)
Start importing Assets/Model/pureModel/break1.prefab using Guid(e24c6420ded11614a8e9e1e13cf64e6e) Importer(815301076,1909f56bfc062723c751e8b465ee728b)  -> (artifact id: 'b6c03b82788847d0587e5b275fce992c') in 0.007180 seconds 
========================================================================
Received Import Request.
  Time since last request: 5.356181 seconds.
  path: Assets/Model/pureModel/break1 1.prefab
  artifactKey: Guid(24f641b1a3cac12458c0d7ce69d9ec1d) Importer(815301076,1909f56bfc062723c751e8b465ee728b)
Start importing Assets/Model/pureModel/break1 1.prefab using Guid(24f641b1a3cac12458c0d7ce69d9ec1d) Importer(815301076,1909f56bfc062723c751e8b465ee728b)  -> (artifact id: 'cdb18c310604c8fda7b01cff0a2c6728') in 0.006482 seconds 
========================================================================
Received Import Request.
  Time since last request: 5.206699 seconds.
  path: Assets/Model/pureModel/break1 1.prefab
  artifactKey: Guid(24f641b1a3cac12458c0d7ce69d9ec1d) Importer(815301076,1909f56bfc062723c751e8b465ee728b)
Start importing Assets/Model/pureModel/break1 1.prefab using Guid(24f641b1a3cac12458c0d7ce69d9ec1d) Importer(815301076,1909f56bfc062723c751e8b465ee728b)  -> (artifact id: '3a359eea195878112f980d1e62fd7dcd') in 0.006994 seconds 
========================================================================
Received Import Request.
  Time since last request: 7.351287 seconds.
  path: Assets/Model/pureModel/break2.prefab
  artifactKey: Guid(24f641b1a3cac12458c0d7ce69d9ec1d) Importer(815301076,1909f56bfc062723c751e8b465ee728b)
Start importing Assets/Model/pureModel/break2.prefab using Guid(24f641b1a3cac12458c0d7ce69d9ec1d) Importer(815301076,1909f56bfc062723c751e8b465ee728b)  -> (artifact id: '0b94c2a528504319018453e2820ddfd6') in 0.006611 seconds 
========================================================================
Received Import Request.
  Time since last request: 3.138948 seconds.
  path: Assets/Model/pureModel/break2.prefab
  artifactKey: Guid(24f641b1a3cac12458c0d7ce69d9ec1d) Importer(815301076,1909f56bfc062723c751e8b465ee728b)
Start importing Assets/Model/pureModel/break2.prefab using Guid(24f641b1a3cac12458c0d7ce69d9ec1d) Importer(815301076,1909f56bfc062723c751e8b465ee728b)  -> (artifact id: '6848402fe6fd3e634aad173f1faefac1') in 0.008627 seconds 
========================================================================
Received Import Request.
  Time since last request: 24.405526 seconds.
  path: Assets/Model/pureModel/break2.prefab
  artifactKey: Guid(24f641b1a3cac12458c0d7ce69d9ec1d) Importer(815301076,1909f56bfc062723c751e8b465ee728b)
Start importing Assets/Model/pureModel/break2.prefab using Guid(24f641b1a3cac12458c0d7ce69d9ec1d) Importer(815301076,1909f56bfc062723c751e8b465ee728b)  -> (artifact id: '0b5f31e5cb6cf9379139b450dea523d5') in 0.005610 seconds 
========================================================================
Received Import Request.
  Time since last request: 123.500226 seconds.
  path: Assets/Model/breakBlock.prefab
  artifactKey: Guid(617efdf454965c047915de3d4d31967e) Importer(815301076,1909f56bfc062723c751e8b465ee728b)
Start importing Assets/Model/breakBlock.prefab using Guid(617efdf454965c047915de3d4d31967e) Importer(815301076,1909f56bfc062723c751e8b465ee728b)  -> (artifact id: 'a5206ca75c18bac707b81b9b6e7d1dc6') in 0.013506 seconds 
========================================================================
Received Import Request.
  Time since last request: 7.269943 seconds.
  path: Assets/Model/block.vox
  artifactKey: Guid(e8aada6f7b30c33448ff987ffc62a793) Importer(815301076,1909f56bfc062723c751e8b465ee728b)
Start importing Assets/Model/block.vox using Guid(e8aada6f7b30c33448ff987ffc62a793) Importer(815301076,1909f56bfc062723c751e8b465ee728b)  -> (artifact id: '82b6a67ecd43ffa9f6e9e44ffcf64001') in 0.002182 seconds 
========================================================================
Received Import Request.
  Time since last request: 4.440587 seconds.
  path: Assets/Model/block.prefab
  artifactKey: Guid(8a1b9f59d0618754485f3c5daa06aafc) Importer(815301076,1909f56bfc062723c751e8b465ee728b)
Start importing Assets/Model/block.prefab using Guid(8a1b9f59d0618754485f3c5daa06aafc) Importer(815301076,1909f56bfc062723c751e8b465ee728b)  -> (artifact id: 'b67482719a18e0224ce0273eb37c9583') in 0.014323 seconds 
========================================================================
Received Import Request.
  Time since last request: 10.560182 seconds.
  path: Assets/Model/pureModel/Model 0 1.prefab
  artifactKey: Guid(6a2eb858bb774dd458237183da15dc6d) Importer(815301076,1909f56bfc062723c751e8b465ee728b)
Start importing Assets/Model/pureModel/Model 0 1.prefab using Guid(6a2eb858bb774dd458237183da15dc6d) Importer(815301076,1909f56bfc062723c751e8b465ee728b)  -> (artifact id: 'ee6e4e239e4a9a702abfbcf3c30eb768') in 0.006420 seconds 
========================================================================
Received Import Request.
  Time since last request: 0.114738 seconds.
  path: Assets/Model/pureModel/Model 0 1.prefab
  artifactKey: Guid(6a2eb858bb774dd458237183da15dc6d) Importer(815301076,1909f56bfc062723c751e8b465ee728b)
Start importing Assets/Model/pureModel/Model 0 1.prefab using Guid(6a2eb858bb774dd458237183da15dc6d) Importer(815301076,1909f56bfc062723c751e8b465ee728b)  -> (artifact id: 'e91c77f34689271f8e62209764af1454') in 0.006695 seconds 
========================================================================
Received Import Request.
  Time since last request: 23.264166 seconds.
  path: Assets/Model/pureModel/tile_block2.prefab
  artifactKey: Guid(6a2eb858bb774dd458237183da15dc6d) Importer(815301076,1909f56bfc062723c751e8b465ee728b)
Start importing Assets/Model/pureModel/tile_block2.prefab using Guid(6a2eb858bb774dd458237183da15dc6d) Importer(815301076,1909f56bfc062723c751e8b465ee728b)  -> (artifact id: 'b8a9eea26557eb9a5386b26610db040b') in 0.006649 seconds 
========================================================================
Received Import Request.
  Time since last request: 396.681673 seconds.
  path: Assets/Model/block.prefab
  artifactKey: Guid(8a1b9f59d0618754485f3c5daa06aafc) Importer(815301076,1909f56bfc062723c751e8b465ee728b)
Start importing Assets/Model/block.prefab using Guid(8a1b9f59d0618754485f3c5daa06aafc) Importer(815301076,1909f56bfc062723c751e8b465ee728b)  -> (artifact id: 'd90d4fe3e745361f8af56c36405e9b64') in 0.017397 seconds 
========================================================================
Received Import Request.
  Time since last request: 7.146701 seconds.
  path: Assets/Model/tile_stair.vox
  artifactKey: Guid(3e14a01670d620449817ed902fdc1a1f) Importer(815301076,1909f56bfc062723c751e8b465ee728b)
Start importing Assets/Model/tile_stair.vox using Guid(3e14a01670d620449817ed902fdc1a1f) Importer(815301076,1909f56bfc062723c751e8b465ee728b)  -> (artifact id: '1fdc939acdfc17872915c66b27549a15') in 0.002498 seconds 
========================================================================
Received Import Request.
  Time since last request: 4.317473 seconds.
  path: Assets/Model/tile_stair.prefab
  artifactKey: Guid(628933af303473d43a6ee2101ccd7fd5) Importer(815301076,1909f56bfc062723c751e8b465ee728b)
Start importing Assets/Model/tile_stair.prefab using Guid(628933af303473d43a6ee2101ccd7fd5) Importer(815301076,1909f56bfc062723c751e8b465ee728b)  -> (artifact id: 'b2fcf093b7b875e8bfac6d79f2bbc67b') in 0.013174 seconds 
========================================================================
Received Import Request.
  Time since last request: 11.617016 seconds.
  path: Assets/Model/pureModel/Model 0 1.prefab
  artifactKey: Guid(206dfb57e47941f438f2e0d0368c977c) Importer(815301076,1909f56bfc062723c751e8b465ee728b)
Start importing Assets/Model/pureModel/Model 0 1.prefab using Guid(206dfb57e47941f438f2e0d0368c977c) Importer(815301076,1909f56bfc062723c751e8b465ee728b)  -> (artifact id: 'b423eb8cf25a564120b48b2b69aa8102') in 0.006853 seconds 
========================================================================
Received Import Request.
  Time since last request: 15.445162 seconds.
  path: Assets/Model/pureModel/Model 0 1.prefab
  artifactKey: Guid(206dfb57e47941f438f2e0d0368c977c) Importer(815301076,1909f56bfc062723c751e8b465ee728b)
Start importing Assets/Model/pureModel/Model 0 1.prefab using Guid(206dfb57e47941f438f2e0d0368c977c) Importer(815301076,1909f56bfc062723c751e8b465ee728b)  -> (artifact id: '8aec4d2e6fe4e6b45729fd8feb58d625') in 0.006999 seconds 
========================================================================
Received Import Request.
  Time since last request: 7.893387 seconds.
  path: Assets/Model/pureModel/Model 0 1.prefab
  artifactKey: Guid(206dfb57e47941f438f2e0d0368c977c) Importer(815301076,1909f56bfc062723c751e8b465ee728b)
Start importing Assets/Model/pureModel/Model 0 1.prefab using Guid(206dfb57e47941f438f2e0d0368c977c) Importer(815301076,1909f56bfc062723c751e8b465ee728b)  -> (artifact id: 'afb7b1bce55aa3f5be4e18a503831522') in 0.008325 seconds 
========================================================================
Received Import Request.
  Time since last request: 3.675432 seconds.
  path: Assets/Model/pureModel/Model 0 2.prefab
  artifactKey: Guid(3760edceb0c54c24daace3a1c8afda99) Importer(815301076,1909f56bfc062723c751e8b465ee728b)
Start importing Assets/Model/pureModel/Model 0 2.prefab using Guid(3760edceb0c54c24daace3a1c8afda99) Importer(815301076,1909f56bfc062723c751e8b465ee728b)  -> (artifact id: '8f176e587121d968d5e04516ffb94133') in 0.008784 seconds 
========================================================================
Received Import Request.
  Time since last request: 19.040328 seconds.
  path: Assets/Model/pureModel/model_stair.prefab
  artifactKey: Guid(3760edceb0c54c24daace3a1c8afda99) Importer(815301076,1909f56bfc062723c751e8b465ee728b)
Start importing Assets/Model/pureModel/model_stair.prefab using Guid(3760edceb0c54c24daace3a1c8afda99) Importer(815301076,1909f56bfc062723c751e8b465ee728b)  -> (artifact id: 'bec2370d7d81d9cfb68ce38e51e6ffcd') in 0.009866 seconds 
========================================================================
Received Import Request.
  Time since last request: 2.946596 seconds.
  path: Assets/Model/pureModel/model_stair.prefab
  artifactKey: Guid(3760edceb0c54c24daace3a1c8afda99) Importer(815301076,1909f56bfc062723c751e8b465ee728b)
Start importing Assets/Model/pureModel/model_stair.prefab using Guid(3760edceb0c54c24daace3a1c8afda99) Importer(815301076,1909f56bfc062723c751e8b465ee728b)  -> (artifact id: '0ccb85a21942ec4d9c063eeb8f28d9b3') in 0.006093 seconds 
========================================================================
Received Import Request.
  Time since last request: 113.712261 seconds.
  path: Assets/GameObject.prefab
  artifactKey: Guid(96524f8e1840e684ea2beb190d4d192f) Importer(815301076,1909f56bfc062723c751e8b465ee728b)
Start importing Assets/GameObject.prefab using Guid(96524f8e1840e684ea2beb190d4d192f) Importer(815301076,1909f56bfc062723c751e8b465ee728b)  -> (artifact id: 'dfb83bf0ad642bdf897be727ec085fcc') in 0.041603 seconds 
========================================================================
Received Import Request.
  Time since last request: 23.855490 seconds.
  path: Assets/Scenes/temp.unity
  artifactKey: Guid(aa13bbc4a829044419b3662d73e0aa39) Importer(815301076,1909f56bfc062723c751e8b465ee728b)
Start importing Assets/Scenes/temp.unity using Guid(aa13bbc4a829044419b3662d73e0aa39) Importer(815301076,1909f56bfc062723c751e8b465ee728b)  -> (artifact id: 'd6d77c5981d2c562b9498380fd4ae046') in 0.011881 seconds 
========================================================================
Received Import Request.
  Time since last request: 198.494550 seconds.
  path: Assets/Model/tile_stair.prefab
  artifactKey: Guid(628933af303473d43a6ee2101ccd7fd5) Importer(815301076,1909f56bfc062723c751e8b465ee728b)
Start importing Assets/Model/tile_stair.prefab using Guid(628933af303473d43a6ee2101ccd7fd5) Importer(815301076,1909f56bfc062723c751e8b465ee728b)  -> (artifact id: '04b0bff41e0d4c54ab7588019c11237a') in 0.017168 seconds 
========================================================================
Received Import Request.
  Time since last request: 73.653338 seconds.
  path: Assets/Model/pureModel/model_grass.prefab
  artifactKey: Guid(407b7784c70473b48b9c6b51f826f97a) Importer(815301076,1909f56bfc062723c751e8b465ee728b)
Start importing Assets/Model/pureModel/model_grass.prefab using Guid(407b7784c70473b48b9c6b51f826f97a) Importer(815301076,1909f56bfc062723c751e8b465ee728b)  -> (artifact id: '447ab0ce9d71f5f235c575bfc79afaf9') in 0.006812 seconds 
========================================================================
Received Import Request.
  Time since last request: 0.805350 seconds.
  path: Assets/Model/pureModel/model_grass.prefab
  artifactKey: Guid(407b7784c70473b48b9c6b51f826f97a) Importer(815301076,1909f56bfc062723c751e8b465ee728b)
Start importing Assets/Model/pureModel/model_grass.prefab using Guid(407b7784c70473b48b9c6b51f826f97a) Importer(815301076,1909f56bfc062723c751e8b465ee728b)  -> (artifact id: 'f0c71d756d6d3bbd036f443d8a89b78d') in 0.007539 seconds 
========================================================================
Received Import Request.
  Time since last request: 9.521904 seconds.
  path: Assets/Model/pureModel/model_tileblock.prefab
  artifactKey: Guid(6f13b5d5d8132b546a6b8dd3f1f8dad6) Importer(815301076,1909f56bfc062723c751e8b465ee728b)
Start importing Assets/Model/pureModel/model_tileblock.prefab using Guid(6f13b5d5d8132b546a6b8dd3f1f8dad6) Importer(815301076,1909f56bfc062723c751e8b465ee728b)  -> (artifact id: 'd0eb28aeadabde94dad4539f25225ddc') in 0.007464 seconds 
========================================================================
Received Import Request.
  Time since last request: 1.800128 seconds.
  path: Assets/Model/pureModel/model_tileblock.prefab
  artifactKey: Guid(6f13b5d5d8132b546a6b8dd3f1f8dad6) Importer(815301076,1909f56bfc062723c751e8b465ee728b)
Start importing Assets/Model/pureModel/model_tileblock.prefab using Guid(6f13b5d5d8132b546a6b8dd3f1f8dad6) Importer(815301076,1909f56bfc062723c751e8b465ee728b)  -> (artifact id: 'abbdbb69b542ab39eab7131cf268cbec') in 0.007242 seconds 
========================================================================
Received Import Request.
  Time since last request: 1.405917 seconds.
  path: Assets/Model/pureModel/tile_block2.prefab
  artifactKey: Guid(6a2eb858bb774dd458237183da15dc6d) Importer(815301076,1909f56bfc062723c751e8b465ee728b)
Start importing Assets/Model/pureModel/tile_block2.prefab using Guid(6a2eb858bb774dd458237183da15dc6d) Importer(815301076,1909f56bfc062723c751e8b465ee728b)  -> (artifact id: 'ec7167353be79791df23f7a297ecabde') in 0.007026 seconds 
========================================================================
Received Import Request.
  Time since last request: 0.596614 seconds.
  path: Assets/Model/pureModel/tile_block2.prefab
  artifactKey: Guid(6a2eb858bb774dd458237183da15dc6d) Importer(815301076,1909f56bfc062723c751e8b465ee728b)
Start importing Assets/Model/pureModel/tile_block2.prefab using Guid(6a2eb858bb774dd458237183da15dc6d) Importer(815301076,1909f56bfc062723c751e8b465ee728b)  -> (artifact id: '5e1f63f8a09d88a24f9b51c13ca4e655') in 0.006196 seconds 
========================================================================
Received Import Request.
  Time since last request: 1.400494 seconds.
  path: Assets/Model/pureModel/tile_block2.prefab
  artifactKey: Guid(6a2eb858bb774dd458237183da15dc6d) Importer(815301076,1909f56bfc062723c751e8b465ee728b)
Start importing Assets/Model/pureModel/tile_block2.prefab using Guid(6a2eb858bb774dd458237183da15dc6d) Importer(815301076,1909f56bfc062723c751e8b465ee728b)  -> (artifact id: 'c3852f242835e651b141b4586fa53bc2') in 0.005870 seconds 
========================================================================
Received Import Request.
  Time since last request: 1.631050 seconds.
  path: Assets/Model/pureModel/tile_glass.prefab
  artifactKey: Guid(f105b0bccfd999747b7a6e8423ab1172) Importer(815301076,1909f56bfc062723c751e8b465ee728b)
Start importing Assets/Model/pureModel/tile_glass.prefab using Guid(f105b0bccfd999747b7a6e8423ab1172) Importer(815301076,1909f56bfc062723c751e8b465ee728b)  -> (artifact id: '1028f37b3b7a230c0d8bddfacd34687e') in 0.009295 seconds 
========================================================================
Received Import Request.
  Time since last request: 3.813235 seconds.
  path: Assets/Model/pureModel/tile_glass.prefab
  artifactKey: Guid(f105b0bccfd999747b7a6e8423ab1172) Importer(815301076,1909f56bfc062723c751e8b465ee728b)
Start importing Assets/Model/pureModel/tile_glass.prefab using Guid(f105b0bccfd999747b7a6e8423ab1172) Importer(815301076,1909f56bfc062723c751e8b465ee728b)  -> (artifact id: '98c6eee21973412a5184ae78ae804401') in 0.007000 seconds 
========================================================================
Received Import Request.
  Time since last request: 5.809415 seconds.
  path: Assets/Model/pureModel/tile_block 1.prefab
  artifactKey: Guid(54734385bc3781c4f8eb16086387fd8e) Importer(815301076,1909f56bfc062723c751e8b465ee728b)
Start importing Assets/Model/pureModel/tile_block 1.prefab using Guid(54734385bc3781c4f8eb16086387fd8e) Importer(815301076,1909f56bfc062723c751e8b465ee728b)  -> (artifact id: '41048227d4787bf0574365eeacc91cc2') in 0.007487 seconds 
========================================================================
Received Import Request.
  Time since last request: 0.000023 seconds.
  path: Assets/Model/pureModel/tile_glass.prefab
  artifactKey: Guid(f105b0bccfd999747b7a6e8423ab1172) Importer(815301076,1909f56bfc062723c751e8b465ee728b)
Start importing Assets/Model/pureModel/tile_glass.prefab using Guid(f105b0bccfd999747b7a6e8423ab1172) Importer(815301076,1909f56bfc062723c751e8b465ee728b)  -> (artifact id: 'd923ac38e0f77b3e42820aff54dd13c5') in 0.007677 seconds 
========================================================================
Received Import Request.
  Time since last request: 314.530820 seconds.
  path: Assets/Model/pureModel/model_stair.prefab
  artifactKey: Guid(3760edceb0c54c24daace3a1c8afda99) Importer(815301076,1909f56bfc062723c751e8b465ee728b)
Start importing Assets/Model/pureModel/model_stair.prefab using Guid(3760edceb0c54c24daace3a1c8afda99) Importer(815301076,1909f56bfc062723c751e8b465ee728b)  -> (artifact id: '43515065bb0938a6253e5e455af72e0e') in 0.007330 seconds 
========================================================================
Received Import Request.
  Time since last request: 2.301700 seconds.
  path: Assets/Model/pureModel/model_stair.prefab
  artifactKey: Guid(3760edceb0c54c24daace3a1c8afda99) Importer(815301076,1909f56bfc062723c751e8b465ee728b)
Start importing Assets/Model/pureModel/model_stair.prefab using Guid(3760edceb0c54c24daace3a1c8afda99) Importer(815301076,1909f56bfc062723c751e8b465ee728b)  -> (artifact id: 'c45db2c9d51e126360ab23c8a76ce1d5') in 0.006797 seconds 
========================================================================
Received Import Request.
  Time since last request: 0.926620 seconds.
  path: Assets/Model/pureModel/model_stair.prefab
  artifactKey: Guid(3760edceb0c54c24daace3a1c8afda99) Importer(815301076,1909f56bfc062723c751e8b465ee728b)
Start importing Assets/Model/pureModel/model_stair.prefab using Guid(3760edceb0c54c24daace3a1c8afda99) Importer(815301076,1909f56bfc062723c751e8b465ee728b)  -> (artifact id: '13e545766a7a9c95497a79418b9e4a51') in 0.006885 seconds 
========================================================================
Received Import Request.
  Time since last request: 743.383254 seconds.
  path: Assets/GameObject.prefab
  artifactKey: Guid(96524f8e1840e684ea2beb190d4d192f) Importer(815301076,1909f56bfc062723c751e8b465ee728b)
Start importing Assets/GameObject.prefab using Guid(96524f8e1840e684ea2beb190d4d192f) Importer(815301076,1909f56bfc062723c751e8b465ee728b)  -> (artifact id: 'bd0640a4b0031af180c1d8d3a1983b84') in 0.031732 seconds 
========================================================================
Received Import Request.
  Time since last request: 10.718915 seconds.
  path: Assets/GameObject.prefab
  artifactKey: Guid(96524f8e1840e684ea2beb190d4d192f) Importer(815301076,1909f56bfc062723c751e8b465ee728b)
Start importing Assets/GameObject.prefab using Guid(96524f8e1840e684ea2beb190d4d192f) Importer(815301076,1909f56bfc062723c751e8b465ee728b)  -> (artifact id: 'ef8b8b2c9d614c31a692b9f50896d627') in 0.028896 seconds 
========================================================================
Received Import Request.
  Time since last request: 4.086969 seconds.
  path: Assets/GameObject.prefab
  artifactKey: Guid(96524f8e1840e684ea2beb190d4d192f) Importer(815301076,1909f56bfc062723c751e8b465ee728b)
Start importing Assets/GameObject.prefab using Guid(96524f8e1840e684ea2beb190d4d192f) Importer(815301076,1909f56bfc062723c751e8b465ee728b)  -> (artifact id: 'b7bc7b600ffbcf24c0976d589f674bd4') in 0.027897 seconds 
========================================================================
Received Import Request.
  Time since last request: 8.603688 seconds.
  path: Assets/GameObject.prefab
  artifactKey: Guid(96524f8e1840e684ea2beb190d4d192f) Importer(815301076,1909f56bfc062723c751e8b465ee728b)
Start importing Assets/GameObject.prefab using Guid(96524f8e1840e684ea2beb190d4d192f) Importer(815301076,1909f56bfc062723c751e8b465ee728b)  -> (artifact id: '06a7ff5b8f6e19d69eef4cecc9599bf2') in 0.022401 seconds 
========================================================================
Received Import Request.
  Time since last request: 5.349651 seconds.
  path: Assets/GameObject.prefab
  artifactKey: Guid(96524f8e1840e684ea2beb190d4d192f) Importer(815301076,1909f56bfc062723c751e8b465ee728b)
Start importing Assets/GameObject.prefab using Guid(96524f8e1840e684ea2beb190d4d192f) Importer(815301076,1909f56bfc062723c751e8b465ee728b)  -> (artifact id: '558e8889d11d9e6def9c15376f3ed39e') in 0.022896 seconds 
========================================================================
Received Import Request.
  Time since last request: 3.298444 seconds.
  path: Assets/GameObject.prefab
  artifactKey: Guid(96524f8e1840e684ea2beb190d4d192f) Importer(815301076,1909f56bfc062723c751e8b465ee728b)
Start importing Assets/GameObject.prefab using Guid(96524f8e1840e684ea2beb190d4d192f) Importer(815301076,1909f56bfc062723c751e8b465ee728b)  -> (artifact id: 'f7ec553b22eb76969d272407b17dcdbe') in 0.010003 seconds 
========================================================================
Received Prepare
Registering precompiled user dll's ...
Registered in 0.020347 seconds.
Begin MonoManager ReloadAssembly
Symbol file LoadedFromMemory doesn't match image D:\MSClub\Library\PackageCache\com.unity.visualscripting@1.7.8\Editor\VisualScripting.Core\Dependencies\YamlDotNet\Unity.VisualScripting.YamlDotNet.dll
Symbol file LoadedFromMemory doesn't match image D:\MSClub\Library\PackageCache\com.unity.visualscripting@1.7.8\Editor\VisualScripting.Core\Dependencies\DotNetZip\Unity.VisualScripting.IonicZip.dll
Native extension for UWP target not found
Native extension for WindowsStandalone target not found
Refreshing native plugins compatible for Editor in 5.33 ms, found 3 plugins.
Preloading 0 native plugins for Editor in 0.00 ms.
Mono: successfully reloaded assembly
- Completed reload, in  1.579 seconds
Domain Reload Profiling:
	ReloadAssembly (1579ms)
		BeginReloadAssembly (241ms)
			ExecutionOrderSort (0ms)
			DisableScriptedObjects (7ms)
			BackupInstance (0ms)
			ReleaseScriptingObjects (0ms)
			CreateAndSetChildDomain (108ms)
		EndReloadAssembly (1244ms)
			LoadAssemblies (115ms)
			RebuildTransferFunctionScriptingTraits (0ms)
			SetupTypeCache (285ms)
			ReleaseScriptCaches (2ms)
			RebuildScriptCaches (44ms)
			SetupLoadedEditorAssemblies (755ms)
				LogAssemblyErrors (0ms)
				InitializePlatformSupportModulesInManaged (14ms)
				SetLoadedEditorAssemblies (1ms)
				RefreshPlugins (5ms)
				BeforeProcessingInitializeOnLoad (103ms)
				ProcessInitializeOnLoadAttributes (545ms)
				ProcessInitializeOnLoadMethodAttributes (74ms)
				AfterProcessingInitializeOnLoad (12ms)
				EditorAssembliesLoaded (0ms)
			ExecutionOrderSort2 (0ms)
			AwakeInstancesAfterBackupRestoration (8ms)
Platform modules already initialized, skipping
Shader 'Custom/CloudShader': fallback shader 'Particles/VertexLit' not found
Refreshing native plugins compatible for Editor in 6.57 ms, found 3 plugins.
Preloading 0 native plugins for Editor in 0.00 ms.
Unloading 5733 Unused Serialized files (Serialized files now loaded: 0)
Unloading 42 unused Assets / (2.2 MB). Loaded Objects now: 6421.
Memory consumption went from 289.1 MB to 286.8 MB.
Total: 5.889500 ms (FindLiveObjects: 0.579800 ms CreateObjectMapping: 0.315300 ms MarkObjects: 4.296500 ms  DeleteObjects: 0.696700 ms)

AssetImportParameters requested are different than current active one (requested -> active):
  custom:video-decoder-ogg-theora: a1e56fd34408186e4bbccfd4996cb3dc -> 
  custom:container-muxer-webm: aa71ff27fc2769a1b78a27578f13a17b -> 
  custom:container-demuxer-webm: 4f35f7cbe854078d1ac9338744f61a02 -> 
  custom:video-encoder-webm-vp8: eb34c28f22e8b96e1ab97ce403110664 -> 
  custom:video-codec-MediaFoundation-h265: 746d11721c4dcdbdad8f713fa42b33f4 -> 
  custom:audio-encoder-webm-vorbis: bf7c407c2cedff20999df2af8eb42d56 -> 
  custom:framework-win-MediaFoundation: 216162199b28c13a410421893ffa2e32 -> 
  custom:container-demuxer-ogg: 62fdf1f143b41e24485cea50d1cbac27 -> 
  custom:video-decoder-webm-vp8: 9c59270c3fd7afecdb556c50c9e8de78 -> 
  custom:audio-decoder-ogg-vorbis: bf7c407c2cedff20999df2af8eb42d56 -> 
========================================================================
Received Prepare
Registering precompiled user dll's ...
Registered in 0.014986 seconds.
Begin MonoManager ReloadAssembly
Symbol file LoadedFromMemory doesn't match image D:\MSClub\Library\PackageCache\com.unity.visualscripting@1.7.8\Editor\VisualScripting.Core\Dependencies\YamlDotNet\Unity.VisualScripting.YamlDotNet.dll
Symbol file LoadedFromMemory doesn't match image D:\MSClub\Library\PackageCache\com.unity.visualscripting@1.7.8\Editor\VisualScripting.Core\Dependencies\DotNetZip\Unity.VisualScripting.IonicZip.dll
Native extension for UWP target not found
Native extension for WindowsStandalone target not found
Refreshing native plugins compatible for Editor in 4.93 ms, found 3 plugins.
Preloading 0 native plugins for Editor in 0.00 ms.
Mono: successfully reloaded assembly
- Completed reload, in  1.390 seconds
Domain Reload Profiling:
	ReloadAssembly (1391ms)
		BeginReloadAssembly (151ms)
			ExecutionOrderSort (0ms)
			DisableScriptedObjects (4ms)
			BackupInstance (0ms)
			ReleaseScriptingObjects (0ms)
			CreateAndSetChildDomain (42ms)
		EndReloadAssembly (1133ms)
			LoadAssemblies (118ms)
			RebuildTransferFunctionScriptingTraits (0ms)
			SetupTypeCache (262ms)
			ReleaseScriptCaches (2ms)
			RebuildScriptCaches (47ms)
			SetupLoadedEditorAssemblies (667ms)
				LogAssemblyErrors (0ms)
				InitializePlatformSupportModulesInManaged (13ms)
				SetLoadedEditorAssemblies (0ms)
				RefreshPlugins (5ms)
				BeforeProcessingInitializeOnLoad (79ms)
				ProcessInitializeOnLoadAttributes (484ms)
				ProcessInitializeOnLoadMethodAttributes (74ms)
				AfterProcessingInitializeOnLoad (11ms)
				EditorAssembliesLoaded (0ms)
			ExecutionOrderSort2 (0ms)
			AwakeInstancesAfterBackupRestoration (8ms)
Platform modules already initialized, skipping
Shader 'Custom/CloudShader': fallback shader 'Particles/VertexLit' not found
Refreshing native plugins compatible for Editor in 8.58 ms, found 3 plugins.
Preloading 0 native plugins for Editor in 0.00 ms.
Unloading 5733 Unused Serialized files (Serialized files now loaded: 0)
Unloading 42 unused Assets / (2.3 MB). Loaded Objects now: 6424.
Memory consumption went from 289.1 MB to 286.9 MB.
Total: 5.167800 ms (FindLiveObjects: 0.527700 ms CreateObjectMapping: 0.193500 ms MarkObjects: 3.587500 ms  DeleteObjects: 0.857300 ms)

AssetImportParameters requested are different than current active one (requested -> active):
  custom:video-decoder-ogg-theora: a1e56fd34408186e4bbccfd4996cb3dc -> 
  custom:container-muxer-webm: aa71ff27fc2769a1b78a27578f13a17b -> 
  custom:container-demuxer-webm: 4f35f7cbe854078d1ac9338744f61a02 -> 
  custom:video-encoder-webm-vp8: eb34c28f22e8b96e1ab97ce403110664 -> 
  custom:video-codec-MediaFoundation-h265: 746d11721c4dcdbdad8f713fa42b33f4 -> 
  custom:audio-encoder-webm-vorbis: bf7c407c2cedff20999df2af8eb42d56 -> 
  custom:framework-win-MediaFoundation: 216162199b28c13a410421893ffa2e32 -> 
  custom:container-demuxer-ogg: 62fdf1f143b41e24485cea50d1cbac27 -> 
  custom:video-decoder-webm-vp8: 9c59270c3fd7afecdb556c50c9e8de78 -> 
  custom:audio-decoder-ogg-vorbis: bf7c407c2cedff20999df2af8eb42d56 -> 
========================================================================
Received Prepare
Registering precompiled user dll's ...
Registered in 0.020427 seconds.
Begin MonoManager ReloadAssembly
Symbol file LoadedFromMemory doesn't match image D:\MSClub\Library\PackageCache\com.unity.visualscripting@1.7.8\Editor\VisualScripting.Core\Dependencies\YamlDotNet\Unity.VisualScripting.YamlDotNet.dll
Symbol file LoadedFromMemory doesn't match image D:\MSClub\Library\PackageCache\com.unity.visualscripting@1.7.8\Editor\VisualScripting.Core\Dependencies\DotNetZip\Unity.VisualScripting.IonicZip.dll
Native extension for UWP target not found
Native extension for WindowsStandalone target not found
Refreshing native plugins compatible for Editor in 4.59 ms, found 3 plugins.
Preloading 0 native plugins for Editor in 0.00 ms.
Mono: successfully reloaded assembly
- Completed reload, in  1.348 seconds
Domain Reload Profiling:
	ReloadAssembly (1349ms)
		BeginReloadAssembly (155ms)
			ExecutionOrderSort (0ms)
			DisableScriptedObjects (3ms)
			BackupInstance (0ms)
			ReleaseScriptingObjects (0ms)
			CreateAndSetChildDomain (46ms)
		EndReloadAssembly (1101ms)
			LoadAssemblies (119ms)
			RebuildTransferFunctionScriptingTraits (0ms)
			SetupTypeCache (242ms)
			ReleaseScriptCaches (2ms)
			RebuildScriptCaches (43ms)
			SetupLoadedEditorAssemblies (649ms)
				LogAssemblyErrors (0ms)
				InitializePlatformSupportModulesInManaged (11ms)
				SetLoadedEditorAssemblies (0ms)
				RefreshPlugins (5ms)
				BeforeProcessingInitializeOnLoad (90ms)
				ProcessInitializeOnLoadAttributes (443ms)
				ProcessInitializeOnLoadMethodAttributes (83ms)
				AfterProcessingInitializeOnLoad (17ms)
				EditorAssembliesLoaded (0ms)
			ExecutionOrderSort2 (0ms)
			AwakeInstancesAfterBackupRestoration (9ms)
Platform modules already initialized, skipping
Shader 'Custom/CloudShader': fallback shader 'Particles/VertexLit' not found
Refreshing native plugins compatible for Editor in 6.87 ms, found 3 plugins.
Preloading 0 native plugins for Editor in 0.00 ms.
Unloading 5733 Unused Serialized files (Serialized files now loaded: 0)
Unloading 42 unused Assets / (2.2 MB). Loaded Objects now: 6427.
Memory consumption went from 289.1 MB to 286.9 MB.
Total: 4.509600 ms (FindLiveObjects: 0.680400 ms CreateObjectMapping: 0.159800 ms MarkObjects: 2.931600 ms  DeleteObjects: 0.736500 ms)

AssetImportParameters requested are different than current active one (requested -> active):
  custom:video-decoder-ogg-theora: a1e56fd34408186e4bbccfd4996cb3dc -> 
  custom:container-muxer-webm: aa71ff27fc2769a1b78a27578f13a17b -> 
  custom:container-demuxer-webm: 4f35f7cbe854078d1ac9338744f61a02 -> 
  custom:video-encoder-webm-vp8: eb34c28f22e8b96e1ab97ce403110664 -> 
  custom:video-codec-MediaFoundation-h265: 746d11721c4dcdbdad8f713fa42b33f4 -> 
  custom:audio-encoder-webm-vorbis: bf7c407c2cedff20999df2af8eb42d56 -> 
  custom:framework-win-MediaFoundation: 216162199b28c13a410421893ffa2e32 -> 
  custom:container-demuxer-ogg: 62fdf1f143b41e24485cea50d1cbac27 -> 
  custom:video-decoder-webm-vp8: 9c59270c3fd7afecdb556c50c9e8de78 -> 
  custom:audio-decoder-ogg-vorbis: bf7c407c2cedff20999df2af8eb42d56 -> 
========================================================================
Received Prepare
Registering precompiled user dll's ...
Registered in 0.013769 seconds.
Begin MonoManager ReloadAssembly
Symbol file LoadedFromMemory doesn't match image D:\MSClub\Library\PackageCache\com.unity.visualscripting@1.7.8\Editor\VisualScripting.Core\Dependencies\YamlDotNet\Unity.VisualScripting.YamlDotNet.dll
Symbol file LoadedFromMemory doesn't match image D:\MSClub\Library\PackageCache\com.unity.visualscripting@1.7.8\Editor\VisualScripting.Core\Dependencies\DotNetZip\Unity.VisualScripting.IonicZip.dll
Native extension for UWP target not found
Native extension for WindowsStandalone target not found
Refreshing native plugins compatible for Editor in 4.80 ms, found 3 plugins.
Preloading 0 native plugins for Editor in 0.00 ms.
Mono: successfully reloaded assembly
- Completed reload, in  1.321 seconds
Domain Reload Profiling:
	ReloadAssembly (1322ms)
		BeginReloadAssembly (143ms)
			ExecutionOrderSort (0ms)
			DisableScriptedObjects (3ms)
			BackupInstance (0ms)
			ReleaseScriptingObjects (0ms)
			CreateAndSetChildDomain (41ms)
		EndReloadAssembly (1084ms)
			LoadAssemblies (118ms)
			RebuildTransferFunctionScriptingTraits (0ms)
			SetupTypeCache (264ms)
			ReleaseScriptCaches (2ms)
			RebuildScriptCaches (41ms)
			SetupLoadedEditorAssemblies (624ms)
				LogAssemblyErrors (0ms)
				InitializePlatformSupportModulesInManaged (11ms)
				SetLoadedEditorAssemblies (0ms)
				RefreshPlugins (5ms)
				BeforeProcessingInitializeOnLoad (75ms)
				ProcessInitializeOnLoadAttributes (459ms)
				ProcessInitializeOnLoadMethodAttributes (60ms)
				AfterProcessingInitializeOnLoad (14ms)
				EditorAssembliesLoaded (0ms)
			ExecutionOrderSort2 (0ms)
			AwakeInstancesAfterBackupRestoration (7ms)
Platform modules already initialized, skipping
Shader 'Custom/CloudShader': fallback shader 'Particles/VertexLit' not found
Refreshing native plugins compatible for Editor in 6.82 ms, found 3 plugins.
Preloading 0 native plugins for Editor in 0.00 ms.
Unloading 5733 Unused Serialized files (Serialized files now loaded: 0)
Unloading 42 unused Assets / (2.3 MB). Loaded Objects now: 6430.
Memory consumption went from 289.1 MB to 286.9 MB.
Total: 3.906400 ms (FindLiveObjects: 0.422600 ms CreateObjectMapping: 0.106700 ms MarkObjects: 2.587000 ms  DeleteObjects: 0.789000 ms)

AssetImportParameters requested are different than current active one (requested -> active):
  custom:video-decoder-ogg-theora: a1e56fd34408186e4bbccfd4996cb3dc -> 
  custom:container-muxer-webm: aa71ff27fc2769a1b78a27578f13a17b -> 
  custom:container-demuxer-webm: 4f35f7cbe854078d1ac9338744f61a02 -> 
  custom:video-encoder-webm-vp8: eb34c28f22e8b96e1ab97ce403110664 -> 
  custom:video-codec-MediaFoundation-h265: 746d11721c4dcdbdad8f713fa42b33f4 -> 
  custom:audio-encoder-webm-vorbis: bf7c407c2cedff20999df2af8eb42d56 -> 
  custom:framework-win-MediaFoundation: 216162199b28c13a410421893ffa2e32 -> 
  custom:container-demuxer-ogg: 62fdf1f143b41e24485cea50d1cbac27 -> 
  custom:video-decoder-webm-vp8: 9c59270c3fd7afecdb556c50c9e8de78 -> 
  custom:audio-decoder-ogg-vorbis: bf7c407c2cedff20999df2af8eb42d56 -> 
